<?xml version="1.0" encoding="UTF-8"?>
<!-- Generated by org.testng.reporters.JUnitXMLReporter -->
<testsuite ignored="0" hostname="DESKTOP-OMVRQ0A" failures="84" tests="85" name="UnifiedJavaAPI" time="35.906" errors="0" timestamp="2023-12-13T15:26:17 IST">
  <testcase classname="Auth.ValidateOtp" name="postValOtp" time="3.392"/>
  <testcase classname="Master.DraftCase" name="getDraftCase" time="0.79">
    <failure type="java.lang.AssertionError" message="1 expectation failed.
Response body doesn&amp;apos;t match expectation.
Expected: The content to match the given JSON schema.
error: object has missing required properties ([&amp;quot;data&amp;quot;])
    level: &amp;quot;error&amp;quot;
    schema: {&amp;quot;loadingURI&amp;quot;:&amp;quot;file:/C:/Users/Kiran/Unified/UnifiedAPI/target/test-classes/MasterJsonSchema%5Cdraft.json#&amp;quot;,&amp;quot;pointer&amp;quot;:&amp;quot;&amp;quot;}
    instance: {&amp;quot;pointer&amp;quot;:&amp;quot;&amp;quot;}
    domain: &amp;quot;validation&amp;quot;
    keyword: &amp;quot;required&amp;quot;
    required: [&amp;quot;data&amp;quot;,&amp;quot;message&amp;quot;,&amp;quot;status&amp;quot;]
    missing: [&amp;quot;data&amp;quot;]

  Actual: {&amp;quot;path&amp;quot;:&amp;quot;/api/v1/cases/draft&amp;quot;,&amp;quot;error&amp;quot;:&amp;quot;Unauthorized&amp;quot;,&amp;quot;message&amp;quot;:&amp;quot;Full authentication is required to access this resource&amp;quot;,&amp;quot;status&amp;quot;:401}
">
      <![CDATA[java.lang.AssertionError: 1 expectation failed.
Response body doesn't match expectation.
Expected: The content to match the given JSON schema.
error: object has missing required properties (["data"])
    level: "error"
    schema: {"loadingURI":"file:/C:/Users/Kiran/Unified/UnifiedAPI/target/test-classes/MasterJsonSchema%5Cdraft.json#","pointer":""}
    instance: {"pointer":""}
    domain: "validation"
    keyword: "required"
    required: ["data","message","status"]
    missing: ["data"]

  Actual: {"path":"/api/v1/cases/draft","error":"Unauthorized","message":"Full authentication is required to access this resource","status":401}

at org.codehaus.groovy.runtime.callsite.ConstructorSite$ConstructorSiteNoUnwrapNoCoerce.callConstructor(ConstructorSite.java:108)
at org.codehaus.groovy.runtime.callsite.CallSiteArray.defaultCallConstructor(CallSiteArray.java:57)
at org.codehaus.groovy.runtime.callsite.AbstractCallSite.callConstructor(AbstractCallSite.java:263)
at org.codehaus.groovy.runtime.callsite.AbstractCallSite.callConstructor(AbstractCallSite.java:277)
at io.restassured.internal.ResponseSpecificationImpl$HamcrestAssertionClosure.validate(ResponseSpecificationImpl.groovy:512)
at io.restassured.internal.ResponseSpecificationImpl$HamcrestAssertionClosure$validate$1.call(Unknown Source)
at org.codehaus.groovy.runtime.callsite.CallSiteArray.defaultCall(CallSiteArray.java:45)
at org.codehaus.groovy.runtime.callsite.AbstractCallSite.call(AbstractCallSite.java:125)
at org.codehaus.groovy.runtime.callsite.AbstractCallSite.call(AbstractCallSite.java:139)
at io.restassured.internal.ResponseSpecificationImpl.validateResponseIfRequired(ResponseSpecificationImpl.groovy:696)
at io.restassured.internal.ResponseSpecificationImpl.this$2$validateResponseIfRequired(ResponseSpecificationImpl.groovy)
at org.codehaus.groovy.runtime.callsite.PlainObjectMetaMethodSite.doInvoke(PlainObjectMetaMethodSite.java:43)
at org.codehaus.groovy.runtime.callsite.PogoMetaMethodSite$PogoCachedMethodSiteNoUnwrapNoCoerce.invoke(PogoMetaMethodSite.java:198)
at org.codehaus.groovy.runtime.callsite.PogoMetaMethodSite.callCurrent(PogoMetaMethodSite.java:62)
at org.codehaus.groovy.runtime.callsite.CallSiteArray.defaultCallCurrent(CallSiteArray.java:49)
at org.codehaus.groovy.runtime.callsite.AbstractCallSite.callCurrent(AbstractCallSite.java:171)
at org.codehaus.groovy.runtime.callsite.AbstractCallSite.callCurrent(AbstractCallSite.java:185)
at io.restassured.internal.ResponseSpecificationImpl.body(ResponseSpecificationImpl.groovy:107)
at io.restassured.internal.ValidatableResponseOptionsImpl.body(ValidatableResponseOptionsImpl.java:238)
at Master.DraftCase.getDraftCase(DraftCase.java:27)
at java.base/java.util.ArrayList.forEach(ArrayList.java:1511)
... Removed 31 stack frames]]>
    </failure>
  </testcase> <!-- getDraftCase -->
  <testcase classname="Master.CaseDetails" name="getCaseDetails" time="0.126">
    <failure type="java.lang.AssertionError" message="1 expectation failed.
Response body doesn&amp;apos;t match expectation.
Expected: The content to match the given JSON schema.
error: object has missing required properties ([&amp;quot;data&amp;quot;])
    level: &amp;quot;error&amp;quot;
    schema: {&amp;quot;loadingURI&amp;quot;:&amp;quot;file:/C:/Users/Kiran/Unified/UnifiedAPI/target/test-classes/MasterJsonSchema%5Ccase_details.json#&amp;quot;,&amp;quot;pointer&amp;quot;:&amp;quot;&amp;quot;}
    instance: {&amp;quot;pointer&amp;quot;:&amp;quot;&amp;quot;}
    domain: &amp;quot;validation&amp;quot;
    keyword: &amp;quot;required&amp;quot;
    required: [&amp;quot;data&amp;quot;,&amp;quot;message&amp;quot;,&amp;quot;status&amp;quot;]
    missing: [&amp;quot;data&amp;quot;]

  Actual: {&amp;quot;path&amp;quot;:&amp;quot;/api/v1/cases/10/details&amp;quot;,&amp;quot;error&amp;quot;:&amp;quot;Unauthorized&amp;quot;,&amp;quot;message&amp;quot;:&amp;quot;Full authentication is required to access this resource&amp;quot;,&amp;quot;status&amp;quot;:401}
">
      <![CDATA[java.lang.AssertionError: 1 expectation failed.
Response body doesn't match expectation.
Expected: The content to match the given JSON schema.
error: object has missing required properties (["data"])
    level: "error"
    schema: {"loadingURI":"file:/C:/Users/Kiran/Unified/UnifiedAPI/target/test-classes/MasterJsonSchema%5Ccase_details.json#","pointer":""}
    instance: {"pointer":""}
    domain: "validation"
    keyword: "required"
    required: ["data","message","status"]
    missing: ["data"]

  Actual: {"path":"/api/v1/cases/10/details","error":"Unauthorized","message":"Full authentication is required to access this resource","status":401}

at org.codehaus.groovy.runtime.callsite.ConstructorSite$ConstructorSiteNoUnwrapNoCoerce.callConstructor(ConstructorSite.java:108)
at org.codehaus.groovy.runtime.callsite.AbstractCallSite.callConstructor(AbstractCallSite.java:277)
at io.restassured.internal.ResponseSpecificationImpl$HamcrestAssertionClosure.validate(ResponseSpecificationImpl.groovy:512)
at io.restassured.internal.ResponseSpecificationImpl$HamcrestAssertionClosure$validate$1.call(Unknown Source)
at io.restassured.internal.ResponseSpecificationImpl.validateResponseIfRequired(ResponseSpecificationImpl.groovy:696)
at io.restassured.internal.ResponseSpecificationImpl.this$2$validateResponseIfRequired(ResponseSpecificationImpl.groovy)
at org.codehaus.groovy.runtime.callsite.PlainObjectMetaMethodSite.doInvoke(PlainObjectMetaMethodSite.java:43)
at org.codehaus.groovy.runtime.callsite.PogoMetaMethodSite$PogoCachedMethodSiteNoUnwrapNoCoerce.invoke(PogoMetaMethodSite.java:198)
at org.codehaus.groovy.runtime.callsite.PogoMetaMethodSite.callCurrent(PogoMetaMethodSite.java:62)
at org.codehaus.groovy.runtime.callsite.AbstractCallSite.callCurrent(AbstractCallSite.java:185)
at io.restassured.internal.ResponseSpecificationImpl.body(ResponseSpecificationImpl.groovy:107)
at io.restassured.internal.ValidatableResponseOptionsImpl.body(ValidatableResponseOptionsImpl.java:238)
at Master.CaseDetails.getCaseDetails(CaseDetails.java:37)
at java.base/java.util.ArrayList.forEach(ArrayList.java:1511)
... Removed 31 stack frames]]>
    </failure>
  </testcase> <!-- getCaseDetails -->
  <testcase classname="Master.UserFarm" name="getUser_farm" time="0.107">
    <failure type="java.lang.AssertionError" message="1 expectation failed.
Response body doesn&amp;apos;t match expectation.
Expected: The content to match the given JSON schema.
error: object has missing required properties ([&amp;quot;data&amp;quot;])
    level: &amp;quot;error&amp;quot;
    schema: {&amp;quot;loadingURI&amp;quot;:&amp;quot;file:/C:/Users/Kiran/Unified/UnifiedAPI/target/test-classes/MasterJsonSchema%5CUser_farm.json#&amp;quot;,&amp;quot;pointer&amp;quot;:&amp;quot;&amp;quot;}
    instance: {&amp;quot;pointer&amp;quot;:&amp;quot;&amp;quot;}
    domain: &amp;quot;validation&amp;quot;
    keyword: &amp;quot;required&amp;quot;
    required: [&amp;quot;data&amp;quot;,&amp;quot;message&amp;quot;,&amp;quot;status&amp;quot;]
    missing: [&amp;quot;data&amp;quot;]

  Actual: {&amp;quot;path&amp;quot;:&amp;quot;/api/v1/users/farms&amp;quot;,&amp;quot;error&amp;quot;:&amp;quot;Unauthorized&amp;quot;,&amp;quot;message&amp;quot;:&amp;quot;Full authentication is required to access this resource&amp;quot;,&amp;quot;status&amp;quot;:401}
">
      <![CDATA[java.lang.AssertionError: 1 expectation failed.
Response body doesn't match expectation.
Expected: The content to match the given JSON schema.
error: object has missing required properties (["data"])
    level: "error"
    schema: {"loadingURI":"file:/C:/Users/Kiran/Unified/UnifiedAPI/target/test-classes/MasterJsonSchema%5CUser_farm.json#","pointer":""}
    instance: {"pointer":""}
    domain: "validation"
    keyword: "required"
    required: ["data","message","status"]
    missing: ["data"]

  Actual: {"path":"/api/v1/users/farms","error":"Unauthorized","message":"Full authentication is required to access this resource","status":401}

at org.codehaus.groovy.runtime.callsite.ConstructorSite$ConstructorSiteNoUnwrapNoCoerce.callConstructor(ConstructorSite.java:108)
at org.codehaus.groovy.runtime.callsite.AbstractCallSite.callConstructor(AbstractCallSite.java:277)
at io.restassured.internal.ResponseSpecificationImpl$HamcrestAssertionClosure.validate(ResponseSpecificationImpl.groovy:512)
at io.restassured.internal.ResponseSpecificationImpl$HamcrestAssertionClosure$validate$1.call(Unknown Source)
at io.restassured.internal.ResponseSpecificationImpl.validateResponseIfRequired(ResponseSpecificationImpl.groovy:696)
at io.restassured.internal.ResponseSpecificationImpl.this$2$validateResponseIfRequired(ResponseSpecificationImpl.groovy)
at org.codehaus.groovy.runtime.callsite.PlainObjectMetaMethodSite.doInvoke(PlainObjectMetaMethodSite.java:43)
at org.codehaus.groovy.runtime.callsite.PogoMetaMethodSite$PogoCachedMethodSiteNoUnwrapNoCoerce.invoke(PogoMetaMethodSite.java:198)
at org.codehaus.groovy.runtime.callsite.PogoMetaMethodSite.callCurrent(PogoMetaMethodSite.java:62)
at org.codehaus.groovy.runtime.callsite.AbstractCallSite.callCurrent(AbstractCallSite.java:185)
at io.restassured.internal.ResponseSpecificationImpl.body(ResponseSpecificationImpl.groovy:107)
at io.restassured.internal.ValidatableResponseOptionsImpl.body(ValidatableResponseOptionsImpl.java:238)
at Master.UserFarm.getUser_farm(UserFarm.java:28)
at java.base/java.util.ArrayList.forEach(ArrayList.java:1511)
... Removed 31 stack frames]]>
    </failure>
  </testcase> <!-- getUser_farm -->
  <testcase classname="Master.States" name="getState" time="0.128">
    <failure type="java.lang.AssertionError" message="1 expectation failed.
Response body doesn&amp;apos;t match expectation.
Expected: The content to match the given JSON schema.
error: object has missing required properties ([&amp;quot;data&amp;quot;])
    level: &amp;quot;error&amp;quot;
    schema: {&amp;quot;loadingURI&amp;quot;:&amp;quot;file:/C:/Users/Kiran/Unified/UnifiedAPI/target/test-classes/MasterJsonSchema%5Cstate.json#&amp;quot;,&amp;quot;pointer&amp;quot;:&amp;quot;&amp;quot;}
    instance: {&amp;quot;pointer&amp;quot;:&amp;quot;&amp;quot;}
    domain: &amp;quot;validation&amp;quot;
    keyword: &amp;quot;required&amp;quot;
    required: [&amp;quot;data&amp;quot;,&amp;quot;message&amp;quot;,&amp;quot;status&amp;quot;]
    missing: [&amp;quot;data&amp;quot;]

  Actual: {&amp;quot;path&amp;quot;:&amp;quot;/api/v1/states&amp;quot;,&amp;quot;error&amp;quot;:&amp;quot;Unauthorized&amp;quot;,&amp;quot;message&amp;quot;:&amp;quot;Full authentication is required to access this resource&amp;quot;,&amp;quot;status&amp;quot;:401}
">
      <![CDATA[java.lang.AssertionError: 1 expectation failed.
Response body doesn't match expectation.
Expected: The content to match the given JSON schema.
error: object has missing required properties (["data"])
    level: "error"
    schema: {"loadingURI":"file:/C:/Users/Kiran/Unified/UnifiedAPI/target/test-classes/MasterJsonSchema%5Cstate.json#","pointer":""}
    instance: {"pointer":""}
    domain: "validation"
    keyword: "required"
    required: ["data","message","status"]
    missing: ["data"]

  Actual: {"path":"/api/v1/states","error":"Unauthorized","message":"Full authentication is required to access this resource","status":401}

at org.codehaus.groovy.runtime.callsite.ConstructorSite$ConstructorSiteNoUnwrapNoCoerce.callConstructor(ConstructorSite.java:108)
at org.codehaus.groovy.runtime.callsite.AbstractCallSite.callConstructor(AbstractCallSite.java:277)
at io.restassured.internal.ResponseSpecificationImpl$HamcrestAssertionClosure.validate(ResponseSpecificationImpl.groovy:512)
at io.restassured.internal.ResponseSpecificationImpl$HamcrestAssertionClosure$validate$1.call(Unknown Source)
at io.restassured.internal.ResponseSpecificationImpl.validateResponseIfRequired(ResponseSpecificationImpl.groovy:696)
at io.restassured.internal.ResponseSpecificationImpl.this$2$validateResponseIfRequired(ResponseSpecificationImpl.groovy)
at org.codehaus.groovy.runtime.callsite.PlainObjectMetaMethodSite.doInvoke(PlainObjectMetaMethodSite.java:43)
at org.codehaus.groovy.runtime.callsite.PogoMetaMethodSite$PogoCachedMethodSiteNoUnwrapNoCoerce.invoke(PogoMetaMethodSite.java:198)
at org.codehaus.groovy.runtime.callsite.PogoMetaMethodSite.callCurrent(PogoMetaMethodSite.java:62)
at org.codehaus.groovy.runtime.callsite.AbstractCallSite.callCurrent(AbstractCallSite.java:185)
at io.restassured.internal.ResponseSpecificationImpl.body(ResponseSpecificationImpl.groovy:107)
at io.restassured.internal.ValidatableResponseOptionsImpl.body(ValidatableResponseOptionsImpl.java:238)
at Master.States.getState(States.java:29)
at java.base/java.util.ArrayList.forEach(ArrayList.java:1511)
... Removed 31 stack frames]]>
    </failure>
  </testcase> <!-- getState -->
  <testcase classname="Master.Warehouses" name="getWarehouse" time="0.114">
    <failure type="java.lang.AssertionError" message="1 expectation failed.
Response body doesn&amp;apos;t match expectation.
Expected: The content to match the given JSON schema.
error: object has missing required properties ([&amp;quot;data&amp;quot;])
    level: &amp;quot;error&amp;quot;
    schema: {&amp;quot;loadingURI&amp;quot;:&amp;quot;file:/C:/Users/Kiran/Unified/UnifiedAPI/target/test-classes/MasterJsonSchema%5CWarehouse.json#&amp;quot;,&amp;quot;pointer&amp;quot;:&amp;quot;&amp;quot;}
    instance: {&amp;quot;pointer&amp;quot;:&amp;quot;&amp;quot;}
    domain: &amp;quot;validation&amp;quot;
    keyword: &amp;quot;required&amp;quot;
    required: [&amp;quot;data&amp;quot;,&amp;quot;message&amp;quot;,&amp;quot;status&amp;quot;]
    missing: [&amp;quot;data&amp;quot;]

  Actual: {&amp;quot;path&amp;quot;:&amp;quot;/api/v1/warehouses/autocomplete&amp;quot;,&amp;quot;error&amp;quot;:&amp;quot;Unauthorized&amp;quot;,&amp;quot;message&amp;quot;:&amp;quot;Full authentication is required to access this resource&amp;quot;,&amp;quot;status&amp;quot;:401}
">
      <![CDATA[java.lang.AssertionError: 1 expectation failed.
Response body doesn't match expectation.
Expected: The content to match the given JSON schema.
error: object has missing required properties (["data"])
    level: "error"
    schema: {"loadingURI":"file:/C:/Users/Kiran/Unified/UnifiedAPI/target/test-classes/MasterJsonSchema%5CWarehouse.json#","pointer":""}
    instance: {"pointer":""}
    domain: "validation"
    keyword: "required"
    required: ["data","message","status"]
    missing: ["data"]

  Actual: {"path":"/api/v1/warehouses/autocomplete","error":"Unauthorized","message":"Full authentication is required to access this resource","status":401}

at org.codehaus.groovy.runtime.callsite.ConstructorSite$ConstructorSiteNoUnwrapNoCoerce.callConstructor(ConstructorSite.java:108)
at org.codehaus.groovy.runtime.callsite.AbstractCallSite.callConstructor(AbstractCallSite.java:277)
at io.restassured.internal.ResponseSpecificationImpl$HamcrestAssertionClosure.validate(ResponseSpecificationImpl.groovy:512)
at io.restassured.internal.ResponseSpecificationImpl$HamcrestAssertionClosure$validate$1.call(Unknown Source)
at io.restassured.internal.ResponseSpecificationImpl.validateResponseIfRequired(ResponseSpecificationImpl.groovy:696)
at io.restassured.internal.ResponseSpecificationImpl.this$2$validateResponseIfRequired(ResponseSpecificationImpl.groovy)
at org.codehaus.groovy.runtime.callsite.PlainObjectMetaMethodSite.doInvoke(PlainObjectMetaMethodSite.java:43)
at org.codehaus.groovy.runtime.callsite.PogoMetaMethodSite$PogoCachedMethodSiteNoUnwrapNoCoerce.invoke(PogoMetaMethodSite.java:198)
at org.codehaus.groovy.runtime.callsite.PogoMetaMethodSite.callCurrent(PogoMetaMethodSite.java:62)
at org.codehaus.groovy.runtime.callsite.AbstractCallSite.callCurrent(AbstractCallSite.java:185)
at io.restassured.internal.ResponseSpecificationImpl.body(ResponseSpecificationImpl.groovy:107)
at io.restassured.internal.ValidatableResponseOptionsImpl.body(ValidatableResponseOptionsImpl.java:238)
at Master.Warehouses.getWarehouse(Warehouses.java:28)
at java.base/java.util.ArrayList.forEach(ArrayList.java:1511)
... Removed 31 stack frames]]>
    </failure>
  </testcase> <!-- getWarehouse -->
  <testcase classname="Master.SearchCommodity" name="getSearch_commodity" time="0.127">
    <failure type="java.lang.AssertionError" message="1 expectation failed.
Response body doesn&amp;apos;t match expectation.
Expected: The content to match the given JSON schema.
error: object has missing required properties ([&amp;quot;data&amp;quot;,&amp;quot;pagination&amp;quot;])
    level: &amp;quot;error&amp;quot;
    schema: {&amp;quot;loadingURI&amp;quot;:&amp;quot;file:/C:/Users/Kiran/Unified/UnifiedAPI/target/test-classes/MasterJsonSchema%5CSearch_commodity.json#&amp;quot;,&amp;quot;pointer&amp;quot;:&amp;quot;&amp;quot;}
    instance: {&amp;quot;pointer&amp;quot;:&amp;quot;&amp;quot;}
    domain: &amp;quot;validation&amp;quot;
    keyword: &amp;quot;required&amp;quot;
    required: [&amp;quot;data&amp;quot;,&amp;quot;message&amp;quot;,&amp;quot;pagination&amp;quot;,&amp;quot;status&amp;quot;]
    missing: [&amp;quot;data&amp;quot;,&amp;quot;pagination&amp;quot;]

  Actual: {&amp;quot;path&amp;quot;:&amp;quot;/api/v1/commodities/autocomplete&amp;quot;,&amp;quot;error&amp;quot;:&amp;quot;Unauthorized&amp;quot;,&amp;quot;message&amp;quot;:&amp;quot;Full authentication is required to access this resource&amp;quot;,&amp;quot;status&amp;quot;:401}
">
      <![CDATA[java.lang.AssertionError: 1 expectation failed.
Response body doesn't match expectation.
Expected: The content to match the given JSON schema.
error: object has missing required properties (["data","pagination"])
    level: "error"
    schema: {"loadingURI":"file:/C:/Users/Kiran/Unified/UnifiedAPI/target/test-classes/MasterJsonSchema%5CSearch_commodity.json#","pointer":""}
    instance: {"pointer":""}
    domain: "validation"
    keyword: "required"
    required: ["data","message","pagination","status"]
    missing: ["data","pagination"]

  Actual: {"path":"/api/v1/commodities/autocomplete","error":"Unauthorized","message":"Full authentication is required to access this resource","status":401}

at org.codehaus.groovy.runtime.callsite.ConstructorSite$ConstructorSiteNoUnwrapNoCoerce.callConstructor(ConstructorSite.java:108)
at org.codehaus.groovy.runtime.callsite.AbstractCallSite.callConstructor(AbstractCallSite.java:277)
at io.restassured.internal.ResponseSpecificationImpl$HamcrestAssertionClosure.validate(ResponseSpecificationImpl.groovy:512)
at io.restassured.internal.ResponseSpecificationImpl$HamcrestAssertionClosure$validate$1.call(Unknown Source)
at io.restassured.internal.ResponseSpecificationImpl.validateResponseIfRequired(ResponseSpecificationImpl.groovy:696)
at io.restassured.internal.ResponseSpecificationImpl.this$2$validateResponseIfRequired(ResponseSpecificationImpl.groovy)
at org.codehaus.groovy.runtime.callsite.PlainObjectMetaMethodSite.doInvoke(PlainObjectMetaMethodSite.java:43)
at org.codehaus.groovy.runtime.callsite.PogoMetaMethodSite$PogoCachedMethodSiteNoUnwrapNoCoerce.invoke(PogoMetaMethodSite.java:198)
at org.codehaus.groovy.runtime.callsite.PogoMetaMethodSite.callCurrent(PogoMetaMethodSite.java:62)
at org.codehaus.groovy.runtime.callsite.AbstractCallSite.callCurrent(AbstractCallSite.java:185)
at io.restassured.internal.ResponseSpecificationImpl.body(ResponseSpecificationImpl.groovy:107)
at io.restassured.internal.ValidatableResponseOptionsImpl.body(ValidatableResponseOptionsImpl.java:238)
at Master.SearchCommodity.getSearch_commodity(SearchCommodity.java:29)
at java.base/java.util.ArrayList.forEach(ArrayList.java:1511)
... Removed 31 stack frames]]>
    </failure>
  </testcase> <!-- getSearch_commodity -->
  <testcase classname="Master.SearchVariety" name="getSearch_variety" time="0.129">
    <failure type="java.lang.AssertionError" message="1 expectation failed.
Response body doesn&amp;apos;t match expectation.
Expected: The content to match the given JSON schema.
error: object has missing required properties ([&amp;quot;data&amp;quot;,&amp;quot;pagination&amp;quot;])
    level: &amp;quot;error&amp;quot;
    schema: {&amp;quot;loadingURI&amp;quot;:&amp;quot;file:/C:/Users/Kiran/Unified/UnifiedAPI/target/test-classes/MasterJsonSchema%5CSearch_variety.json#&amp;quot;,&amp;quot;pointer&amp;quot;:&amp;quot;&amp;quot;}
    instance: {&amp;quot;pointer&amp;quot;:&amp;quot;&amp;quot;}
    domain: &amp;quot;validation&amp;quot;
    keyword: &amp;quot;required&amp;quot;
    required: [&amp;quot;data&amp;quot;,&amp;quot;message&amp;quot;,&amp;quot;pagination&amp;quot;,&amp;quot;status&amp;quot;]
    missing: [&amp;quot;data&amp;quot;,&amp;quot;pagination&amp;quot;]

  Actual: {&amp;quot;path&amp;quot;:&amp;quot;/api/v1/varieties/autocomplete&amp;quot;,&amp;quot;error&amp;quot;:&amp;quot;Unauthorized&amp;quot;,&amp;quot;message&amp;quot;:&amp;quot;Full authentication is required to access this resource&amp;quot;,&amp;quot;status&amp;quot;:401}
">
      <![CDATA[java.lang.AssertionError: 1 expectation failed.
Response body doesn't match expectation.
Expected: The content to match the given JSON schema.
error: object has missing required properties (["data","pagination"])
    level: "error"
    schema: {"loadingURI":"file:/C:/Users/Kiran/Unified/UnifiedAPI/target/test-classes/MasterJsonSchema%5CSearch_variety.json#","pointer":""}
    instance: {"pointer":""}
    domain: "validation"
    keyword: "required"
    required: ["data","message","pagination","status"]
    missing: ["data","pagination"]

  Actual: {"path":"/api/v1/varieties/autocomplete","error":"Unauthorized","message":"Full authentication is required to access this resource","status":401}

at org.codehaus.groovy.runtime.callsite.ConstructorSite$ConstructorSiteNoUnwrapNoCoerce.callConstructor(ConstructorSite.java:108)
at org.codehaus.groovy.runtime.callsite.AbstractCallSite.callConstructor(AbstractCallSite.java:277)
at io.restassured.internal.ResponseSpecificationImpl$HamcrestAssertionClosure.validate(ResponseSpecificationImpl.groovy:512)
at io.restassured.internal.ResponseSpecificationImpl$HamcrestAssertionClosure$validate$1.call(Unknown Source)
at io.restassured.internal.ResponseSpecificationImpl.validateResponseIfRequired(ResponseSpecificationImpl.groovy:696)
at io.restassured.internal.ResponseSpecificationImpl.this$2$validateResponseIfRequired(ResponseSpecificationImpl.groovy)
at org.codehaus.groovy.runtime.callsite.PlainObjectMetaMethodSite.doInvoke(PlainObjectMetaMethodSite.java:43)
at org.codehaus.groovy.runtime.callsite.PogoMetaMethodSite$PogoCachedMethodSiteNoUnwrapNoCoerce.invoke(PogoMetaMethodSite.java:198)
at org.codehaus.groovy.runtime.callsite.PogoMetaMethodSite.callCurrent(PogoMetaMethodSite.java:62)
at org.codehaus.groovy.runtime.callsite.AbstractCallSite.callCurrent(AbstractCallSite.java:185)
at io.restassured.internal.ResponseSpecificationImpl.body(ResponseSpecificationImpl.groovy:107)
at io.restassured.internal.ValidatableResponseOptionsImpl.body(ValidatableResponseOptionsImpl.java:238)
at Master.SearchVariety.getSearch_variety(SearchVariety.java:28)
at java.base/java.util.ArrayList.forEach(ArrayList.java:1511)
... Removed 31 stack frames]]>
    </failure>
  </testcase> <!-- getSearch_variety -->
  <testcase classname="Master.UOM" name="getUom" time="0.107">
    <failure type="java.lang.AssertionError" message="1 expectation failed.
Response body doesn&amp;apos;t match expectation.
Expected: The content to match the given JSON schema.
error: object has missing required properties ([&amp;quot;data&amp;quot;])
    level: &amp;quot;error&amp;quot;
    schema: {&amp;quot;loadingURI&amp;quot;:&amp;quot;file:/C:/Users/Kiran/Unified/UnifiedAPI/target/test-classes/MasterJsonSchema%5CUOM.json#&amp;quot;,&amp;quot;pointer&amp;quot;:&amp;quot;&amp;quot;}
    instance: {&amp;quot;pointer&amp;quot;:&amp;quot;&amp;quot;}
    domain: &amp;quot;validation&amp;quot;
    keyword: &amp;quot;required&amp;quot;
    required: [&amp;quot;data&amp;quot;,&amp;quot;message&amp;quot;,&amp;quot;status&amp;quot;]
    missing: [&amp;quot;data&amp;quot;]

  Actual: {&amp;quot;path&amp;quot;:&amp;quot;/api/v1/uom/all&amp;quot;,&amp;quot;error&amp;quot;:&amp;quot;Unauthorized&amp;quot;,&amp;quot;message&amp;quot;:&amp;quot;Full authentication is required to access this resource&amp;quot;,&amp;quot;status&amp;quot;:401}
">
      <![CDATA[java.lang.AssertionError: 1 expectation failed.
Response body doesn't match expectation.
Expected: The content to match the given JSON schema.
error: object has missing required properties (["data"])
    level: "error"
    schema: {"loadingURI":"file:/C:/Users/Kiran/Unified/UnifiedAPI/target/test-classes/MasterJsonSchema%5CUOM.json#","pointer":""}
    instance: {"pointer":""}
    domain: "validation"
    keyword: "required"
    required: ["data","message","status"]
    missing: ["data"]

  Actual: {"path":"/api/v1/uom/all","error":"Unauthorized","message":"Full authentication is required to access this resource","status":401}

at org.codehaus.groovy.runtime.callsite.ConstructorSite$ConstructorSiteNoUnwrapNoCoerce.callConstructor(ConstructorSite.java:108)
at org.codehaus.groovy.runtime.callsite.AbstractCallSite.callConstructor(AbstractCallSite.java:277)
at io.restassured.internal.ResponseSpecificationImpl$HamcrestAssertionClosure.validate(ResponseSpecificationImpl.groovy:512)
at io.restassured.internal.ResponseSpecificationImpl$HamcrestAssertionClosure$validate$1.call(Unknown Source)
at io.restassured.internal.ResponseSpecificationImpl.validateResponseIfRequired(ResponseSpecificationImpl.groovy:696)
at io.restassured.internal.ResponseSpecificationImpl.this$2$validateResponseIfRequired(ResponseSpecificationImpl.groovy)
at org.codehaus.groovy.runtime.callsite.PlainObjectMetaMethodSite.doInvoke(PlainObjectMetaMethodSite.java:43)
at org.codehaus.groovy.runtime.callsite.PogoMetaMethodSite$PogoCachedMethodSiteNoUnwrapNoCoerce.invoke(PogoMetaMethodSite.java:198)
at org.codehaus.groovy.runtime.callsite.PogoMetaMethodSite.callCurrent(PogoMetaMethodSite.java:62)
at org.codehaus.groovy.runtime.callsite.AbstractCallSite.callCurrent(AbstractCallSite.java:185)
at io.restassured.internal.ResponseSpecificationImpl.body(ResponseSpecificationImpl.groovy:107)
at io.restassured.internal.ValidatableResponseOptionsImpl.body(ValidatableResponseOptionsImpl.java:238)
at Master.UOM.getUom(UOM.java:27)
at java.base/java.util.ArrayList.forEach(ArrayList.java:1511)
... Removed 31 stack frames]]>
    </failure>
  </testcase> <!-- getUom -->
  <testcase classname="Master.Prices" name="getPrices" time="0.117">
    <failure type="java.lang.AssertionError" message="1 expectation failed.
Response body doesn&amp;apos;t match expectation.
Expected: The content to match the given JSON schema.
error: object has missing required properties ([&amp;quot;data&amp;quot;])
    level: &amp;quot;error&amp;quot;
    schema: {&amp;quot;loadingURI&amp;quot;:&amp;quot;file:/C:/Users/Kiran/Unified/UnifiedAPI/target/test-classes/MasterJsonSchema%5Cprices.json#&amp;quot;,&amp;quot;pointer&amp;quot;:&amp;quot;&amp;quot;}
    instance: {&amp;quot;pointer&amp;quot;:&amp;quot;&amp;quot;}
    domain: &amp;quot;validation&amp;quot;
    keyword: &amp;quot;required&amp;quot;
    required: [&amp;quot;data&amp;quot;,&amp;quot;message&amp;quot;,&amp;quot;status&amp;quot;]
    missing: [&amp;quot;data&amp;quot;]

  Actual: {&amp;quot;path&amp;quot;:&amp;quot;/api/v1/price&amp;quot;,&amp;quot;error&amp;quot;:&amp;quot;Unauthorized&amp;quot;,&amp;quot;message&amp;quot;:&amp;quot;Full authentication is required to access this resource&amp;quot;,&amp;quot;status&amp;quot;:401}
">
      <![CDATA[java.lang.AssertionError: 1 expectation failed.
Response body doesn't match expectation.
Expected: The content to match the given JSON schema.
error: object has missing required properties (["data"])
    level: "error"
    schema: {"loadingURI":"file:/C:/Users/Kiran/Unified/UnifiedAPI/target/test-classes/MasterJsonSchema%5Cprices.json#","pointer":""}
    instance: {"pointer":""}
    domain: "validation"
    keyword: "required"
    required: ["data","message","status"]
    missing: ["data"]

  Actual: {"path":"/api/v1/price","error":"Unauthorized","message":"Full authentication is required to access this resource","status":401}

at org.codehaus.groovy.runtime.callsite.ConstructorSite$ConstructorSiteNoUnwrapNoCoerce.callConstructor(ConstructorSite.java:108)
at org.codehaus.groovy.runtime.callsite.AbstractCallSite.callConstructor(AbstractCallSite.java:277)
at io.restassured.internal.ResponseSpecificationImpl$HamcrestAssertionClosure.validate(ResponseSpecificationImpl.groovy:512)
at io.restassured.internal.ResponseSpecificationImpl$HamcrestAssertionClosure$validate$1.call(Unknown Source)
at io.restassured.internal.ResponseSpecificationImpl.validateResponseIfRequired(ResponseSpecificationImpl.groovy:696)
at io.restassured.internal.ResponseSpecificationImpl.this$2$validateResponseIfRequired(ResponseSpecificationImpl.groovy)
at org.codehaus.groovy.runtime.callsite.PlainObjectMetaMethodSite.doInvoke(PlainObjectMetaMethodSite.java:43)
at org.codehaus.groovy.runtime.callsite.PogoMetaMethodSite$PogoCachedMethodSiteNoUnwrapNoCoerce.invoke(PogoMetaMethodSite.java:198)
at org.codehaus.groovy.runtime.callsite.PogoMetaMethodSite.callCurrent(PogoMetaMethodSite.java:62)
at org.codehaus.groovy.runtime.callsite.AbstractCallSite.callCurrent(AbstractCallSite.java:185)
at io.restassured.internal.ResponseSpecificationImpl.body(ResponseSpecificationImpl.groovy:107)
at io.restassured.internal.ValidatableResponseOptionsImpl.body(ValidatableResponseOptionsImpl.java:238)
at Master.Prices.getPrices(Prices.java:28)
at java.base/java.util.ArrayList.forEach(ArrayList.java:1511)
... Removed 31 stack frames]]>
    </failure>
  </testcase> <!-- getPrices -->
  <testcase classname="Master.UserCompany" name="getUserCompany" time="0.094">
    <failure type="java.lang.AssertionError" message="1 expectation failed.
Response body doesn&amp;apos;t match expectation.
Expected: The content to match the given JSON schema.
error: object has missing required properties ([&amp;quot;data&amp;quot;])
    level: &amp;quot;error&amp;quot;
    schema: {&amp;quot;loadingURI&amp;quot;:&amp;quot;file:/C:/Users/Kiran/Unified/UnifiedAPI/target/test-classes/MasterJsonSchema%5CUser_company.json#&amp;quot;,&amp;quot;pointer&amp;quot;:&amp;quot;&amp;quot;}
    instance: {&amp;quot;pointer&amp;quot;:&amp;quot;&amp;quot;}
    domain: &amp;quot;validation&amp;quot;
    keyword: &amp;quot;required&amp;quot;
    required: [&amp;quot;data&amp;quot;,&amp;quot;message&amp;quot;,&amp;quot;status&amp;quot;]
    missing: [&amp;quot;data&amp;quot;]

  Actual: {&amp;quot;path&amp;quot;:&amp;quot;/api/v1/users/company&amp;quot;,&amp;quot;error&amp;quot;:&amp;quot;Unauthorized&amp;quot;,&amp;quot;message&amp;quot;:&amp;quot;Full authentication is required to access this resource&amp;quot;,&amp;quot;status&amp;quot;:401}
">
      <![CDATA[java.lang.AssertionError: 1 expectation failed.
Response body doesn't match expectation.
Expected: The content to match the given JSON schema.
error: object has missing required properties (["data"])
    level: "error"
    schema: {"loadingURI":"file:/C:/Users/Kiran/Unified/UnifiedAPI/target/test-classes/MasterJsonSchema%5CUser_company.json#","pointer":""}
    instance: {"pointer":""}
    domain: "validation"
    keyword: "required"
    required: ["data","message","status"]
    missing: ["data"]

  Actual: {"path":"/api/v1/users/company","error":"Unauthorized","message":"Full authentication is required to access this resource","status":401}

at org.codehaus.groovy.runtime.callsite.ConstructorSite$ConstructorSiteNoUnwrapNoCoerce.callConstructor(ConstructorSite.java:108)
at org.codehaus.groovy.runtime.callsite.AbstractCallSite.callConstructor(AbstractCallSite.java:277)
at io.restassured.internal.ResponseSpecificationImpl$HamcrestAssertionClosure.validate(ResponseSpecificationImpl.groovy:512)
at io.restassured.internal.ResponseSpecificationImpl$HamcrestAssertionClosure$validate$1.call(Unknown Source)
at io.restassured.internal.ResponseSpecificationImpl.validateResponseIfRequired(ResponseSpecificationImpl.groovy:696)
at io.restassured.internal.ResponseSpecificationImpl.this$2$validateResponseIfRequired(ResponseSpecificationImpl.groovy)
at org.codehaus.groovy.runtime.callsite.PlainObjectMetaMethodSite.doInvoke(PlainObjectMetaMethodSite.java:43)
at org.codehaus.groovy.runtime.callsite.PogoMetaMethodSite$PogoCachedMethodSiteNoUnwrapNoCoerce.invoke(PogoMetaMethodSite.java:198)
at org.codehaus.groovy.runtime.callsite.PogoMetaMethodSite.callCurrent(PogoMetaMethodSite.java:62)
at org.codehaus.groovy.runtime.callsite.AbstractCallSite.callCurrent(AbstractCallSite.java:185)
at io.restassured.internal.ResponseSpecificationImpl.body(ResponseSpecificationImpl.groovy:107)
at io.restassured.internal.ValidatableResponseOptionsImpl.body(ValidatableResponseOptionsImpl.java:238)
at Master.UserCompany.getUserCompany(UserCompany.java:28)
at java.base/java.util.ArrayList.forEach(ArrayList.java:1511)
... Removed 31 stack frames]]>
    </failure>
  </testcase> <!-- getUserCompany -->
  <testcase classname="Master.SearchBuyer" name="getSearchBuyer" time="0.116">
    <failure type="java.lang.AssertionError" message="1 expectation failed.
Response body doesn&amp;apos;t match expectation.
Expected: The content to match the given JSON schema.
error: object has missing required properties ([&amp;quot;data&amp;quot;])
    level: &amp;quot;error&amp;quot;
    schema: {&amp;quot;loadingURI&amp;quot;:&amp;quot;file:/C:/Users/Kiran/Unified/UnifiedAPI/target/test-classes/MasterJsonSchema%5CSearch_buyer.json#&amp;quot;,&amp;quot;pointer&amp;quot;:&amp;quot;&amp;quot;}
    instance: {&amp;quot;pointer&amp;quot;:&amp;quot;&amp;quot;}
    domain: &amp;quot;validation&amp;quot;
    keyword: &amp;quot;required&amp;quot;
    required: [&amp;quot;data&amp;quot;,&amp;quot;message&amp;quot;,&amp;quot;status&amp;quot;]
    missing: [&amp;quot;data&amp;quot;]

  Actual: {&amp;quot;path&amp;quot;:&amp;quot;/api/v1/users/autocomplete-buyers&amp;quot;,&amp;quot;error&amp;quot;:&amp;quot;Unauthorized&amp;quot;,&amp;quot;message&amp;quot;:&amp;quot;Full authentication is required to access this resource&amp;quot;,&amp;quot;status&amp;quot;:401}
">
      <![CDATA[java.lang.AssertionError: 1 expectation failed.
Response body doesn't match expectation.
Expected: The content to match the given JSON schema.
error: object has missing required properties (["data"])
    level: "error"
    schema: {"loadingURI":"file:/C:/Users/Kiran/Unified/UnifiedAPI/target/test-classes/MasterJsonSchema%5CSearch_buyer.json#","pointer":""}
    instance: {"pointer":""}
    domain: "validation"
    keyword: "required"
    required: ["data","message","status"]
    missing: ["data"]

  Actual: {"path":"/api/v1/users/autocomplete-buyers","error":"Unauthorized","message":"Full authentication is required to access this resource","status":401}

at org.codehaus.groovy.runtime.callsite.ConstructorSite$ConstructorSiteNoUnwrapNoCoerce.callConstructor(ConstructorSite.java:108)
at org.codehaus.groovy.runtime.callsite.AbstractCallSite.callConstructor(AbstractCallSite.java:277)
at io.restassured.internal.ResponseSpecificationImpl$HamcrestAssertionClosure.validate(ResponseSpecificationImpl.groovy:512)
at io.restassured.internal.ResponseSpecificationImpl$HamcrestAssertionClosure$validate$1.call(Unknown Source)
at io.restassured.internal.ResponseSpecificationImpl.validateResponseIfRequired(ResponseSpecificationImpl.groovy:696)
at io.restassured.internal.ResponseSpecificationImpl.this$2$validateResponseIfRequired(ResponseSpecificationImpl.groovy)
at org.codehaus.groovy.runtime.callsite.PlainObjectMetaMethodSite.doInvoke(PlainObjectMetaMethodSite.java:43)
at org.codehaus.groovy.runtime.callsite.PogoMetaMethodSite$PogoCachedMethodSiteNoUnwrapNoCoerce.invoke(PogoMetaMethodSite.java:198)
at org.codehaus.groovy.runtime.callsite.PogoMetaMethodSite.callCurrent(PogoMetaMethodSite.java:62)
at org.codehaus.groovy.runtime.callsite.AbstractCallSite.callCurrent(AbstractCallSite.java:185)
at io.restassured.internal.ResponseSpecificationImpl.body(ResponseSpecificationImpl.groovy:107)
at io.restassured.internal.ValidatableResponseOptionsImpl.body(ValidatableResponseOptionsImpl.java:238)
at Master.SearchBuyer.getSearchBuyer(SearchBuyer.java:28)
at java.base/java.util.ArrayList.forEach(ArrayList.java:1511)
... Removed 31 stack frames]]>
    </failure>
  </testcase> <!-- getSearchBuyer -->
  <testcase classname="Master.UserBankAccount" name="getUserBank" time="0.128">
    <failure type="java.lang.AssertionError" message="1 expectation failed.
Response body doesn&amp;apos;t match expectation.
Expected: The content to match the given JSON schema.
error: object has missing required properties ([&amp;quot;data&amp;quot;])
    level: &amp;quot;error&amp;quot;
    schema: {&amp;quot;loadingURI&amp;quot;:&amp;quot;file:/C:/Users/Kiran/Unified/UnifiedAPI/target/test-classes/MasterJsonSchema%5CUser_bank.json#&amp;quot;,&amp;quot;pointer&amp;quot;:&amp;quot;&amp;quot;}
    instance: {&amp;quot;pointer&amp;quot;:&amp;quot;&amp;quot;}
    domain: &amp;quot;validation&amp;quot;
    keyword: &amp;quot;required&amp;quot;
    required: [&amp;quot;data&amp;quot;,&amp;quot;message&amp;quot;,&amp;quot;status&amp;quot;]
    missing: [&amp;quot;data&amp;quot;]

  Actual: {&amp;quot;path&amp;quot;:&amp;quot;/api/v1/users/bank-accounts&amp;quot;,&amp;quot;error&amp;quot;:&amp;quot;Unauthorized&amp;quot;,&amp;quot;message&amp;quot;:&amp;quot;Full authentication is required to access this resource&amp;quot;,&amp;quot;status&amp;quot;:401}
">
      <![CDATA[java.lang.AssertionError: 1 expectation failed.
Response body doesn't match expectation.
Expected: The content to match the given JSON schema.
error: object has missing required properties (["data"])
    level: "error"
    schema: {"loadingURI":"file:/C:/Users/Kiran/Unified/UnifiedAPI/target/test-classes/MasterJsonSchema%5CUser_bank.json#","pointer":""}
    instance: {"pointer":""}
    domain: "validation"
    keyword: "required"
    required: ["data","message","status"]
    missing: ["data"]

  Actual: {"path":"/api/v1/users/bank-accounts","error":"Unauthorized","message":"Full authentication is required to access this resource","status":401}

at org.codehaus.groovy.runtime.callsite.ConstructorSite$ConstructorSiteNoUnwrapNoCoerce.callConstructor(ConstructorSite.java:108)
at org.codehaus.groovy.runtime.callsite.AbstractCallSite.callConstructor(AbstractCallSite.java:277)
at io.restassured.internal.ResponseSpecificationImpl$HamcrestAssertionClosure.validate(ResponseSpecificationImpl.groovy:512)
at io.restassured.internal.ResponseSpecificationImpl$HamcrestAssertionClosure$validate$1.call(Unknown Source)
at io.restassured.internal.ResponseSpecificationImpl.validateResponseIfRequired(ResponseSpecificationImpl.groovy:696)
at io.restassured.internal.ResponseSpecificationImpl.this$2$validateResponseIfRequired(ResponseSpecificationImpl.groovy)
at org.codehaus.groovy.runtime.callsite.PlainObjectMetaMethodSite.doInvoke(PlainObjectMetaMethodSite.java:43)
at org.codehaus.groovy.runtime.callsite.PogoMetaMethodSite$PogoCachedMethodSiteNoUnwrapNoCoerce.invoke(PogoMetaMethodSite.java:198)
at org.codehaus.groovy.runtime.callsite.PogoMetaMethodSite.callCurrent(PogoMetaMethodSite.java:62)
at org.codehaus.groovy.runtime.callsite.AbstractCallSite.callCurrent(AbstractCallSite.java:185)
at io.restassured.internal.ResponseSpecificationImpl.body(ResponseSpecificationImpl.groovy:107)
at io.restassured.internal.ValidatableResponseOptionsImpl.body(ValidatableResponseOptionsImpl.java:238)
at Master.UserBankAccount.getUserBank(UserBankAccount.java:28)
at java.base/java.util.ArrayList.forEach(ArrayList.java:1511)
... Removed 31 stack frames]]>
    </failure>
  </testcase> <!-- getUserBank -->
  <testcase classname="Master.SearchIFSC" name="getSearchIFSC" time="0.142">
    <failure type="java.lang.AssertionError" message="1 expectation failed.
Response body doesn&amp;apos;t match expectation.
Expected: The content to match the given JSON schema.
error: object has missing required properties ([&amp;quot;data&amp;quot;])
    level: &amp;quot;error&amp;quot;
    schema: {&amp;quot;loadingURI&amp;quot;:&amp;quot;file:/C:/Users/Kiran/Unified/UnifiedAPI/target/test-classes/MasterJsonSchema%5CSearch_IFSC.json#&amp;quot;,&amp;quot;pointer&amp;quot;:&amp;quot;&amp;quot;}
    instance: {&amp;quot;pointer&amp;quot;:&amp;quot;&amp;quot;}
    domain: &amp;quot;validation&amp;quot;
    keyword: &amp;quot;required&amp;quot;
    required: [&amp;quot;data&amp;quot;,&amp;quot;message&amp;quot;,&amp;quot;status&amp;quot;]
    missing: [&amp;quot;data&amp;quot;]

  Actual: {&amp;quot;path&amp;quot;:&amp;quot;/api/v1/branch&amp;quot;,&amp;quot;error&amp;quot;:&amp;quot;Unauthorized&amp;quot;,&amp;quot;message&amp;quot;:&amp;quot;Full authentication is required to access this resource&amp;quot;,&amp;quot;status&amp;quot;:401}
">
      <![CDATA[java.lang.AssertionError: 1 expectation failed.
Response body doesn't match expectation.
Expected: The content to match the given JSON schema.
error: object has missing required properties (["data"])
    level: "error"
    schema: {"loadingURI":"file:/C:/Users/Kiran/Unified/UnifiedAPI/target/test-classes/MasterJsonSchema%5CSearch_IFSC.json#","pointer":""}
    instance: {"pointer":""}
    domain: "validation"
    keyword: "required"
    required: ["data","message","status"]
    missing: ["data"]

  Actual: {"path":"/api/v1/branch","error":"Unauthorized","message":"Full authentication is required to access this resource","status":401}

at org.codehaus.groovy.runtime.callsite.ConstructorSite$ConstructorSiteNoUnwrapNoCoerce.callConstructor(ConstructorSite.java:108)
at org.codehaus.groovy.runtime.callsite.AbstractCallSite.callConstructor(AbstractCallSite.java:277)
at io.restassured.internal.ResponseSpecificationImpl$HamcrestAssertionClosure.validate(ResponseSpecificationImpl.groovy:512)
at io.restassured.internal.ResponseSpecificationImpl$HamcrestAssertionClosure$validate$1.call(Unknown Source)
at io.restassured.internal.ResponseSpecificationImpl.validateResponseIfRequired(ResponseSpecificationImpl.groovy:696)
at io.restassured.internal.ResponseSpecificationImpl.this$2$validateResponseIfRequired(ResponseSpecificationImpl.groovy)
at org.codehaus.groovy.runtime.callsite.PlainObjectMetaMethodSite.doInvoke(PlainObjectMetaMethodSite.java:43)
at org.codehaus.groovy.runtime.callsite.PogoMetaMethodSite$PogoCachedMethodSiteNoUnwrapNoCoerce.invoke(PogoMetaMethodSite.java:198)
at org.codehaus.groovy.runtime.callsite.PogoMetaMethodSite.callCurrent(PogoMetaMethodSite.java:62)
at org.codehaus.groovy.runtime.callsite.AbstractCallSite.callCurrent(AbstractCallSite.java:185)
at io.restassured.internal.ResponseSpecificationImpl.body(ResponseSpecificationImpl.groovy:107)
at io.restassured.internal.ValidatableResponseOptionsImpl.body(ValidatableResponseOptionsImpl.java:238)
at Master.SearchIFSC.getSearchIFSC(SearchIFSC.java:28)
at java.base/java.util.ArrayList.forEach(ArrayList.java:1511)
... Removed 31 stack frames]]>
    </failure>
  </testcase> <!-- getSearchIFSC -->
  <testcase classname="Master.POM" name="getPom" time="0.123">
    <failure type="java.lang.AssertionError" message="1 expectation failed.
Response body doesn&amp;apos;t match expectation.
Expected: The content to match the given JSON schema.
error: object has missing required properties ([&amp;quot;data&amp;quot;])
    level: &amp;quot;error&amp;quot;
    schema: {&amp;quot;loadingURI&amp;quot;:&amp;quot;file:/C:/Users/Kiran/Unified/UnifiedAPI/target/test-classes/MasterJsonSchema%5CPOM.json#&amp;quot;,&amp;quot;pointer&amp;quot;:&amp;quot;&amp;quot;}
    instance: {&amp;quot;pointer&amp;quot;:&amp;quot;&amp;quot;}
    domain: &amp;quot;validation&amp;quot;
    keyword: &amp;quot;required&amp;quot;
    required: [&amp;quot;data&amp;quot;,&amp;quot;message&amp;quot;,&amp;quot;status&amp;quot;]
    missing: [&amp;quot;data&amp;quot;]

  Actual: {&amp;quot;path&amp;quot;:&amp;quot;/api/v1/cases/10/poms&amp;quot;,&amp;quot;error&amp;quot;:&amp;quot;Unauthorized&amp;quot;,&amp;quot;message&amp;quot;:&amp;quot;Full authentication is required to access this resource&amp;quot;,&amp;quot;status&amp;quot;:401}
">
      <![CDATA[java.lang.AssertionError: 1 expectation failed.
Response body doesn't match expectation.
Expected: The content to match the given JSON schema.
error: object has missing required properties (["data"])
    level: "error"
    schema: {"loadingURI":"file:/C:/Users/Kiran/Unified/UnifiedAPI/target/test-classes/MasterJsonSchema%5CPOM.json#","pointer":""}
    instance: {"pointer":""}
    domain: "validation"
    keyword: "required"
    required: ["data","message","status"]
    missing: ["data"]

  Actual: {"path":"/api/v1/cases/10/poms","error":"Unauthorized","message":"Full authentication is required to access this resource","status":401}

at org.codehaus.groovy.runtime.callsite.ConstructorSite$ConstructorSiteNoUnwrapNoCoerce.callConstructor(ConstructorSite.java:108)
at org.codehaus.groovy.runtime.callsite.AbstractCallSite.callConstructor(AbstractCallSite.java:277)
at io.restassured.internal.ResponseSpecificationImpl$HamcrestAssertionClosure.validate(ResponseSpecificationImpl.groovy:512)
at io.restassured.internal.ResponseSpecificationImpl$HamcrestAssertionClosure$validate$1.call(Unknown Source)
at io.restassured.internal.ResponseSpecificationImpl.validateResponseIfRequired(ResponseSpecificationImpl.groovy:696)
at io.restassured.internal.ResponseSpecificationImpl.this$2$validateResponseIfRequired(ResponseSpecificationImpl.groovy)
at org.codehaus.groovy.runtime.callsite.PlainObjectMetaMethodSite.doInvoke(PlainObjectMetaMethodSite.java:43)
at org.codehaus.groovy.runtime.callsite.PogoMetaMethodSite$PogoCachedMethodSiteNoUnwrapNoCoerce.invoke(PogoMetaMethodSite.java:198)
at org.codehaus.groovy.runtime.callsite.PogoMetaMethodSite.callCurrent(PogoMetaMethodSite.java:62)
at org.codehaus.groovy.runtime.callsite.AbstractCallSite.callCurrent(AbstractCallSite.java:185)
at io.restassured.internal.ResponseSpecificationImpl.body(ResponseSpecificationImpl.groovy:107)
at io.restassured.internal.ValidatableResponseOptionsImpl.body(ValidatableResponseOptionsImpl.java:238)
at Master.POM.getPom(POM.java:35)
at java.base/java.util.ArrayList.forEach(ArrayList.java:1511)
... Removed 31 stack frames]]>
    </failure>
  </testcase> <!-- getPom -->
  <testcase classname="Master.PaymentInfo" name="getPaymentInfo" time="0.106">
    <failure type="java.lang.AssertionError" message="1 expectation failed.
Response body doesn&amp;apos;t match expectation.
Expected: The content to match the given JSON schema.
error: object has missing required properties ([&amp;quot;data&amp;quot;])
    level: &amp;quot;error&amp;quot;
    schema: {&amp;quot;loadingURI&amp;quot;:&amp;quot;file:/C:/Users/Kiran/Unified/UnifiedAPI/target/test-classes/MasterJsonSchema%5CPayment_info.json#&amp;quot;,&amp;quot;pointer&amp;quot;:&amp;quot;&amp;quot;}
    instance: {&amp;quot;pointer&amp;quot;:&amp;quot;&amp;quot;}
    domain: &amp;quot;validation&amp;quot;
    keyword: &amp;quot;required&amp;quot;
    required: [&amp;quot;data&amp;quot;,&amp;quot;message&amp;quot;,&amp;quot;status&amp;quot;]
    missing: [&amp;quot;data&amp;quot;]

  Actual: {&amp;quot;path&amp;quot;:&amp;quot;/api/v1/cases/10/payment-details&amp;quot;,&amp;quot;error&amp;quot;:&amp;quot;Unauthorized&amp;quot;,&amp;quot;message&amp;quot;:&amp;quot;Full authentication is required to access this resource&amp;quot;,&amp;quot;status&amp;quot;:401}
">
      <![CDATA[java.lang.AssertionError: 1 expectation failed.
Response body doesn't match expectation.
Expected: The content to match the given JSON schema.
error: object has missing required properties (["data"])
    level: "error"
    schema: {"loadingURI":"file:/C:/Users/Kiran/Unified/UnifiedAPI/target/test-classes/MasterJsonSchema%5CPayment_info.json#","pointer":""}
    instance: {"pointer":""}
    domain: "validation"
    keyword: "required"
    required: ["data","message","status"]
    missing: ["data"]

  Actual: {"path":"/api/v1/cases/10/payment-details","error":"Unauthorized","message":"Full authentication is required to access this resource","status":401}

at org.codehaus.groovy.runtime.callsite.ConstructorSite$ConstructorSiteNoUnwrapNoCoerce.callConstructor(ConstructorSite.java:108)
at org.codehaus.groovy.runtime.callsite.AbstractCallSite.callConstructor(AbstractCallSite.java:277)
at io.restassured.internal.ResponseSpecificationImpl$HamcrestAssertionClosure.validate(ResponseSpecificationImpl.groovy:512)
at io.restassured.internal.ResponseSpecificationImpl$HamcrestAssertionClosure$validate$1.call(Unknown Source)
at io.restassured.internal.ResponseSpecificationImpl.validateResponseIfRequired(ResponseSpecificationImpl.groovy:696)
at io.restassured.internal.ResponseSpecificationImpl.this$2$validateResponseIfRequired(ResponseSpecificationImpl.groovy)
at org.codehaus.groovy.runtime.callsite.PlainObjectMetaMethodSite.doInvoke(PlainObjectMetaMethodSite.java:43)
at org.codehaus.groovy.runtime.callsite.PogoMetaMethodSite$PogoCachedMethodSiteNoUnwrapNoCoerce.invoke(PogoMetaMethodSite.java:198)
at org.codehaus.groovy.runtime.callsite.PogoMetaMethodSite.callCurrent(PogoMetaMethodSite.java:62)
at org.codehaus.groovy.runtime.callsite.AbstractCallSite.callCurrent(AbstractCallSite.java:185)
at io.restassured.internal.ResponseSpecificationImpl.body(ResponseSpecificationImpl.groovy:107)
at io.restassured.internal.ValidatableResponseOptionsImpl.body(ValidatableResponseOptionsImpl.java:238)
at Master.PaymentInfo.getPaymentInfo(PaymentInfo.java:36)
at java.base/java.util.ArrayList.forEach(ArrayList.java:1511)
... Removed 31 stack frames]]>
    </failure>
  </testcase> <!-- getPaymentInfo -->
  <testcase classname="AddCase.SaveCropType" name="PatchCropType" time="0.203">
    <failure type="java.lang.AssertionError" message="expected [200] but found [401]">
      <![CDATA[java.lang.AssertionError: expected [200] but found [401]
at AddCase.SaveCropType.PatchCropType(SaveCropType.java:54)
at java.base/java.util.ArrayList.forEach(ArrayList.java:1511)
... Removed 31 stack frames]]>
    </failure>
  </testcase> <!-- PatchCropType -->
  <testcase classname="AddCase.SaveCropType" name="PatchCropType" time="0.155">
    <failure type="java.lang.AssertionError" message="expected [200] but found [401]">
      <![CDATA[java.lang.AssertionError: expected [200] but found [401]
at AddCase.SaveCropType.PatchCropType(SaveCropType.java:54)
at java.base/java.util.ArrayList.forEach(ArrayList.java:1511)
... Removed 31 stack frames]]>
    </failure>
  </testcase> <!-- PatchCropType -->
  <testcase classname="AddCase.SaveCropType" name="PatchCropType" time="0.125">
    <failure type="java.lang.AssertionError" message="expected [200] but found [401]">
      <![CDATA[java.lang.AssertionError: expected [200] but found [401]
at AddCase.SaveCropType.PatchCropType(SaveCropType.java:54)
at java.base/java.util.ArrayList.forEach(ArrayList.java:1511)
... Removed 31 stack frames]]>
    </failure>
  </testcase> <!-- PatchCropType -->
  <testcase classname="AddCase.SaveCropType" name="PatchCropType" time="0.152">
    <failure type="java.lang.AssertionError" message="expected [200] but found [401]">
      <![CDATA[java.lang.AssertionError: expected [200] but found [401]
at AddCase.SaveCropType.PatchCropType(SaveCropType.java:54)
at java.base/java.util.ArrayList.forEach(ArrayList.java:1511)
... Removed 31 stack frames]]>
    </failure>
  </testcase> <!-- PatchCropType -->
  <testcase classname="AddCase.SaveCropType" name="PatchCropType" time="0.189">
    <failure type="java.lang.AssertionError" message="expected [1007] but found [401]">
      <![CDATA[java.lang.AssertionError: expected [1007] but found [401]
at AddCase.SaveCropType.PatchCropType(SaveCropType.java:54)
at java.base/java.util.ArrayList.forEach(ArrayList.java:1511)
... Removed 31 stack frames]]>
    </failure>
  </testcase> <!-- PatchCropType -->
  <testcase classname="AddCase.SaveCropType" name="PatchCropType" time="0.17">
    <failure type="java.lang.AssertionError" message="expected [1007] but found [401]">
      <![CDATA[java.lang.AssertionError: expected [1007] but found [401]
at AddCase.SaveCropType.PatchCropType(SaveCropType.java:54)
at java.base/java.util.ArrayList.forEach(ArrayList.java:1511)
... Removed 31 stack frames]]>
    </failure>
  </testcase> <!-- PatchCropType -->
  <testcase classname="AddCase.SaveExistingFarm" name="PatchExistingFarm" time="0.17">
    <failure type="java.lang.AssertionError" message="expected [200] but found [401]">
      <![CDATA[java.lang.AssertionError: expected [200] but found [401]
at AddCase.SaveExistingFarm.PatchExistingFarm(SaveExistingFarm.java:51)
at java.base/java.util.ArrayList.forEach(ArrayList.java:1511)
... Removed 31 stack frames]]>
    </failure>
  </testcase> <!-- PatchExistingFarm -->
  <testcase classname="AddCase.SaveExistingFarm" name="PatchExistingFarm" time="0.151">
    <failure type="java.lang.AssertionError" message="expected [200] but found [401]">
      <![CDATA[java.lang.AssertionError: expected [200] but found [401]
at AddCase.SaveExistingFarm.PatchExistingFarm(SaveExistingFarm.java:51)
at java.base/java.util.ArrayList.forEach(ArrayList.java:1511)
... Removed 31 stack frames]]>
    </failure>
  </testcase> <!-- PatchExistingFarm -->
  <testcase classname="AddCase.SaveExistingFarm" name="PatchExistingFarm" time="0.106">
    <failure type="java.lang.AssertionError" message="expected [200] but found [401]">
      <![CDATA[java.lang.AssertionError: expected [200] but found [401]
at AddCase.SaveExistingFarm.PatchExistingFarm(SaveExistingFarm.java:51)
at java.base/java.util.ArrayList.forEach(ArrayList.java:1511)
... Removed 31 stack frames]]>
    </failure>
  </testcase> <!-- PatchExistingFarm -->
  <testcase classname="AddCase.SaveExistingFarm" name="PatchExistingFarm" time="0.132">
    <failure type="java.lang.AssertionError" message="expected [1007] but found [401]">
      <![CDATA[java.lang.AssertionError: expected [1007] but found [401]
at AddCase.SaveExistingFarm.PatchExistingFarm(SaveExistingFarm.java:51)
at java.base/java.util.ArrayList.forEach(ArrayList.java:1511)
... Removed 31 stack frames]]>
    </failure>
  </testcase> <!-- PatchExistingFarm -->
  <testcase classname="AddCase.SaveExistingFarm" name="PatchExistingFarm" time="0.111">
    <failure type="java.lang.AssertionError" message="expected [1007] but found [401]">
      <![CDATA[java.lang.AssertionError: expected [1007] but found [401]
at AddCase.SaveExistingFarm.PatchExistingFarm(SaveExistingFarm.java:51)
at java.base/java.util.ArrayList.forEach(ArrayList.java:1511)
... Removed 31 stack frames]]>
    </failure>
  </testcase> <!-- PatchExistingFarm -->
  <testcase classname="AddCase.SaveNewFarm" name="PatchSaveNewFarm" time="0.116">
    <failure type="java.lang.AssertionError" message="expected [200] but found [401]">
      <![CDATA[java.lang.AssertionError: expected [200] but found [401]
at AddCase.SaveNewFarm.PatchSaveNewFarm(SaveNewFarm.java:52)
at java.base/java.util.ArrayList.forEach(ArrayList.java:1511)
... Removed 31 stack frames]]>
    </failure>
  </testcase> <!-- PatchSaveNewFarm -->
  <testcase classname="AddCase.SaveNewFarm" name="PatchSaveNewFarm" time="0.132">
    <failure type="java.lang.AssertionError" message="expected [200] but found [401]">
      <![CDATA[java.lang.AssertionError: expected [200] but found [401]
at AddCase.SaveNewFarm.PatchSaveNewFarm(SaveNewFarm.java:52)
at java.base/java.util.ArrayList.forEach(ArrayList.java:1511)
... Removed 31 stack frames]]>
    </failure>
  </testcase> <!-- PatchSaveNewFarm -->
  <testcase classname="AddCase.SaveNewFarm" name="PatchSaveNewFarm" time="0.135">
    <failure type="java.lang.AssertionError" message="expected [1002] but found [401]">
      <![CDATA[java.lang.AssertionError: expected [1002] but found [401]
at AddCase.SaveNewFarm.PatchSaveNewFarm(SaveNewFarm.java:52)
at java.base/java.util.ArrayList.forEach(ArrayList.java:1511)
... Removed 31 stack frames]]>
    </failure>
  </testcase> <!-- PatchSaveNewFarm -->
  <testcase classname="AddCase.SaveNewFarm" name="PatchSaveNewFarm" time="0.136">
    <failure type="java.lang.AssertionError" message="expected [1007] but found [401]">
      <![CDATA[java.lang.AssertionError: expected [1007] but found [401]
at AddCase.SaveNewFarm.PatchSaveNewFarm(SaveNewFarm.java:52)
at java.base/java.util.ArrayList.forEach(ArrayList.java:1511)
... Removed 31 stack frames]]>
    </failure>
  </testcase> <!-- PatchSaveNewFarm -->
  <testcase classname="AddCase.SaveNewFarm" name="PatchSaveNewFarm" time="0.13">
    <failure type="java.lang.AssertionError" message="expected [1007] but found [401]">
      <![CDATA[java.lang.AssertionError: expected [1007] but found [401]
at AddCase.SaveNewFarm.PatchSaveNewFarm(SaveNewFarm.java:52)
at java.base/java.util.ArrayList.forEach(ArrayList.java:1511)
... Removed 31 stack frames]]>
    </failure>
  </testcase> <!-- PatchSaveNewFarm -->
  <testcase classname="AddCase.SaveWarehouse" name="PatchSaveWarehouse" time="0.14">
    <failure type="java.lang.AssertionError" message="expected [200] but found [401]">
      <![CDATA[java.lang.AssertionError: expected [200] but found [401]
at AddCase.SaveWarehouse.PatchSaveWarehouse(SaveWarehouse.java:51)
at java.base/java.util.ArrayList.forEach(ArrayList.java:1511)
... Removed 31 stack frames]]>
    </failure>
  </testcase> <!-- PatchSaveWarehouse -->
  <testcase classname="AddCase.SaveWarehouse" name="PatchSaveWarehouse" time="0.132">
    <failure type="java.lang.AssertionError" message="expected [1007] but found [401]">
      <![CDATA[java.lang.AssertionError: expected [1007] but found [401]
at AddCase.SaveWarehouse.PatchSaveWarehouse(SaveWarehouse.java:51)
at java.base/java.util.ArrayList.forEach(ArrayList.java:1511)
... Removed 31 stack frames]]>
    </failure>
  </testcase> <!-- PatchSaveWarehouse -->
  <testcase classname="AddCase.NewWarehouse" name="PatchNewWarehouse" time="0.108">
    <failure type="java.lang.AssertionError" message="expected [200] but found [401]">
      <![CDATA[java.lang.AssertionError: expected [200] but found [401]
at AddCase.NewWarehouse.PatchNewWarehouse(NewWarehouse.java:51)
at java.base/java.util.ArrayList.forEach(ArrayList.java:1511)
... Removed 31 stack frames]]>
    </failure>
  </testcase> <!-- PatchNewWarehouse -->
  <testcase classname="AddCase.NewWarehouse" name="PatchNewWarehouse" time="0.128">
    <failure type="java.lang.AssertionError" message="expected [1002] but found [401]">
      <![CDATA[java.lang.AssertionError: expected [1002] but found [401]
at AddCase.NewWarehouse.PatchNewWarehouse(NewWarehouse.java:51)
at java.base/java.util.ArrayList.forEach(ArrayList.java:1511)
... Removed 31 stack frames]]>
    </failure>
  </testcase> <!-- PatchNewWarehouse -->
  <testcase classname="AddCase.NewWarehouse" name="PatchNewWarehouse" time="0.131">
    <failure type="java.lang.AssertionError" message="expected [1002] but found [401]">
      <![CDATA[java.lang.AssertionError: expected [1002] but found [401]
at AddCase.NewWarehouse.PatchNewWarehouse(NewWarehouse.java:51)
at java.base/java.util.ArrayList.forEach(ArrayList.java:1511)
... Removed 31 stack frames]]>
    </failure>
  </testcase> <!-- PatchNewWarehouse -->
  <testcase classname="AddCase.NewWarehouse" name="PatchNewWarehouse" time="0.106">
    <failure type="java.lang.AssertionError" message="expected [1002] but found [401]">
      <![CDATA[java.lang.AssertionError: expected [1002] but found [401]
at AddCase.NewWarehouse.PatchNewWarehouse(NewWarehouse.java:51)
at java.base/java.util.ArrayList.forEach(ArrayList.java:1511)
... Removed 31 stack frames]]>
    </failure>
  </testcase> <!-- PatchNewWarehouse -->
  <testcase classname="AddCase.SaveCommodity" name="PatchSaveCommodity" time="0.119">
    <failure type="java.lang.AssertionError" message="expected [200] but found [401]">
      <![CDATA[java.lang.AssertionError: expected [200] but found [401]
at AddCase.SaveCommodity.PatchSaveCommodity(SaveCommodity.java:49)
at java.base/java.util.ArrayList.forEach(ArrayList.java:1511)
... Removed 31 stack frames]]>
    </failure>
  </testcase> <!-- PatchSaveCommodity -->
  <testcase classname="AddCase.SaveCommodity" name="PatchSaveCommodity" time="0.156">
    <failure type="java.lang.AssertionError" message="expected [200] but found [401]">
      <![CDATA[java.lang.AssertionError: expected [200] but found [401]
at AddCase.SaveCommodity.PatchSaveCommodity(SaveCommodity.java:49)
at java.base/java.util.ArrayList.forEach(ArrayList.java:1511)
... Removed 31 stack frames]]>
    </failure>
  </testcase> <!-- PatchSaveCommodity -->
  <testcase classname="AddCase.SaveCommodity" name="PatchSaveCommodity" time="0.12">
    <failure type="java.lang.AssertionError" message="expected [200] but found [401]">
      <![CDATA[java.lang.AssertionError: expected [200] but found [401]
at AddCase.SaveCommodity.PatchSaveCommodity(SaveCommodity.java:49)
at java.base/java.util.ArrayList.forEach(ArrayList.java:1511)
... Removed 31 stack frames]]>
    </failure>
  </testcase> <!-- PatchSaveCommodity -->
  <testcase classname="AddCase.SaveCommodity" name="PatchSaveCommodity" time="0.162">
    <failure type="java.lang.AssertionError" message="expected [200] but found [401]">
      <![CDATA[java.lang.AssertionError: expected [200] but found [401]
at AddCase.SaveCommodity.PatchSaveCommodity(SaveCommodity.java:49)
at java.base/java.util.ArrayList.forEach(ArrayList.java:1511)
... Removed 31 stack frames]]>
    </failure>
  </testcase> <!-- PatchSaveCommodity -->
  <testcase classname="AddCase.SaveVariety" name="PatchSaveVariety" time="0.118">
    <failure type="java.lang.AssertionError" message="expected [200] but found [401]">
      <![CDATA[java.lang.AssertionError: expected [200] but found [401]
at AddCase.SaveVariety.PatchSaveVariety(SaveVariety.java:48)
at java.base/java.util.ArrayList.forEach(ArrayList.java:1511)
... Removed 31 stack frames]]>
    </failure>
  </testcase> <!-- PatchSaveVariety -->
  <testcase classname="AddCase.SaveVariety" name="PatchSaveVariety" time="0.108">
    <failure type="java.lang.AssertionError" message="expected [200] but found [401]">
      <![CDATA[java.lang.AssertionError: expected [200] but found [401]
at AddCase.SaveVariety.PatchSaveVariety(SaveVariety.java:48)
at java.base/java.util.ArrayList.forEach(ArrayList.java:1511)
... Removed 31 stack frames]]>
    </failure>
  </testcase> <!-- PatchSaveVariety -->
  <testcase classname="AddCase.SaveVariety" name="PatchSaveVariety" time="0.121">
    <failure type="java.lang.AssertionError" message="expected [200] but found [401]">
      <![CDATA[java.lang.AssertionError: expected [200] but found [401]
at AddCase.SaveVariety.PatchSaveVariety(SaveVariety.java:48)
at java.base/java.util.ArrayList.forEach(ArrayList.java:1511)
... Removed 31 stack frames]]>
    </failure>
  </testcase> <!-- PatchSaveVariety -->
  <testcase classname="AddCase.SaveVariety" name="PatchSaveVariety" time="0.101">
    <failure type="java.lang.AssertionError" message="expected [200] but found [401]">
      <![CDATA[java.lang.AssertionError: expected [200] but found [401]
at AddCase.SaveVariety.PatchSaveVariety(SaveVariety.java:48)
at java.base/java.util.ArrayList.forEach(ArrayList.java:1511)
... Removed 31 stack frames]]>
    </failure>
  </testcase> <!-- PatchSaveVariety -->
  <testcase classname="AddCase.SaveVariety" name="PatchSaveVariety" time="0.119">
    <failure type="java.lang.AssertionError" message="expected [1007] but found [401]">
      <![CDATA[java.lang.AssertionError: expected [1007] but found [401]
at AddCase.SaveVariety.PatchSaveVariety(SaveVariety.java:48)
at java.base/java.util.ArrayList.forEach(ArrayList.java:1511)
... Removed 31 stack frames]]>
    </failure>
  </testcase> <!-- PatchSaveVariety -->
  <testcase classname="AddCase.SaveSowingDate" name="PatchSaveSowingDate" time="0.196">
    <failure type="java.lang.AssertionError" message="expected [200] but found [401]">
      <![CDATA[java.lang.AssertionError: expected [200] but found [401]
at AddCase.SaveSowingDate.PatchSaveSowingDate(SaveSowingDate.java:47)
at java.base/java.util.ArrayList.forEach(ArrayList.java:1511)
... Removed 31 stack frames]]>
    </failure>
  </testcase> <!-- PatchSaveSowingDate -->
  <testcase classname="AddCase.SaveSowingDate" name="PatchSaveSowingDate" time="0.217">
    <failure type="java.lang.AssertionError" message="expected [200] but found [401]">
      <![CDATA[java.lang.AssertionError: expected [200] but found [401]
at AddCase.SaveSowingDate.PatchSaveSowingDate(SaveSowingDate.java:47)
at java.base/java.util.ArrayList.forEach(ArrayList.java:1511)
... Removed 31 stack frames]]>
    </failure>
  </testcase> <!-- PatchSaveSowingDate -->
  <testcase classname="AddCase.SaveSowingDate" name="PatchSaveSowingDate" time="0.121">
    <failure type="java.lang.AssertionError" message="expected [1007] but found [401]">
      <![CDATA[java.lang.AssertionError: expected [1007] but found [401]
at AddCase.SaveSowingDate.PatchSaveSowingDate(SaveSowingDate.java:47)
at java.base/java.util.ArrayList.forEach(ArrayList.java:1511)
... Removed 31 stack frames]]>
    </failure>
  </testcase> <!-- PatchSaveSowingDate -->
  <testcase classname="AddCase.SaveSowingDate" name="PatchSaveSowingDate" time="0.109">
    <failure type="java.lang.AssertionError" message="expected [1007] but found [401]">
      <![CDATA[java.lang.AssertionError: expected [1007] but found [401]
at AddCase.SaveSowingDate.PatchSaveSowingDate(SaveSowingDate.java:47)
at java.base/java.util.ArrayList.forEach(ArrayList.java:1511)
... Removed 31 stack frames]]>
    </failure>
  </testcase> <!-- PatchSaveSowingDate -->
  <testcase classname="AddCase.SaveQuantity" name="PatchSaveQuantity" time="0.113">
    <failure type="java.lang.AssertionError" message="expected [1007] but found [401]">
      <![CDATA[java.lang.AssertionError: expected [1007] but found [401]
at AddCase.SaveQuantity.PatchSaveQuantity(SaveQuantity.java:49)
at java.base/java.util.ArrayList.forEach(ArrayList.java:1511)
... Removed 31 stack frames]]>
    </failure>
  </testcase> <!-- PatchSaveQuantity -->
  <testcase classname="AddCase.SaveQuantity" name="PatchSaveQuantity" time="0.117">
    <failure type="java.lang.AssertionError" message="expected [1007] but found [401]">
      <![CDATA[java.lang.AssertionError: expected [1007] but found [401]
at AddCase.SaveQuantity.PatchSaveQuantity(SaveQuantity.java:49)
at java.base/java.util.ArrayList.forEach(ArrayList.java:1511)
... Removed 31 stack frames]]>
    </failure>
  </testcase> <!-- PatchSaveQuantity -->
  <testcase classname="AddCase.SaveQuantity" name="PatchSaveQuantity" time="0.172">
    <failure type="java.lang.AssertionError" message="expected [200] but found [401]">
      <![CDATA[java.lang.AssertionError: expected [200] but found [401]
at AddCase.SaveQuantity.PatchSaveQuantity(SaveQuantity.java:49)
at java.base/java.util.ArrayList.forEach(ArrayList.java:1511)
... Removed 31 stack frames]]>
    </failure>
  </testcase> <!-- PatchSaveQuantity -->
  <testcase classname="AddCase.SaveQuantity" name="PatchSaveQuantity" time="0.124">
    <failure type="java.lang.AssertionError" message="expected [200] but found [401]">
      <![CDATA[java.lang.AssertionError: expected [200] but found [401]
at AddCase.SaveQuantity.PatchSaveQuantity(SaveQuantity.java:49)
at java.base/java.util.ArrayList.forEach(ArrayList.java:1511)
... Removed 31 stack frames]]>
    </failure>
  </testcase> <!-- PatchSaveQuantity -->
  <testcase classname="AddCase.SaveCompany" name="PatchSaveCompany" time="0.133">
    <failure type="java.lang.AssertionError" message="expected [200] but found [401]">
      <![CDATA[java.lang.AssertionError: expected [200] but found [401]
at AddCase.SaveCompany.PatchSaveCompany(SaveCompany.java:53)
at java.base/java.util.ArrayList.forEach(ArrayList.java:1511)
... Removed 31 stack frames]]>
    </failure>
  </testcase> <!-- PatchSaveCompany -->
  <testcase classname="AddCase.SaveCompany" name="PatchSaveCompany" time="0.123">
    <failure type="java.lang.AssertionError" message="expected [1007] but found [401]">
      <![CDATA[java.lang.AssertionError: expected [1007] but found [401]
at AddCase.SaveCompany.PatchSaveCompany(SaveCompany.java:53)
at java.base/java.util.ArrayList.forEach(ArrayList.java:1511)
... Removed 31 stack frames]]>
    </failure>
  </testcase> <!-- PatchSaveCompany -->
  <testcase classname="AddCase.SaveInvitation" name="PatchSaveInvitaition" time="0.102">
    <failure type="java.lang.AssertionError" message="expected [1007] but found [401]">
      <![CDATA[java.lang.AssertionError: expected [1007] but found [401]
at AddCase.SaveInvitation.PatchSaveInvitaition(SaveInvitation.java:50)
at java.base/java.util.ArrayList.forEach(ArrayList.java:1511)
... Removed 31 stack frames]]>
    </failure>
  </testcase> <!-- PatchSaveInvitaition -->
  <testcase classname="AddCase.SaveInvitation" name="PatchSaveInvitaition" time="0.109">
    <failure type="java.lang.AssertionError" message="expected [200] but found [401]">
      <![CDATA[java.lang.AssertionError: expected [200] but found [401]
at AddCase.SaveInvitation.PatchSaveInvitaition(SaveInvitation.java:50)
at java.base/java.util.ArrayList.forEach(ArrayList.java:1511)
... Removed 31 stack frames]]>
    </failure>
  </testcase> <!-- PatchSaveInvitaition -->
  <testcase classname="AddCase.SaveBank" name="PatchSaveBank" time="0.124">
    <failure type="java.lang.AssertionError" message="expected [200] but found [401]">
      <![CDATA[java.lang.AssertionError: expected [200] but found [401]
at AddCase.SaveBank.PatchSaveBank(SaveBank.java:49)
at java.base/java.util.ArrayList.forEach(ArrayList.java:1511)
... Removed 31 stack frames]]>
    </failure>
  </testcase> <!-- PatchSaveBank -->
  <testcase classname="AddCase.SaveBank" name="PatchSaveBank" time="0.102">
    <failure type="java.lang.AssertionError" message="expected [200] but found [401]">
      <![CDATA[java.lang.AssertionError: expected [200] but found [401]
at AddCase.SaveBank.PatchSaveBank(SaveBank.java:49)
at java.base/java.util.ArrayList.forEach(ArrayList.java:1511)
... Removed 31 stack frames]]>
    </failure>
  </testcase> <!-- PatchSaveBank -->
  <testcase classname="AddCase.SaveBank" name="PatchSaveBank" time="0.086">
    <failure type="java.lang.AssertionError" message="expected [200] but found [401]">
      <![CDATA[java.lang.AssertionError: expected [200] but found [401]
at AddCase.SaveBank.PatchSaveBank(SaveBank.java:49)
at java.base/java.util.ArrayList.forEach(ArrayList.java:1511)
... Removed 31 stack frames]]>
    </failure>
  </testcase> <!-- PatchSaveBank -->
  <testcase classname="AddCase.SaveBank" name="PatchSaveBank" time="0.128">
    <failure type="java.lang.AssertionError" message="expected [1007] but found [401]">
      <![CDATA[java.lang.AssertionError: expected [1007] but found [401]
at AddCase.SaveBank.PatchSaveBank(SaveBank.java:49)
at java.base/java.util.ArrayList.forEach(ArrayList.java:1511)
... Removed 31 stack frames]]>
    </failure>
  </testcase> <!-- PatchSaveBank -->
  <testcase classname="AddCase.SaveNewBank" name="PatchNewBank" time="0.091">
    <failure type="java.lang.AssertionError" message="expected [200] but found [401]">
      <![CDATA[java.lang.AssertionError: expected [200] but found [401]
at AddCase.SaveNewBank.PatchNewBank(SaveNewBank.java:51)
at java.base/java.util.ArrayList.forEach(ArrayList.java:1511)
... Removed 31 stack frames]]>
    </failure>
  </testcase> <!-- PatchNewBank -->
  <testcase classname="AddCase.SaveNewBank" name="PatchNewBank" time="0.128">
    <failure type="java.lang.AssertionError" message="expected [200] but found [401]">
      <![CDATA[java.lang.AssertionError: expected [200] but found [401]
at AddCase.SaveNewBank.PatchNewBank(SaveNewBank.java:51)
at java.base/java.util.ArrayList.forEach(ArrayList.java:1511)
... Removed 31 stack frames]]>
    </failure>
  </testcase> <!-- PatchNewBank -->
  <testcase classname="AddCase.SaveNewBank" name="PatchNewBank" time="0.128">
    <failure type="java.lang.AssertionError" message="expected [200] but found [401]">
      <![CDATA[java.lang.AssertionError: expected [200] but found [401]
at AddCase.SaveNewBank.PatchNewBank(SaveNewBank.java:51)
at java.base/java.util.ArrayList.forEach(ArrayList.java:1511)
... Removed 31 stack frames]]>
    </failure>
  </testcase> <!-- PatchNewBank -->
  <testcase classname="AddCase.SaveNewBank" name="PatchNewBank" time="0.134">
    <failure type="java.lang.AssertionError" message="expected [200] but found [401]">
      <![CDATA[java.lang.AssertionError: expected [200] but found [401]
at AddCase.SaveNewBank.PatchNewBank(SaveNewBank.java:51)
at java.base/java.util.ArrayList.forEach(ArrayList.java:1511)
... Removed 31 stack frames]]>
    </failure>
  </testcase> <!-- PatchNewBank -->
  <testcase classname="AddCase.SaveNewBank" name="PatchNewBank" time="0.131">
    <failure type="java.lang.AssertionError" message="expected [1002] but found [401]">
      <![CDATA[java.lang.AssertionError: expected [1002] but found [401]
at AddCase.SaveNewBank.PatchNewBank(SaveNewBank.java:51)
at java.base/java.util.ArrayList.forEach(ArrayList.java:1511)
... Removed 31 stack frames]]>
    </failure>
  </testcase> <!-- PatchNewBank -->
  <testcase classname="AddCase.SaveSchedule" name="PatchSaveSchedule" time="0.115">
    <failure type="java.lang.AssertionError" message="expected [200] but found [401]">
      <![CDATA[java.lang.AssertionError: expected [200] but found [401]
at AddCase.SaveSchedule.PatchSaveSchedule(SaveSchedule.java:45)
at java.base/java.util.ArrayList.forEach(ArrayList.java:1511)
... Removed 31 stack frames]]>
    </failure>
  </testcase> <!-- PatchSaveSchedule -->
  <testcase classname="AddCase.SaveSchedule" name="PatchSaveSchedule" time="0.116">
    <failure type="java.lang.AssertionError" message="expected [200] but found [401]">
      <![CDATA[java.lang.AssertionError: expected [200] but found [401]
at AddCase.SaveSchedule.PatchSaveSchedule(SaveSchedule.java:45)
at java.base/java.util.ArrayList.forEach(ArrayList.java:1511)
... Removed 31 stack frames]]>
    </failure>
  </testcase> <!-- PatchSaveSchedule -->
  <testcase classname="AddCase.SaveSchedule" name="PatchSaveSchedule" time="0.107">
    <failure type="java.lang.AssertionError" message="expected [200] but found [401]">
      <![CDATA[java.lang.AssertionError: expected [200] but found [401]
at AddCase.SaveSchedule.PatchSaveSchedule(SaveSchedule.java:45)
at java.base/java.util.ArrayList.forEach(ArrayList.java:1511)
... Removed 31 stack frames]]>
    </failure>
  </testcase> <!-- PatchSaveSchedule -->
  <testcase classname="AddCase.SaveSchedule" name="PatchSaveSchedule" time="0.099">
    <failure type="java.lang.AssertionError" message="expected [1007] but found [401]">
      <![CDATA[java.lang.AssertionError: expected [1007] but found [401]
at AddCase.SaveSchedule.PatchSaveSchedule(SaveSchedule.java:45)
at java.base/java.util.ArrayList.forEach(ArrayList.java:1511)
... Removed 31 stack frames]]>
    </failure>
  </testcase> <!-- PatchSaveSchedule -->
  <testcase classname="AddCase.SaveCaseDoc" name="PatchSaveCaseDoc" time="0.194">
    <failure type="java.lang.AssertionError" message="expected [{&amp;quot;status&amp;quot;:200,&amp;quot;message&amp;quot;:&amp;quot;OK&amp;quot;,&amp;quot;data&amp;quot;:{&amp;quot;caseId&amp;quot;:4}}] but found [{&amp;quot;path&amp;quot;:&amp;quot;/api/v1/cases/4/upload-docs&amp;quot;,&amp;quot;error&amp;quot;:&amp;quot;Unauthorized&amp;quot;,&amp;quot;message&amp;quot;:&amp;quot;Full authentication is required to access this resource&amp;quot;,&amp;quot;status&amp;quot;:401}]">
      <![CDATA[java.lang.AssertionError: expected [{"status":200,"message":"OK","data":{"caseId":4}}] but found [{"path":"/api/v1/cases/4/upload-docs","error":"Unauthorized","message":"Full authentication is required to access this resource","status":401}]
at AddCase.SaveCaseDoc.PatchSaveCaseDoc(SaveCaseDoc.java:48)
at java.base/java.util.ArrayList.forEach(ArrayList.java:1511)
... Removed 31 stack frames]]>
    </failure>
  </testcase> <!-- PatchSaveCaseDoc -->
  <testcase classname="AddCase.SaveCaseDoc" name="PatchSaveCaseDoc" time="0.108">
    <failure type="java.lang.AssertionError" message="expected [{&amp;quot;status&amp;quot;:200,&amp;quot;message&amp;quot;:&amp;quot;OK&amp;quot;,&amp;quot;data&amp;quot;:{&amp;quot;caseId&amp;quot;:4}}] but found [{&amp;quot;path&amp;quot;:&amp;quot;/api/v1/cases/4/upload-docs&amp;quot;,&amp;quot;error&amp;quot;:&amp;quot;Unauthorized&amp;quot;,&amp;quot;message&amp;quot;:&amp;quot;Full authentication is required to access this resource&amp;quot;,&amp;quot;status&amp;quot;:401}]">
      <![CDATA[java.lang.AssertionError: expected [{"status":200,"message":"OK","data":{"caseId":4}}] but found [{"path":"/api/v1/cases/4/upload-docs","error":"Unauthorized","message":"Full authentication is required to access this resource","status":401}]
at AddCase.SaveCaseDoc.PatchSaveCaseDoc(SaveCaseDoc.java:48)
at java.base/java.util.ArrayList.forEach(ArrayList.java:1511)
... Removed 31 stack frames]]>
    </failure>
  </testcase> <!-- PatchSaveCaseDoc -->
  <testcase classname="AddCase.SaveCaseDoc" name="PatchSaveCaseDoc" time="0.12">
    <failure type="java.lang.AssertionError" message="expected [{&amp;quot;status&amp;quot;:200,&amp;quot;message&amp;quot;:&amp;quot;OK&amp;quot;,&amp;quot;data&amp;quot;:{&amp;quot;caseId&amp;quot;:4}}] but found [{&amp;quot;path&amp;quot;:&amp;quot;/api/v1/cases/4/upload-docs&amp;quot;,&amp;quot;error&amp;quot;:&amp;quot;Unauthorized&amp;quot;,&amp;quot;message&amp;quot;:&amp;quot;Full authentication is required to access this resource&amp;quot;,&amp;quot;status&amp;quot;:401}]">
      <![CDATA[java.lang.AssertionError: expected [{"status":200,"message":"OK","data":{"caseId":4}}] but found [{"path":"/api/v1/cases/4/upload-docs","error":"Unauthorized","message":"Full authentication is required to access this resource","status":401}]
at AddCase.SaveCaseDoc.PatchSaveCaseDoc(SaveCaseDoc.java:48)
at java.base/java.util.ArrayList.forEach(ArrayList.java:1511)
... Removed 31 stack frames]]>
    </failure>
  </testcase> <!-- PatchSaveCaseDoc -->
  <testcase classname="AddCase.SaveCaseDoc" name="PatchSaveCaseDoc" time="0.081">
    <failure type="java.lang.AssertionError" message="expected [{&amp;quot;status&amp;quot;:200,&amp;quot;message&amp;quot;:&amp;quot;OK&amp;quot;,&amp;quot;data&amp;quot;:{&amp;quot;caseId&amp;quot;:4}}] but found [{&amp;quot;path&amp;quot;:&amp;quot;/api/v1/cases/4/upload-docs&amp;quot;,&amp;quot;error&amp;quot;:&amp;quot;Unauthorized&amp;quot;,&amp;quot;message&amp;quot;:&amp;quot;Full authentication is required to access this resource&amp;quot;,&amp;quot;status&amp;quot;:401}]">
      <![CDATA[java.lang.AssertionError: expected [{"status":200,"message":"OK","data":{"caseId":4}}] but found [{"path":"/api/v1/cases/4/upload-docs","error":"Unauthorized","message":"Full authentication is required to access this resource","status":401}]
at AddCase.SaveCaseDoc.PatchSaveCaseDoc(SaveCaseDoc.java:48)
at java.base/java.util.ArrayList.forEach(ArrayList.java:1511)
... Removed 31 stack frames]]>
    </failure>
  </testcase> <!-- PatchSaveCaseDoc -->
  <testcase classname="AddCase.SaveCaseDoc" name="PatchSaveCaseDoc" time="0.074">
    <failure type="java.lang.AssertionError" message="expected [{&amp;quot;status&amp;quot;:200,&amp;quot;message&amp;quot;:&amp;quot;OK&amp;quot;,&amp;quot;data&amp;quot;:{&amp;quot;caseId&amp;quot;:10}}] but found [{&amp;quot;path&amp;quot;:&amp;quot;/api/v1/cases/10/upload-docs&amp;quot;,&amp;quot;error&amp;quot;:&amp;quot;Unauthorized&amp;quot;,&amp;quot;message&amp;quot;:&amp;quot;Full authentication is required to access this resource&amp;quot;,&amp;quot;status&amp;quot;:401}]">
      <![CDATA[java.lang.AssertionError: expected [{"status":200,"message":"OK","data":{"caseId":10}}] but found [{"path":"/api/v1/cases/10/upload-docs","error":"Unauthorized","message":"Full authentication is required to access this resource","status":401}]
at AddCase.SaveCaseDoc.PatchSaveCaseDoc(SaveCaseDoc.java:48)
at java.base/java.util.ArrayList.forEach(ArrayList.java:1511)
... Removed 31 stack frames]]>
    </failure>
  </testcase> <!-- PatchSaveCaseDoc -->
  <testcase classname="AddCase.SaveGeoPlot" name="PatchSaveGeoPlot" time="0.138">
    <failure type="java.lang.AssertionError" message="expected [200] but found [401]">
      <![CDATA[java.lang.AssertionError: expected [200] but found [401]
at AddCase.SaveGeoPlot.PatchSaveGeoPlot(SaveGeoPlot.java:42)
at java.base/java.util.ArrayList.forEach(ArrayList.java:1511)
... Removed 31 stack frames]]>
    </failure>
  </testcase> <!-- PatchSaveGeoPlot -->
  <testcase classname="AddCase.SaveGeoPlot" name="PatchSaveGeoPlot" time="0.131">
    <failure type="java.lang.AssertionError" message="expected [200] but found [401]">
      <![CDATA[java.lang.AssertionError: expected [200] but found [401]
at AddCase.SaveGeoPlot.PatchSaveGeoPlot(SaveGeoPlot.java:42)
at java.base/java.util.ArrayList.forEach(ArrayList.java:1511)
... Removed 31 stack frames]]>
    </failure>
  </testcase> <!-- PatchSaveGeoPlot -->
  <testcase classname="AddCase.SaveGeoPlot" name="PatchSaveGeoPlot" time="0.131">
    <failure type="java.lang.AssertionError" message="expected [1007] but found [401]">
      <![CDATA[java.lang.AssertionError: expected [1007] but found [401]
at AddCase.SaveGeoPlot.PatchSaveGeoPlot(SaveGeoPlot.java:42)
at java.base/java.util.ArrayList.forEach(ArrayList.java:1511)
... Removed 31 stack frames]]>
    </failure>
  </testcase> <!-- PatchSaveGeoPlot -->
  <testcase classname="AddCase.SaveGeoPlot" name="PatchSaveGeoPlot" time="0.123">
    <failure type="java.lang.AssertionError" message="expected [1007] but found [401]">
      <![CDATA[java.lang.AssertionError: expected [1007] but found [401]
at AddCase.SaveGeoPlot.PatchSaveGeoPlot(SaveGeoPlot.java:42)
at java.base/java.util.ArrayList.forEach(ArrayList.java:1511)
... Removed 31 stack frames]]>
    </failure>
  </testcase> <!-- PatchSaveGeoPlot -->
  <testcase classname="AddCase.SaveGeoTag" name="PatchSaveJeoTag" time="0.105">
    <failure type="java.lang.AssertionError" message="expected [1007] but found [401]">
      <![CDATA[java.lang.AssertionError: expected [1007] but found [401]
at AddCase.SaveGeoTag.PatchSaveJeoTag(SaveGeoTag.java:44)
at java.base/java.util.ArrayList.forEach(ArrayList.java:1511)
... Removed 31 stack frames]]>
    </failure>
  </testcase> <!-- PatchSaveJeoTag -->
  <testcase classname="AddCase.SaveGeoTag" name="PatchSaveJeoTag" time="0.094">
    <failure type="java.lang.AssertionError" message="expected [200] but found [401]">
      <![CDATA[java.lang.AssertionError: expected [200] but found [401]
at AddCase.SaveGeoTag.PatchSaveJeoTag(SaveGeoTag.java:44)
at java.base/java.util.ArrayList.forEach(ArrayList.java:1511)
... Removed 31 stack frames]]>
    </failure>
  </testcase> <!-- PatchSaveJeoTag -->
  <testcase classname="AddCase.SaveGeoTag" name="PatchSaveJeoTag" time="0.104">
    <failure type="java.lang.AssertionError" message="expected [1007] but found [401]">
      <![CDATA[java.lang.AssertionError: expected [1007] but found [401]
at AddCase.SaveGeoTag.PatchSaveJeoTag(SaveGeoTag.java:44)
at java.base/java.util.ArrayList.forEach(ArrayList.java:1511)
... Removed 31 stack frames]]>
    </failure>
  </testcase> <!-- PatchSaveJeoTag -->
  <testcase classname="AddCase.SaveGeoTag" name="PatchSaveJeoTag" time="0.153">
    <failure type="java.lang.AssertionError" message="expected [200] but found [401]">
      <![CDATA[java.lang.AssertionError: expected [200] but found [401]
at AddCase.SaveGeoTag.PatchSaveJeoTag(SaveGeoTag.java:44)
at java.base/java.util.ArrayList.forEach(ArrayList.java:1511)
... Removed 31 stack frames]]>
    </failure>
  </testcase> <!-- PatchSaveJeoTag -->
</testsuite> <!-- UnifiedJavaAPI -->
