<!DOCTYPE html PUBLIC "-//W3C//DTD XHTML 1.1//EN" "https://www.w3.org/TR/xhtml11/DTD/xhtml11.dtd">
<html xmlns="https://www.w3.org/1999/xhtml">
<head>
<meta http-equiv="content-type" content="text/html; charset=UTF-8"/>
<title>TestNG Report</title>
<style type="text/css">table {margin-bottom:10px;border-collapse:collapse;empty-cells:show}th,td {border:1px solid #009;padding:.25em .5em}th {vertical-align:bottom}td {vertical-align:top}table a {font-weight:bold}.stripe td {background-color: #E6EBF9}.num {text-align:right}.passedodd td {background-color: #3F3}.passedeven td {background-color: #0A0}.skippedodd td {background-color: #DDD}.skippedeven td {background-color: #CCC}.failedodd td,.attn {background-color: #F33}.failedeven td,.stripe .attn {background-color: #D00}.stacktrace {white-space:pre;font-family:monospace}.totop {font-size:85%;text-align:center;border-bottom:2px solid #000}.invisible {display:none}</style>
</head>
<body>
<table>
<tr><th>Test</th><th># Passed</th><th># Skipped</th><th># Retried</th><th># Failed</th><th>Time (ms)</th><th>Included Groups</th><th>Excluded Groups</th></tr>
<tr><th colspan="8">API</th></tr>
<tr><td><a href="#t0">UnifiedJavaAPI</a></td><td class="num">1</td><td class="num">0</td><td class="num">0</td><td class="num attn">84</td><td class="num">35,906</td><td></td><td></td></tr>
</table>
<table id='summary'><thead><tr><th>Class</th><th>Method</th><th>Start</th><th>Time (ms)</th></tr></thead><tbody><tr><th colspan="4">API</th></tr></tbody><tbody id="t0"><tr><th colspan="4">UnifiedJavaAPI &#8212; failed</th></tr><tr class="failedeven"><td rowspan="4">AddCase.NewWarehouse</td><td><a href="#m0">PatchNewWarehouse</a></td><td rowspan="4">1702461361062</td><td rowspan="4">131</td></tr><tr class="failedeven"><td><a href="#m1">PatchNewWarehouse</a></td></tr><tr class="failedeven"><td><a href="#m2">PatchNewWarehouse</a></td></tr><tr class="failedeven"><td><a href="#m3">PatchNewWarehouse</a></td></tr><tr class="failedodd"><td rowspan="4">AddCase.SaveBank</td><td><a href="#m4">PatchSaveBank</a></td><td rowspan="4">1702461369714</td><td rowspan="4">102</td></tr><tr class="failedodd"><td><a href="#m5">PatchSaveBank</a></td></tr><tr class="failedodd"><td><a href="#m6">PatchSaveBank</a></td></tr><tr class="failedodd"><td><a href="#m7">PatchSaveBank</a></td></tr><tr class="failedeven"><td rowspan="5">AddCase.SaveCaseDoc</td><td><a href="#m8">PatchSaveCaseDoc</a></td><td rowspan="5">1702461374560</td><td rowspan="5">120</td></tr><tr class="failedeven"><td><a href="#m9">PatchSaveCaseDoc</a></td></tr><tr class="failedeven"><td><a href="#m10">PatchSaveCaseDoc</a></td></tr><tr class="failedeven"><td><a href="#m11">PatchSaveCaseDoc</a></td></tr><tr class="failedeven"><td><a href="#m12">PatchSaveCaseDoc</a></td></tr><tr class="failedodd"><td rowspan="4">AddCase.SaveCommodity</td><td><a href="#m13">PatchSaveCommodity</a></td><td rowspan="4">1702461362204</td><td rowspan="4">156</td></tr><tr class="failedodd"><td><a href="#m14">PatchSaveCommodity</a></td></tr><tr class="failedodd"><td><a href="#m15">PatchSaveCommodity</a></td></tr><tr class="failedodd"><td><a href="#m16">PatchSaveCommodity</a></td></tr><tr class="failedeven"><td rowspan="2">AddCase.SaveCompany</td><td><a href="#m17">PatchSaveCompany</a></td><td rowspan="2">1702461368130</td><td rowspan="2">123</td></tr><tr class="failedeven"><td><a href="#m18">PatchSaveCompany</a></td></tr><tr class="failedodd"><td rowspan="6">AddCase.SaveCropType</td><td><a href="#m19">PatchCropType</a></td><td rowspan="6">1702461352880</td><td rowspan="6">152</td></tr><tr class="failedodd"><td><a href="#m20">PatchCropType</a></td></tr><tr class="failedodd"><td><a href="#m21">PatchCropType</a></td></tr><tr class="failedodd"><td><a href="#m22">PatchCropType</a></td></tr><tr class="failedodd"><td><a href="#m23">PatchCropType</a></td></tr><tr class="failedodd"><td><a href="#m24">PatchCropType</a></td></tr><tr class="failedeven"><td rowspan="5">AddCase.SaveExistingFarm</td><td><a href="#m25">PatchExistingFarm</a></td><td rowspan="5">1702461355655</td><td rowspan="5">111</td></tr><tr class="failedeven"><td><a href="#m26">PatchExistingFarm</a></td></tr><tr class="failedeven"><td><a href="#m27">PatchExistingFarm</a></td></tr><tr class="failedeven"><td><a href="#m28">PatchExistingFarm</a></td></tr><tr class="failedeven"><td><a href="#m29">PatchExistingFarm</a></td></tr><tr class="failedodd"><td rowspan="4">AddCase.SaveGeoPlot</td><td><a href="#m30">PatchSaveGeoPlot</a></td><td rowspan="4">1702461375498</td><td rowspan="4">138</td></tr><tr class="failedodd"><td><a href="#m31">PatchSaveGeoPlot</a></td></tr><tr class="failedodd"><td><a href="#m32">PatchSaveGeoPlot</a></td></tr><tr class="failedodd"><td><a href="#m33">PatchSaveGeoPlot</a></td></tr><tr class="failedeven"><td rowspan="4">AddCase.SaveGeoTag</td><td><a href="#m34">PatchSaveJeoTag</a></td><td rowspan="4">1702461376929</td><td rowspan="4">153</td></tr><tr class="failedeven"><td><a href="#m35">PatchSaveJeoTag</a></td></tr><tr class="failedeven"><td><a href="#m36">PatchSaveJeoTag</a></td></tr><tr class="failedeven"><td><a href="#m37">PatchSaveJeoTag</a></td></tr><tr class="failedodd"><td rowspan="2">AddCase.SaveInvitation</td><td><a href="#m38">PatchSaveInvitaition</a></td><td rowspan="2">1702461368761</td><td rowspan="2">102</td></tr><tr class="failedodd"><td><a href="#m39">PatchSaveInvitaition</a></td></tr><tr class="failedeven"><td rowspan="5">AddCase.SaveNewBank</td><td><a href="#m40">PatchNewBank</a></td><td rowspan="5">1702461371408</td><td rowspan="5">128</td></tr><tr class="failedeven"><td><a href="#m41">PatchNewBank</a></td></tr><tr class="failedeven"><td><a href="#m42">PatchNewBank</a></td></tr><tr class="failedeven"><td><a href="#m43">PatchNewBank</a></td></tr><tr class="failedeven"><td><a href="#m44">PatchNewBank</a></td></tr><tr class="failedodd"><td rowspan="5">AddCase.SaveNewFarm</td><td><a href="#m45">PatchSaveNewFarm</a></td><td rowspan="5">1702461357456</td><td rowspan="5">116</td></tr><tr class="failedodd"><td><a href="#m46">PatchSaveNewFarm</a></td></tr><tr class="failedodd"><td><a href="#m47">PatchSaveNewFarm</a></td></tr><tr class="failedodd"><td><a href="#m48">PatchSaveNewFarm</a></td></tr><tr class="failedodd"><td><a href="#m49">PatchSaveNewFarm</a></td></tr><tr class="failedeven"><td rowspan="4">AddCase.SaveQuantity</td><td><a href="#m50">PatchSaveQuantity</a></td><td rowspan="4">1702461367136</td><td rowspan="4">117</td></tr><tr class="failedeven"><td><a href="#m51">PatchSaveQuantity</a></td></tr><tr class="failedeven"><td><a href="#m52">PatchSaveQuantity</a></td></tr><tr class="failedeven"><td><a href="#m53">PatchSaveQuantity</a></td></tr><tr class="failedodd"><td rowspan="4">AddCase.SaveSchedule</td><td><a href="#m54">PatchSaveSchedule</a></td><td rowspan="4">1702461372854</td><td rowspan="4">99</td></tr><tr class="failedodd"><td><a href="#m55">PatchSaveSchedule</a></td></tr><tr class="failedodd"><td><a href="#m56">PatchSaveSchedule</a></td></tr><tr class="failedodd"><td><a href="#m57">PatchSaveSchedule</a></td></tr><tr class="failedeven"><td rowspan="4">AddCase.SaveSowingDate</td><td><a href="#m58">PatchSaveSowingDate</a></td><td rowspan="4">1702461365669</td><td rowspan="4">217</td></tr><tr class="failedeven"><td><a href="#m59">PatchSaveSowingDate</a></td></tr><tr class="failedeven"><td><a href="#m60">PatchSaveSowingDate</a></td></tr><tr class="failedeven"><td><a href="#m61">PatchSaveSowingDate</a></td></tr><tr class="failedodd"><td rowspan="5">AddCase.SaveVariety</td><td><a href="#m62">PatchSaveVariety</a></td><td rowspan="5">1702461363706</td><td rowspan="5">121</td></tr><tr class="failedodd"><td><a href="#m63">PatchSaveVariety</a></td></tr><tr class="failedodd"><td><a href="#m64">PatchSaveVariety</a></td></tr><tr class="failedodd"><td><a href="#m65">PatchSaveVariety</a></td></tr><tr class="failedodd"><td><a href="#m66">PatchSaveVariety</a></td></tr><tr class="failedeven"><td rowspan="2">AddCase.SaveWarehouse</td><td><a href="#m67">PatchSaveWarehouse</a></td><td rowspan="2">1702461359143</td><td rowspan="2">140</td></tr><tr class="failedeven"><td><a href="#m68">PatchSaveWarehouse</a></td></tr><tr class="failedodd"><td rowspan="1">Master.CaseDetails</td><td><a href="#m69">getCaseDetails</a></td><td rowspan="1">1702461347633</td><td rowspan="1">126</td></tr><tr class="failedeven"><td rowspan="1">Master.DraftCase</td><td><a href="#m70">getDraftCase</a></td><td rowspan="1">1702461346382</td><td rowspan="1">790</td></tr><tr class="failedodd"><td rowspan="1">Master.POM</td><td><a href="#m71">getPom</a></td><td rowspan="1">1702461349449</td><td rowspan="1">123</td></tr><tr class="failedeven"><td rowspan="1">Master.PaymentInfo</td><td><a href="#m72">getPaymentInfo</a></td><td rowspan="1">1702461349965</td><td rowspan="1">106</td></tr><tr class="failedodd"><td rowspan="1">Master.Prices</td><td><a href="#m73">getPrices</a></td><td rowspan="1">1702461348505</td><td rowspan="1">117</td></tr><tr class="failedeven"><td rowspan="1">Master.SearchBuyer</td><td><a href="#m74">getSearchBuyer</a></td><td rowspan="1">1702461348725</td><td rowspan="1">116</td></tr><tr class="failedodd"><td rowspan="1">Master.SearchCommodity</td><td><a href="#m75">getSearch_commodity</a></td><td rowspan="1">1702461348127</td><td rowspan="1">127</td></tr><tr class="failedeven"><td rowspan="1">Master.SearchIFSC</td><td><a href="#m76">getSearchIFSC</a></td><td rowspan="1">1702461348985</td><td rowspan="1">142</td></tr><tr class="failedodd"><td rowspan="1">Master.SearchVariety</td><td><a href="#m77">getSearch_variety</a></td><td rowspan="1">1702461348259</td><td rowspan="1">129</td></tr><tr class="failedeven"><td rowspan="1">Master.States</td><td><a href="#m78">getState</a></td><td rowspan="1">1702461347874</td><td rowspan="1">128</td></tr><tr class="failedodd"><td rowspan="1">Master.UOM</td><td><a href="#m79">getUom</a></td><td rowspan="1">1702461348396</td><td rowspan="1">107</td></tr><tr class="failedeven"><td rowspan="1">Master.UserBankAccount</td><td><a href="#m80">getUserBank</a></td><td rowspan="1">1702461348853</td><td rowspan="1">128</td></tr><tr class="failedodd"><td rowspan="1">Master.UserCompany</td><td><a href="#m81">getUserCompany</a></td><td rowspan="1">1702461348627</td><td rowspan="1">94</td></tr><tr class="failedeven"><td rowspan="1">Master.UserFarm</td><td><a href="#m82">getUser_farm</a></td><td rowspan="1">1702461347763</td><td rowspan="1">107</td></tr><tr class="failedodd"><td rowspan="1">Master.Warehouses</td><td><a href="#m83">getWarehouse</a></td><td rowspan="1">1702461348006</td><td rowspan="1">114</td></tr><tr><th colspan="4">UnifiedJavaAPI &#8212; passed</th></tr><tr class="passedeven"><td rowspan="1">Auth.ValidateOtp</td><td><a href="#m84">postValOtp</a></td><td rowspan="1">1702461342978</td><td rowspan="1">3392</td></tr></tbody>
</table>
<h2>UnifiedJavaAPI</h2><h3 id="m0">AddCase.NewWarehouse#PatchNewWarehouse</h3><table class="result"><tr class="param"><th>Parameter #1</th><th>Parameter #2</th><th>Parameter #3</th><th>Parameter #4</th><th>Parameter #5</th><th>Parameter #6</th><th>Parameter #7</th><th>Parameter #8</th></tr><tr class="param stripe"><td>4</td><td>Srinagar  Warehouse</td><td>WC908890INP</td><td>98765439</td><td>400066</td><td>1002</td><td>[warehousePhoneNo:[Please Enter Correct Mobile Number]]</td><td>{&quot;status&quot;:1002,&quot;message&quot;:{&quot;warehousePhoneNo&quot;:[&quot;Please Enter Correct Mobile Number&quot;]}}</td></tr><tr><th colspan="8">Exception</th></tr><tr><td colspan="8"><div class="stacktrace">java.lang.AssertionError: expected [1002] but found [401]
	at AddCase.NewWarehouse.PatchNewWarehouse(NewWarehouse.java:51)
	at java.base/java.util.ArrayList.forEach(ArrayList.java:1511)
... Removed 31 stack frames</div></td></tr></table><p class="totop"><a href="#summary">back to summary</a></p>
<h3 id="m1">AddCase.NewWarehouse#PatchNewWarehouse</h3><table class="result"><tr class="param"><th>Parameter #1</th><th>Parameter #2</th><th>Parameter #3</th><th>Parameter #4</th><th>Parameter #5</th><th>Parameter #6</th><th>Parameter #7</th><th>Parameter #8</th></tr><tr class="param stripe"><td>4</td><td>Srinagar  Warehouse</td><td>WC90887INP</td><td>9876543906</td><td>19212</td><td>1002</td><td>[warehousePin:[Please Enter Correct Pin]]</td><td>{&quot;status&quot;:1002,&quot;message&quot;:{&quot;warehousePin&quot;:[&quot;Please Enter Correct Pin&quot;]}}</td></tr><tr><th colspan="8">Exception</th></tr><tr><td colspan="8"><div class="stacktrace">java.lang.AssertionError: expected [1002] but found [401]
	at AddCase.NewWarehouse.PatchNewWarehouse(NewWarehouse.java:51)
	at java.base/java.util.ArrayList.forEach(ArrayList.java:1511)
... Removed 31 stack frames</div></td></tr></table><p class="totop"><a href="#summary">back to summary</a></p>
<h3 id="m2">AddCase.NewWarehouse#PatchNewWarehouse</h3><table class="result"><tr class="param"><th>Parameter #1</th><th>Parameter #2</th><th>Parameter #3</th><th>Parameter #4</th><th>Parameter #5</th><th>Parameter #6</th><th>Parameter #7</th><th>Parameter #8</th></tr><tr class="param stripe"><td>4</td><td>Storage Warehouse</td><td>WC90989INP</td><td>9876549878</td><td>440022</td><td>200</td><td>OK</td><td>{&quot;status&quot;:200,&quot;message&quot;:&quot;OK&quot;,&quot;data&quot;:{&quot;caseId&quot;:4,&quot;warehouseId&quot;:25,&quot;warehousePin&quot;:&quot;440022&quot;,&quot;stateId&quot;:20,&quot;regionId&quot;:null}}</td></tr><tr><th colspan="8">Exception</th></tr><tr><td colspan="8"><div class="stacktrace">java.lang.AssertionError: expected [200] but found [401]
	at AddCase.NewWarehouse.PatchNewWarehouse(NewWarehouse.java:51)
	at java.base/java.util.ArrayList.forEach(ArrayList.java:1511)
... Removed 31 stack frames</div></td></tr></table><p class="totop"><a href="#summary">back to summary</a></p>
<h3 id="m3">AddCase.NewWarehouse#PatchNewWarehouse</h3><table class="result"><tr class="param"><th>Parameter #1</th><th>Parameter #2</th><th>Parameter #3</th><th>Parameter #4</th><th>Parameter #5</th><th>Parameter #6</th><th>Parameter #7</th><th>Parameter #8</th></tr><tr class="param stripe"><td>1</td><td>Srinagar  Warehouse</td><td>WC908890INP</td><td>98765439</td><td>400066</td><td>1002</td><td>[warehousePhoneNo:[Please Enter Correct Mobile Number]]</td><td>{&quot;status&quot;:1002,&quot;message&quot;:{&quot;warehousePhoneNo&quot;:[&quot;Please Enter Correct Mobile Number&quot;]}}</td></tr><tr><th colspan="8">Exception</th></tr><tr><td colspan="8"><div class="stacktrace">java.lang.AssertionError: expected [1002] but found [401]
	at AddCase.NewWarehouse.PatchNewWarehouse(NewWarehouse.java:51)
	at java.base/java.util.ArrayList.forEach(ArrayList.java:1511)
... Removed 31 stack frames</div></td></tr></table><p class="totop"><a href="#summary">back to summary</a></p>
<h3 id="m4">AddCase.SaveBank#PatchSaveBank</h3><table class="result"><tr class="param"><th>Parameter #1</th><th>Parameter #2</th><th>Parameter #3</th><th>Parameter #4</th><th>Parameter #5</th></tr><tr class="param stripe"><td>10</td><td>3</td><td>200</td><td>OK</td><td>{&quot;status&quot;:200,&quot;message&quot;:&quot;OK&quot;,&quot;data&quot;:{&quot;caseId&quot;:10,&quot;bankAccountId&quot;:3}}</td></tr><tr><th colspan="5">Exception</th></tr><tr><td colspan="5"><div class="stacktrace">java.lang.AssertionError: expected [200] but found [401]
	at AddCase.SaveBank.PatchSaveBank(SaveBank.java:49)
	at java.base/java.util.ArrayList.forEach(ArrayList.java:1511)
... Removed 31 stack frames</div></td></tr></table><p class="totop"><a href="#summary">back to summary</a></p>
<h3 id="m5">AddCase.SaveBank#PatchSaveBank</h3><table class="result"><tr class="param"><th>Parameter #1</th><th>Parameter #2</th><th>Parameter #3</th><th>Parameter #4</th><th>Parameter #5</th></tr><tr class="param stripe"><td>12</td><td>4</td><td>200</td><td>OK</td><td>{&quot;status&quot;:200,&quot;message&quot;:&quot;OK&quot;,&quot;data&quot;:{&quot;caseId&quot;:12,&quot;bankAccountId&quot;:4}}</td></tr><tr><th colspan="5">Exception</th></tr><tr><td colspan="5"><div class="stacktrace">java.lang.AssertionError: expected [200] but found [401]
	at AddCase.SaveBank.PatchSaveBank(SaveBank.java:49)
	at java.base/java.util.ArrayList.forEach(ArrayList.java:1511)
... Removed 31 stack frames</div></td></tr></table><p class="totop"><a href="#summary">back to summary</a></p>
<h3 id="m6">AddCase.SaveBank#PatchSaveBank</h3><table class="result"><tr class="param"><th>Parameter #1</th><th>Parameter #2</th><th>Parameter #3</th><th>Parameter #4</th><th>Parameter #5</th></tr><tr class="param stripe"><td>12</td><td>12</td><td>1007</td><td>No Bank Account Found With The Given Id For The Current User</td><td>{&quot;status&quot;:1007,&quot;message&quot;:&quot;No Bank Account Found With The Given Id For The Current User&quot;}</td></tr><tr><th colspan="5">Exception</th></tr><tr><td colspan="5"><div class="stacktrace">java.lang.AssertionError: expected [1007] but found [401]
	at AddCase.SaveBank.PatchSaveBank(SaveBank.java:49)
	at java.base/java.util.ArrayList.forEach(ArrayList.java:1511)
... Removed 31 stack frames</div></td></tr></table><p class="totop"><a href="#summary">back to summary</a></p>
<h3 id="m7">AddCase.SaveBank#PatchSaveBank</h3><table class="result"><tr class="param"><th>Parameter #1</th><th>Parameter #2</th><th>Parameter #3</th><th>Parameter #4</th><th>Parameter #5</th></tr><tr class="param stripe"><td>9</td><td>3</td><td>200</td><td>OK</td><td>{&quot;status&quot;:200,&quot;message&quot;:&quot;OK&quot;,&quot;data&quot;:{&quot;caseId&quot;:9,&quot;bankAccountId&quot;:3}}</td></tr><tr><th colspan="5">Exception</th></tr><tr><td colspan="5"><div class="stacktrace">java.lang.AssertionError: expected [200] but found [401]
	at AddCase.SaveBank.PatchSaveBank(SaveBank.java:49)
	at java.base/java.util.ArrayList.forEach(ArrayList.java:1511)
... Removed 31 stack frames</div></td></tr></table><p class="totop"><a href="#summary">back to summary</a></p>
<h3 id="m8">AddCase.SaveCaseDoc#PatchSaveCaseDoc</h3><table class="result"><tr class="param"><th>Parameter #1</th><th>Parameter #2</th><th>Parameter #3</th><th>Parameter #4</th><th>Parameter #5</th><th>Parameter #6</th><th>Parameter #7</th><th>Parameter #8</th></tr><tr class="param stripe"><td>4</td><td>1</td><td>4</td><td>0</td><td>C:\Users\Kiran\Desktop\New folder\11.jpg</td><td>C:\Users\Kiran\Desktop\New folder\11.jpg</td><td>C:\Users\Kiran\Desktop\New folder\11.jpg</td><td>{&quot;status&quot;:200,&quot;message&quot;:&quot;OK&quot;,&quot;data&quot;:{&quot;caseId&quot;:4}}</td></tr><tr><th colspan="8">Exception</th></tr><tr><td colspan="8"><div class="stacktrace">java.lang.AssertionError: expected [{&quot;status&quot;:200,&quot;message&quot;:&quot;OK&quot;,&quot;data&quot;:{&quot;caseId&quot;:4}}] but found [{&quot;path&quot;:&quot;/api/v1/cases/4/upload-docs&quot;,&quot;error&quot;:&quot;Unauthorized&quot;,&quot;message&quot;:&quot;Full authentication is required to access this resource&quot;,&quot;status&quot;:401}]
	at AddCase.SaveCaseDoc.PatchSaveCaseDoc(SaveCaseDoc.java:48)
	at java.base/java.util.ArrayList.forEach(ArrayList.java:1511)
... Removed 31 stack frames</div></td></tr></table><p class="totop"><a href="#summary">back to summary</a></p>
<h3 id="m9">AddCase.SaveCaseDoc#PatchSaveCaseDoc</h3><table class="result"><tr class="param"><th>Parameter #1</th><th>Parameter #2</th><th>Parameter #3</th><th>Parameter #4</th><th>Parameter #5</th><th>Parameter #6</th><th>Parameter #7</th><th>Parameter #8</th></tr><tr class="param stripe"><td>4</td><td>3</td><td>2</td><td>0</td><td>C:\Users\Kiran\Desktop\New folder\7.jpg</td><td>C:\Users\Kiran\Desktop\New folder\8.jpg</td><td>C:\Users\Kiran\Desktop\New folder\13.jpg</td><td>{&quot;status&quot;:200,&quot;message&quot;:&quot;OK&quot;,&quot;data&quot;:{&quot;caseId&quot;:4}}</td></tr><tr><th colspan="8">Exception</th></tr><tr><td colspan="8"><div class="stacktrace">java.lang.AssertionError: expected [{&quot;status&quot;:200,&quot;message&quot;:&quot;OK&quot;,&quot;data&quot;:{&quot;caseId&quot;:4}}] but found [{&quot;path&quot;:&quot;/api/v1/cases/4/upload-docs&quot;,&quot;error&quot;:&quot;Unauthorized&quot;,&quot;message&quot;:&quot;Full authentication is required to access this resource&quot;,&quot;status&quot;:401}]
	at AddCase.SaveCaseDoc.PatchSaveCaseDoc(SaveCaseDoc.java:48)
	at java.base/java.util.ArrayList.forEach(ArrayList.java:1511)
... Removed 31 stack frames</div></td></tr></table><p class="totop"><a href="#summary">back to summary</a></p>
<h3 id="m10">AddCase.SaveCaseDoc#PatchSaveCaseDoc</h3><table class="result"><tr class="param"><th>Parameter #1</th><th>Parameter #2</th><th>Parameter #3</th><th>Parameter #4</th><th>Parameter #5</th><th>Parameter #6</th><th>Parameter #7</th><th>Parameter #8</th></tr><tr class="param stripe"><td>4</td><td>1</td><td>1</td><td>0</td><td>C:\Users\Kiran\Desktop\New folder\1.jpg</td><td>C:\Users\Kiran\Desktop\New folder\2.jpg</td><td>C:\Users\Kiran\Desktop\New folder\3.jpg</td><td>{&quot;status&quot;:200,&quot;message&quot;:&quot;OK&quot;,&quot;data&quot;:{&quot;caseId&quot;:4}}</td></tr><tr><th colspan="8">Exception</th></tr><tr><td colspan="8"><div class="stacktrace">java.lang.AssertionError: expected [{&quot;status&quot;:200,&quot;message&quot;:&quot;OK&quot;,&quot;data&quot;:{&quot;caseId&quot;:4}}] but found [{&quot;path&quot;:&quot;/api/v1/cases/4/upload-docs&quot;,&quot;error&quot;:&quot;Unauthorized&quot;,&quot;message&quot;:&quot;Full authentication is required to access this resource&quot;,&quot;status&quot;:401}]
	at AddCase.SaveCaseDoc.PatchSaveCaseDoc(SaveCaseDoc.java:48)
	at java.base/java.util.ArrayList.forEach(ArrayList.java:1511)
... Removed 31 stack frames</div></td></tr></table><p class="totop"><a href="#summary">back to summary</a></p>
<h3 id="m11">AddCase.SaveCaseDoc#PatchSaveCaseDoc</h3><table class="result"><tr class="param"><th>Parameter #1</th><th>Parameter #2</th><th>Parameter #3</th><th>Parameter #4</th><th>Parameter #5</th><th>Parameter #6</th><th>Parameter #7</th><th>Parameter #8</th></tr><tr class="param stripe"><td>4</td><td>2</td><td>5</td><td>0</td><td>C:\Users\Kiran\Desktop\New folder\12.jpg</td><td>C:\Users\Kiran\Desktop\New folder\12.jpg</td><td>C:\Users\Kiran\Desktop\New folder\12.jpg</td><td>{&quot;status&quot;:200,&quot;message&quot;:&quot;OK&quot;,&quot;data&quot;:{&quot;caseId&quot;:4}}</td></tr><tr><th colspan="8">Exception</th></tr><tr><td colspan="8"><div class="stacktrace">java.lang.AssertionError: expected [{&quot;status&quot;:200,&quot;message&quot;:&quot;OK&quot;,&quot;data&quot;:{&quot;caseId&quot;:4}}] but found [{&quot;path&quot;:&quot;/api/v1/cases/4/upload-docs&quot;,&quot;error&quot;:&quot;Unauthorized&quot;,&quot;message&quot;:&quot;Full authentication is required to access this resource&quot;,&quot;status&quot;:401}]
	at AddCase.SaveCaseDoc.PatchSaveCaseDoc(SaveCaseDoc.java:48)
	at java.base/java.util.ArrayList.forEach(ArrayList.java:1511)
... Removed 31 stack frames</div></td></tr></table><p class="totop"><a href="#summary">back to summary</a></p>
<h3 id="m12">AddCase.SaveCaseDoc#PatchSaveCaseDoc</h3><table class="result"><tr class="param"><th>Parameter #1</th><th>Parameter #2</th><th>Parameter #3</th><th>Parameter #4</th><th>Parameter #5</th><th>Parameter #6</th><th>Parameter #7</th><th>Parameter #8</th></tr><tr class="param stripe"><td>10</td><td>4</td><td>3</td><td>0</td><td>C:\Users\Kiran\Desktop\New folder\9.jpg</td><td>C:\Users\Kiran\Desktop\New folder\9.jpg</td><td>C:\Users\Kiran\Desktop\New folder\9.jpg</td><td>{&quot;status&quot;:200,&quot;message&quot;:&quot;OK&quot;,&quot;data&quot;:{&quot;caseId&quot;:10}}</td></tr><tr><th colspan="8">Exception</th></tr><tr><td colspan="8"><div class="stacktrace">java.lang.AssertionError: expected [{&quot;status&quot;:200,&quot;message&quot;:&quot;OK&quot;,&quot;data&quot;:{&quot;caseId&quot;:10}}] but found [{&quot;path&quot;:&quot;/api/v1/cases/10/upload-docs&quot;,&quot;error&quot;:&quot;Unauthorized&quot;,&quot;message&quot;:&quot;Full authentication is required to access this resource&quot;,&quot;status&quot;:401}]
	at AddCase.SaveCaseDoc.PatchSaveCaseDoc(SaveCaseDoc.java:48)
	at java.base/java.util.ArrayList.forEach(ArrayList.java:1511)
... Removed 31 stack frames</div></td></tr></table><p class="totop"><a href="#summary">back to summary</a></p>
<h3 id="m13">AddCase.SaveCommodity#PatchSaveCommodity</h3><table class="result"><tr class="param"><th>Parameter #1</th><th>Parameter #2</th><th>Parameter #3</th><th>Parameter #4</th><th>Parameter #5</th></tr><tr class="param stripe"><td>10</td><td>2</td><td>200</td><td>OK</td><td>{&quot;status&quot;:200,&quot;message&quot;:&quot;OK&quot;,&quot;data&quot;:{&quot;caseId&quot;:10,&quot;commodityId&quot;:2}}</td></tr><tr><th colspan="5">Exception</th></tr><tr><td colspan="5"><div class="stacktrace">java.lang.AssertionError: expected [200] but found [401]
	at AddCase.SaveCommodity.PatchSaveCommodity(SaveCommodity.java:49)
	at java.base/java.util.ArrayList.forEach(ArrayList.java:1511)
... Removed 31 stack frames</div></td></tr></table><p class="totop"><a href="#summary">back to summary</a></p>
<h3 id="m14">AddCase.SaveCommodity#PatchSaveCommodity</h3><table class="result"><tr class="param"><th>Parameter #1</th><th>Parameter #2</th><th>Parameter #3</th><th>Parameter #4</th><th>Parameter #5</th></tr><tr class="param stripe"><td>9</td><td>1</td><td>200</td><td>OK</td><td>{&quot;status&quot;:200,&quot;message&quot;:&quot;OK&quot;,&quot;data&quot;:{&quot;caseId&quot;:9,&quot;commodityId&quot;:1}}</td></tr><tr><th colspan="5">Exception</th></tr><tr><td colspan="5"><div class="stacktrace">java.lang.AssertionError: expected [200] but found [401]
	at AddCase.SaveCommodity.PatchSaveCommodity(SaveCommodity.java:49)
	at java.base/java.util.ArrayList.forEach(ArrayList.java:1511)
... Removed 31 stack frames</div></td></tr></table><p class="totop"><a href="#summary">back to summary</a></p>
<h3 id="m15">AddCase.SaveCommodity#PatchSaveCommodity</h3><table class="result"><tr class="param"><th>Parameter #1</th><th>Parameter #2</th><th>Parameter #3</th><th>Parameter #4</th><th>Parameter #5</th></tr><tr class="param stripe"><td>12</td><td>8</td><td>200</td><td>OK</td><td>{&quot;status&quot;:200,&quot;message&quot;:&quot;OK&quot;,&quot;data&quot;:{&quot;caseId&quot;:12,&quot;commodityId&quot;:8}}</td></tr><tr><th colspan="5">Exception</th></tr><tr><td colspan="5"><div class="stacktrace">java.lang.AssertionError: expected [200] but found [401]
	at AddCase.SaveCommodity.PatchSaveCommodity(SaveCommodity.java:49)
	at java.base/java.util.ArrayList.forEach(ArrayList.java:1511)
... Removed 31 stack frames</div></td></tr></table><p class="totop"><a href="#summary">back to summary</a></p>
<h3 id="m16">AddCase.SaveCommodity#PatchSaveCommodity</h3><table class="result"><tr class="param"><th>Parameter #1</th><th>Parameter #2</th><th>Parameter #3</th><th>Parameter #4</th><th>Parameter #5</th></tr><tr class="param stripe"><td>4</td><td>4</td><td>200</td><td>OK</td><td>{&quot;status&quot;:200,&quot;message&quot;:&quot;OK&quot;,&quot;data&quot;:{&quot;caseId&quot;:4,&quot;commodityId&quot;:4}}</td></tr><tr><th colspan="5">Exception</th></tr><tr><td colspan="5"><div class="stacktrace">java.lang.AssertionError: expected [200] but found [401]
	at AddCase.SaveCommodity.PatchSaveCommodity(SaveCommodity.java:49)
	at java.base/java.util.ArrayList.forEach(ArrayList.java:1511)
... Removed 31 stack frames</div></td></tr></table><p class="totop"><a href="#summary">back to summary</a></p>
<h3 id="m17">AddCase.SaveCompany#PatchSaveCompany</h3><table class="result"><tr class="param"><th>Parameter #1</th><th>Parameter #2</th><th>Parameter #3</th><th>Parameter #4</th><th>Parameter #5</th><th>Parameter #6</th><th>Parameter #7</th><th>Parameter #8</th></tr><tr class="param stripe"><td>9</td><td>Farm company</td><td>7662763745</td><td>33/22 dharampeth nagar</td><td>400017</td><td>1007</td><td>This Crop Type Does Not Allowed To Save Or Add Company.</td><td>{&quot;status&quot;:1007,&quot;message&quot;:&quot;This Crop Type Does Not Allowed To Save Or Add Company.&quot;}</td></tr><tr><th colspan="8">Exception</th></tr><tr><td colspan="8"><div class="stacktrace">java.lang.AssertionError: expected [1007] but found [401]
	at AddCase.SaveCompany.PatchSaveCompany(SaveCompany.java:53)
	at java.base/java.util.ArrayList.forEach(ArrayList.java:1511)
... Removed 31 stack frames</div></td></tr></table><p class="totop"><a href="#summary">back to summary</a></p>
<h3 id="m18">AddCase.SaveCompany#PatchSaveCompany</h3><table class="result"><tr class="param"><th>Parameter #1</th><th>Parameter #2</th><th>Parameter #3</th><th>Parameter #4</th><th>Parameter #5</th><th>Parameter #6</th><th>Parameter #7</th><th>Parameter #8</th></tr><tr class="param stripe"><td>4</td><td>Agriculture test company </td><td>7662763745</td><td>33/22 dharampeth nagar</td><td>400017</td><td>200</td><td>OK</td><td>{&quot;status&quot;:200,&quot;message&quot;:&quot;OK&quot;,&quot;data&quot;:{&quot;id&quot;:1,&quot;name&quot;:&quot;Agriculture test company &quot;,&quot;phone&quot;:&quot;7662763745&quot;,&quot;address&quot;:&quot;33/22 dharampeth nagar&quot;,&quot;companyPin&quot;:&quot;400017&quot;,&quot;stateId&quot;:20,&quot;isVerified&quot;:false}}</td></tr><tr><th colspan="8">Exception</th></tr><tr><td colspan="8"><div class="stacktrace">java.lang.AssertionError: expected [200] but found [401]
	at AddCase.SaveCompany.PatchSaveCompany(SaveCompany.java:53)
	at java.base/java.util.ArrayList.forEach(ArrayList.java:1511)
... Removed 31 stack frames</div></td></tr></table><p class="totop"><a href="#summary">back to summary</a></p>
<h3 id="m19">AddCase.SaveCropType#PatchCropType</h3><table class="result"><tr class="param"><th>Parameter #1</th><th>Parameter #2</th><th>Parameter #3</th><th>Parameter #4</th><th>Parameter #5</th></tr><tr class="param stripe"><td>4</td><td>4</td><td>200</td><td>OK</td><td>{&quot;status&quot;:200,&quot;message&quot;:&quot;OK&quot;,&quot;data&quot;:{&quot;caseId&quot;:4,&quot;cropTypeId&quot;:4}}</td></tr><tr><th colspan="5">Exception</th></tr><tr><td colspan="5"><div class="stacktrace">java.lang.AssertionError: expected [200] but found [401]
	at AddCase.SaveCropType.PatchCropType(SaveCropType.java:54)
	at java.base/java.util.ArrayList.forEach(ArrayList.java:1511)
... Removed 31 stack frames</div></td></tr></table><p class="totop"><a href="#summary">back to summary</a></p>
<h3 id="m20">AddCase.SaveCropType#PatchCropType</h3><table class="result"><tr class="param"><th>Parameter #1</th><th>Parameter #2</th><th>Parameter #3</th><th>Parameter #4</th><th>Parameter #5</th></tr><tr class="param stripe"><td>2</td><td>3</td><td>1007</td><td>Invalid combination: Single Tender TenderType can only be saved with CropType WAREHOUSED.</td><td>{&quot;status&quot;:1007,&quot;message&quot;:&quot;Invalid combination: Single Tender TenderType can only be saved with CropType WAREHOUSED.&quot;}</td></tr><tr><th colspan="5">Exception</th></tr><tr><td colspan="5"><div class="stacktrace">java.lang.AssertionError: expected [1007] but found [401]
	at AddCase.SaveCropType.PatchCropType(SaveCropType.java:54)
	at java.base/java.util.ArrayList.forEach(ArrayList.java:1511)
... Removed 31 stack frames</div></td></tr></table><p class="totop"><a href="#summary">back to summary</a></p>
<h3 id="m21">AddCase.SaveCropType#PatchCropType</h3><table class="result"><tr class="param"><th>Parameter #1</th><th>Parameter #2</th><th>Parameter #3</th><th>Parameter #4</th><th>Parameter #5</th></tr><tr class="param stripe"><td>10</td><td>2</td><td>200</td><td>OK</td><td>{&quot;status&quot;:200,&quot;message&quot;:&quot;OK&quot;,&quot;data&quot;:{&quot;caseId&quot;:10,&quot;cropTypeId&quot;:2}}</td></tr><tr><th colspan="5">Exception</th></tr><tr><td colspan="5"><div class="stacktrace">java.lang.AssertionError: expected [200] but found [401]
	at AddCase.SaveCropType.PatchCropType(SaveCropType.java:54)
	at java.base/java.util.ArrayList.forEach(ArrayList.java:1511)
... Removed 31 stack frames</div></td></tr></table><p class="totop"><a href="#summary">back to summary</a></p>
<h3 id="m22">AddCase.SaveCropType#PatchCropType</h3><table class="result"><tr class="param"><th>Parameter #1</th><th>Parameter #2</th><th>Parameter #3</th><th>Parameter #4</th><th>Parameter #5</th></tr><tr class="param stripe"><td>9</td><td>1</td><td>200</td><td>OK</td><td>{&quot;status&quot;:200,&quot;message&quot;:&quot;OK&quot;,&quot;data&quot;:{&quot;caseId&quot;:9,&quot;cropTypeId&quot;:1}}</td></tr><tr><th colspan="5">Exception</th></tr><tr><td colspan="5"><div class="stacktrace">java.lang.AssertionError: expected [200] but found [401]
	at AddCase.SaveCropType.PatchCropType(SaveCropType.java:54)
	at java.base/java.util.ArrayList.forEach(ArrayList.java:1511)
... Removed 31 stack frames</div></td></tr></table><p class="totop"><a href="#summary">back to summary</a></p>
<h3 id="m23">AddCase.SaveCropType#PatchCropType</h3><table class="result"><tr class="param"><th>Parameter #1</th><th>Parameter #2</th><th>Parameter #3</th><th>Parameter #4</th><th>Parameter #5</th></tr><tr class="param stripe"><td>9</td><td>5</td><td>1007</td><td>Invalid CropTypeEnum value: 5</td><td>{&quot;status&quot;:1007,&quot;message&quot;:&quot;Invalid CropTypeEnum value: 5&quot;}</td></tr><tr><th colspan="5">Exception</th></tr><tr><td colspan="5"><div class="stacktrace">java.lang.AssertionError: expected [1007] but found [401]
	at AddCase.SaveCropType.PatchCropType(SaveCropType.java:54)
	at java.base/java.util.ArrayList.forEach(ArrayList.java:1511)
... Removed 31 stack frames</div></td></tr></table><p class="totop"><a href="#summary">back to summary</a></p>
<h3 id="m24">AddCase.SaveCropType#PatchCropType</h3><table class="result"><tr class="param"><th>Parameter #1</th><th>Parameter #2</th><th>Parameter #3</th><th>Parameter #4</th><th>Parameter #5</th></tr><tr class="param stripe"><td>12</td><td>3</td><td>200</td><td>OK</td><td>{&quot;status&quot;:200,&quot;message&quot;:&quot;OK&quot;,&quot;data&quot;:{&quot;caseId&quot;:12,&quot;cropTypeId&quot;:3}}</td></tr><tr><th colspan="5">Exception</th></tr><tr><td colspan="5"><div class="stacktrace">java.lang.AssertionError: expected [200] but found [401]
	at AddCase.SaveCropType.PatchCropType(SaveCropType.java:54)
	at java.base/java.util.ArrayList.forEach(ArrayList.java:1511)
... Removed 31 stack frames</div></td></tr></table><p class="totop"><a href="#summary">back to summary</a></p>
<h3 id="m25">AddCase.SaveExistingFarm#PatchExistingFarm</h3><table class="result"><tr class="param"><th>Parameter #1</th><th>Parameter #2</th><th>Parameter #3</th><th>Parameter #4</th><th>Parameter #5</th></tr><tr class="param stripe"><td>9</td><td>12</td><td>1007</td><td>This Farm Does Not Belong To This User farmID#12</td><td>{&quot;status&quot;:1007,&quot;message&quot;:&quot;This Farm Does Not Belong To This User farmID#12&quot;}</td></tr><tr><th colspan="5">Exception</th></tr><tr><td colspan="5"><div class="stacktrace">java.lang.AssertionError: expected [1007] but found [401]
	at AddCase.SaveExistingFarm.PatchExistingFarm(SaveExistingFarm.java:51)
	at java.base/java.util.ArrayList.forEach(ArrayList.java:1511)
... Removed 31 stack frames</div></td></tr></table><p class="totop"><a href="#summary">back to summary</a></p>
<h3 id="m26">AddCase.SaveExistingFarm#PatchExistingFarm</h3><table class="result"><tr class="param"><th>Parameter #1</th><th>Parameter #2</th><th>Parameter #3</th><th>Parameter #4</th><th>Parameter #5</th></tr><tr class="param stripe"><td>12</td><td>5</td><td>200</td><td>OK</td><td>{&quot;status&quot;:200,&quot;message&quot;:&quot;OK&quot;,&quot;data&quot;:{&quot;caseId&quot;:12,&quot;farmId&quot;:5,&quot;farmPin&quot;:&quot;445001&quot;,&quot;stateId&quot;:20,&quot;regionId&quot;:7}}</td></tr><tr><th colspan="5">Exception</th></tr><tr><td colspan="5"><div class="stacktrace">java.lang.AssertionError: expected [200] but found [401]
	at AddCase.SaveExistingFarm.PatchExistingFarm(SaveExistingFarm.java:51)
	at java.base/java.util.ArrayList.forEach(ArrayList.java:1511)
... Removed 31 stack frames</div></td></tr></table><p class="totop"><a href="#summary">back to summary</a></p>
<h3 id="m27">AddCase.SaveExistingFarm#PatchExistingFarm</h3><table class="result"><tr class="param"><th>Parameter #1</th><th>Parameter #2</th><th>Parameter #3</th><th>Parameter #4</th><th>Parameter #5</th></tr><tr class="param stripe"><td>4</td><td>4</td><td>1007</td><td>This Crop Type Does Not Allowed To Save Or Add Farm.</td><td>{&quot;status&quot;:1007,&quot;message&quot;:&quot;This Crop Type Does Not Allowed To Save Or Add Farm.&quot;}</td></tr><tr><th colspan="5">Exception</th></tr><tr><td colspan="5"><div class="stacktrace">java.lang.AssertionError: expected [1007] but found [401]
	at AddCase.SaveExistingFarm.PatchExistingFarm(SaveExistingFarm.java:51)
	at java.base/java.util.ArrayList.forEach(ArrayList.java:1511)
... Removed 31 stack frames</div></td></tr></table><p class="totop"><a href="#summary">back to summary</a></p>
<h3 id="m28">AddCase.SaveExistingFarm#PatchExistingFarm</h3><table class="result"><tr class="param"><th>Parameter #1</th><th>Parameter #2</th><th>Parameter #3</th><th>Parameter #4</th><th>Parameter #5</th></tr><tr class="param stripe"><td>10</td><td>4</td><td>200</td><td>OK</td><td>{&quot;status&quot;:200,&quot;message&quot;:&quot;OK&quot;,&quot;data&quot;:{&quot;caseId&quot;:10,&quot;farmId&quot;:4,&quot;farmPin&quot;:&quot;445001&quot;,&quot;stateId&quot;:20,&quot;regionId&quot;:7}}</td></tr><tr><th colspan="5">Exception</th></tr><tr><td colspan="5"><div class="stacktrace">java.lang.AssertionError: expected [200] but found [401]
	at AddCase.SaveExistingFarm.PatchExistingFarm(SaveExistingFarm.java:51)
	at java.base/java.util.ArrayList.forEach(ArrayList.java:1511)
... Removed 31 stack frames</div></td></tr></table><p class="totop"><a href="#summary">back to summary</a></p>
<h3 id="m29">AddCase.SaveExistingFarm#PatchExistingFarm</h3><table class="result"><tr class="param"><th>Parameter #1</th><th>Parameter #2</th><th>Parameter #3</th><th>Parameter #4</th><th>Parameter #5</th></tr><tr class="param stripe"><td>9</td><td>3</td><td>200</td><td>OK</td><td>{&quot;status&quot;:200,&quot;message&quot;:&quot;OK&quot;,&quot;data&quot;:{&quot;caseId&quot;:9,&quot;farmId&quot;:3,&quot;farmPin&quot;:&quot;445001&quot;,&quot;stateId&quot;:20,&quot;regionId&quot;:7}}</td></tr><tr><th colspan="5">Exception</th></tr><tr><td colspan="5"><div class="stacktrace">java.lang.AssertionError: expected [200] but found [401]
	at AddCase.SaveExistingFarm.PatchExistingFarm(SaveExistingFarm.java:51)
	at java.base/java.util.ArrayList.forEach(ArrayList.java:1511)
... Removed 31 stack frames</div></td></tr></table><p class="totop"><a href="#summary">back to summary</a></p>
<h3 id="m30">AddCase.SaveGeoPlot#PatchSaveGeoPlot</h3><table class="result"><tr class="param"><th>Parameter #1</th><th>Parameter #2</th><th>Parameter #3</th><th>Parameter #4</th><th>Parameter #5</th><th>Parameter #6</th></tr><tr class="param stripe"><td>9</td><td>[{&apos;latitude&apos;: 20.07517242,&apos;longitude&apos;: 20.75853729},{&apos;latitude&apos;: 20.07517267,&apos;longitude&apos;: 20.07517256},{&apos;latitude&apos;: 20.07517267,longitude&apos;: 20.07517289}]</td><td>3333</td><td>200</td><td>OK</td><td>{&quot;status&quot;:200,&quot;message&quot;:&quot;OK&quot;,&quot;data&quot;:{&quot;caseId&quot;:9}}</td></tr><tr><th colspan="6">Exception</th></tr><tr><td colspan="6"><div class="stacktrace">java.lang.AssertionError: expected [200] but found [401]
	at AddCase.SaveGeoPlot.PatchSaveGeoPlot(SaveGeoPlot.java:42)
	at java.base/java.util.ArrayList.forEach(ArrayList.java:1511)
... Removed 31 stack frames</div></td></tr></table><p class="totop"><a href="#summary">back to summary</a></p>
<h3 id="m31">AddCase.SaveGeoPlot#PatchSaveGeoPlot</h3><table class="result"><tr class="param"><th>Parameter #1</th><th>Parameter #2</th><th>Parameter #3</th><th>Parameter #4</th><th>Parameter #5</th><th>Parameter #6</th></tr><tr class="param stripe"><td>12</td><td>[{&apos;latitude&apos;: 20.07517242,&apos;longitude&apos;: 20.75853729},{&apos;latitude&apos;: 20.07517267,&apos;longitude&apos;: 20.07517256},{&apos;latitude&apos;: 20.07517267,longitude&apos;: 20.07517289}]</td><td>4000</td><td>1007</td><td>This CropType Can Not Save Geo Plot</td><td>{&quot;status&quot;:1007,&quot;message&quot;:&quot;This CropType Can Not Save Geo Plot&quot;}</td></tr><tr><th colspan="6">Exception</th></tr><tr><td colspan="6"><div class="stacktrace">java.lang.AssertionError: expected [1007] but found [401]
	at AddCase.SaveGeoPlot.PatchSaveGeoPlot(SaveGeoPlot.java:42)
	at java.base/java.util.ArrayList.forEach(ArrayList.java:1511)
... Removed 31 stack frames</div></td></tr></table><p class="totop"><a href="#summary">back to summary</a></p>
<h3 id="m32">AddCase.SaveGeoPlot#PatchSaveGeoPlot</h3><table class="result"><tr class="param"><th>Parameter #1</th><th>Parameter #2</th><th>Parameter #3</th><th>Parameter #4</th><th>Parameter #5</th><th>Parameter #6</th></tr><tr class="param stripe"><td>4</td><td>[{&apos;latitude&apos;: 20.07517242,&apos;longitude&apos;: 20.75853729},{&apos;latitude&apos;: 20.07517267,&apos;longitude&apos;: 20.07517256},{&apos;latitude&apos;: 20.07517267,longitude&apos;: 20.07517289}]</td><td>5000</td><td>1007</td><td>This CropType Can Not Save Geo Plot</td><td>{&quot;status&quot;:1007,&quot;message&quot;:&quot;This CropType Can Not Save Geo Plot&quot;}</td></tr><tr><th colspan="6">Exception</th></tr><tr><td colspan="6"><div class="stacktrace">java.lang.AssertionError: expected [1007] but found [401]
	at AddCase.SaveGeoPlot.PatchSaveGeoPlot(SaveGeoPlot.java:42)
	at java.base/java.util.ArrayList.forEach(ArrayList.java:1511)
... Removed 31 stack frames</div></td></tr></table><p class="totop"><a href="#summary">back to summary</a></p>
<h3 id="m33">AddCase.SaveGeoPlot#PatchSaveGeoPlot</h3><table class="result"><tr class="param"><th>Parameter #1</th><th>Parameter #2</th><th>Parameter #3</th><th>Parameter #4</th><th>Parameter #5</th><th>Parameter #6</th></tr><tr class="param stripe"><td>10</td><td>[{&apos;latitude&apos;: 20.07517242,&apos;longitude&apos;: 20.75853729},{&apos;latitude&apos;: 20.07517267,&apos;longitude&apos;: 20.07517256},{&apos;latitude&apos;: 20.07517267,longitude&apos;: 20.07517289}]</td><td>3000</td><td>200</td><td>OK</td><td>{&quot;status&quot;:200,&quot;message&quot;:&quot;OK&quot;,&quot;data&quot;:{&quot;caseId&quot;:10}}</td></tr><tr><th colspan="6">Exception</th></tr><tr><td colspan="6"><div class="stacktrace">java.lang.AssertionError: expected [200] but found [401]
	at AddCase.SaveGeoPlot.PatchSaveGeoPlot(SaveGeoPlot.java:42)
	at java.base/java.util.ArrayList.forEach(ArrayList.java:1511)
... Removed 31 stack frames</div></td></tr></table><p class="totop"><a href="#summary">back to summary</a></p>
<h3 id="m34">AddCase.SaveGeoTag#PatchSaveJeoTag</h3><table class="result"><tr class="param"><th>Parameter #1</th><th>Parameter #2</th><th>Parameter #3</th><th>Parameter #4</th><th>Parameter #5</th><th>Parameter #6</th></tr><tr class="param stripe"><td>4</td><td>20.07517242</td><td>20.75853729</td><td>200</td><td>OK</td><td>{&quot;status&quot;:200,&quot;message&quot;:&quot;OK&quot;,&quot;data&quot;:{&quot;caseId&quot;:4}}</td></tr><tr><th colspan="6">Exception</th></tr><tr><td colspan="6"><div class="stacktrace">java.lang.AssertionError: expected [200] but found [401]
	at AddCase.SaveGeoTag.PatchSaveJeoTag(SaveGeoTag.java:44)
	at java.base/java.util.ArrayList.forEach(ArrayList.java:1511)
... Removed 31 stack frames</div></td></tr></table><p class="totop"><a href="#summary">back to summary</a></p>
<h3 id="m35">AddCase.SaveGeoTag#PatchSaveJeoTag</h3><table class="result"><tr class="param"><th>Parameter #1</th><th>Parameter #2</th><th>Parameter #3</th><th>Parameter #4</th><th>Parameter #5</th><th>Parameter #6</th></tr><tr class="param stripe"><td>12</td><td>20.07517242</td><td>20.75853729</td><td>200</td><td>OK</td><td>{&quot;status&quot;:200,&quot;message&quot;:&quot;OK&quot;,&quot;data&quot;:{&quot;caseId&quot;:12}}</td></tr><tr><th colspan="6">Exception</th></tr><tr><td colspan="6"><div class="stacktrace">java.lang.AssertionError: expected [200] but found [401]
	at AddCase.SaveGeoTag.PatchSaveJeoTag(SaveGeoTag.java:44)
	at java.base/java.util.ArrayList.forEach(ArrayList.java:1511)
... Removed 31 stack frames</div></td></tr></table><p class="totop"><a href="#summary">back to summary</a></p>
<h3 id="m36">AddCase.SaveGeoTag#PatchSaveJeoTag</h3><table class="result"><tr class="param"><th>Parameter #1</th><th>Parameter #2</th><th>Parameter #3</th><th>Parameter #4</th><th>Parameter #5</th><th>Parameter #6</th></tr><tr class="param stripe"><td>9</td><td>20.07517242</td><td>20.75853729</td><td>1007</td><td>This CropType Can Not Save Geo Tag</td><td>{&quot;status&quot;:1007,&quot;message&quot;:&quot;This CropType Can Not Save Geo Tag&quot;}</td></tr><tr><th colspan="6">Exception</th></tr><tr><td colspan="6"><div class="stacktrace">java.lang.AssertionError: expected [1007] but found [401]
	at AddCase.SaveGeoTag.PatchSaveJeoTag(SaveGeoTag.java:44)
	at java.base/java.util.ArrayList.forEach(ArrayList.java:1511)
... Removed 31 stack frames</div></td></tr></table><p class="totop"><a href="#summary">back to summary</a></p>
<h3 id="m37">AddCase.SaveGeoTag#PatchSaveJeoTag</h3><table class="result"><tr class="param"><th>Parameter #1</th><th>Parameter #2</th><th>Parameter #3</th><th>Parameter #4</th><th>Parameter #5</th><th>Parameter #6</th></tr><tr class="param stripe"><td>10</td><td>20.07517242</td><td>20.75853729</td><td>1007</td><td>This CropType Can Not Save Geo Tag</td><td>{&quot;status&quot;:1007,&quot;message&quot;:&quot;This CropType Can Not Save Geo Tag&quot;}</td></tr><tr><th colspan="6">Exception</th></tr><tr><td colspan="6"><div class="stacktrace">java.lang.AssertionError: expected [1007] but found [401]
	at AddCase.SaveGeoTag.PatchSaveJeoTag(SaveGeoTag.java:44)
	at java.base/java.util.ArrayList.forEach(ArrayList.java:1511)
... Removed 31 stack frames</div></td></tr></table><p class="totop"><a href="#summary">back to summary</a></p>
<h3 id="m38">AddCase.SaveInvitation#PatchSaveInvitaition</h3><table class="result"><tr class="param"><th>Parameter #1</th><th>Parameter #2</th><th>Parameter #3</th><th>Parameter #4</th><th>Parameter #5</th><th>Parameter #6</th><th>Parameter #7</th><th>Parameter #8</th></tr><tr class="param stripe"><td>9</td><td>[4]</td><td>2400</td><td>10</td><td>2023-12-30</td><td>1007</td><td>Open Tender Type Could Not Invite Any Buyer</td><td>{&quot;status&quot;:1007,&quot;message&quot;:&quot;Open Tender Type Could Not Invite Any Buyer&quot;}</td></tr><tr><th colspan="8">Exception</th></tr><tr><td colspan="8"><div class="stacktrace">java.lang.AssertionError: expected [1007] but found [401]
	at AddCase.SaveInvitation.PatchSaveInvitaition(SaveInvitation.java:50)
	at java.base/java.util.ArrayList.forEach(ArrayList.java:1511)
... Removed 31 stack frames</div></td></tr></table><p class="totop"><a href="#summary">back to summary</a></p>
<h3 id="m39">AddCase.SaveInvitation#PatchSaveInvitaition</h3><table class="result"><tr class="param"><th>Parameter #1</th><th>Parameter #2</th><th>Parameter #3</th><th>Parameter #4</th><th>Parameter #5</th><th>Parameter #6</th><th>Parameter #7</th><th>Parameter #8</th></tr><tr class="param stripe"><td>4</td><td>[4]</td><td>2400</td><td>10</td><td>2023-12-30</td><td>200</td><td>OK</td><td>{&quot;status&quot;:200,&quot;message&quot;:&quot;OK&quot;,&quot;data&quot;:{&quot;caseId&quot;:4}}</td></tr><tr><th colspan="8">Exception</th></tr><tr><td colspan="8"><div class="stacktrace">java.lang.AssertionError: expected [200] but found [401]
	at AddCase.SaveInvitation.PatchSaveInvitaition(SaveInvitation.java:50)
	at java.base/java.util.ArrayList.forEach(ArrayList.java:1511)
... Removed 31 stack frames</div></td></tr></table><p class="totop"><a href="#summary">back to summary</a></p>
<h3 id="m40">AddCase.SaveNewBank#PatchNewBank</h3><table class="result"><tr class="param"><th>Parameter #1</th><th>Parameter #2</th><th>Parameter #3</th><th>Parameter #4</th><th>Parameter #5</th><th>Parameter #6</th><th>Parameter #7</th></tr><tr class="param stripe"><td>12</td><td>ABHY0065001</td><td>Kiran Bode</td><td>266730908973</td><td>200</td><td>OK</td><td>{&quot;status&quot;:200,&quot;message&quot;:&quot;OK&quot;,&quot;data&quot;:{&quot;caseId&quot;:12,&quot;bankAccountId&quot;:4}}</td></tr><tr><th colspan="7">Exception</th></tr><tr><td colspan="7"><div class="stacktrace">java.lang.AssertionError: expected [200] but found [401]
	at AddCase.SaveNewBank.PatchNewBank(SaveNewBank.java:51)
	at java.base/java.util.ArrayList.forEach(ArrayList.java:1511)
... Removed 31 stack frames</div></td></tr></table><p class="totop"><a href="#summary">back to summary</a></p>
<h3 id="m41">AddCase.SaveNewBank#PatchNewBank</h3><table class="result"><tr class="param"><th>Parameter #1</th><th>Parameter #2</th><th>Parameter #3</th><th>Parameter #4</th><th>Parameter #5</th><th>Parameter #6</th><th>Parameter #7</th></tr><tr class="param stripe"><td>10</td><td>AKJB0000019</td><td>Kiran Bansule</td><td>9988989878</td><td>200</td><td>OK</td><td>{&quot;status&quot;:200,&quot;message&quot;:&quot;OK&quot;,&quot;data&quot;:{&quot;caseId&quot;:10,&quot;bankAccountId&quot;:3}}</td></tr><tr><th colspan="7">Exception</th></tr><tr><td colspan="7"><div class="stacktrace">java.lang.AssertionError: expected [200] but found [401]
	at AddCase.SaveNewBank.PatchNewBank(SaveNewBank.java:51)
	at java.base/java.util.ArrayList.forEach(ArrayList.java:1511)
... Removed 31 stack frames</div></td></tr></table><p class="totop"><a href="#summary">back to summary</a></p>
<h3 id="m42">AddCase.SaveNewBank#PatchNewBank</h3><table class="result"><tr class="param"><th>Parameter #1</th><th>Parameter #2</th><th>Parameter #3</th><th>Parameter #4</th><th>Parameter #5</th><th>Parameter #6</th><th>Parameter #7</th></tr><tr class="param stripe"><td>9</td><td>AKJB0000019</td><td>Kiran Bansule</td><td>9988989878</td><td>200</td><td>OK</td><td>{&quot;status&quot;:200,&quot;message&quot;:&quot;OK&quot;,&quot;data&quot;:{&quot;caseId&quot;:9,&quot;bankAccountId&quot;:3}}</td></tr><tr><th colspan="7">Exception</th></tr><tr><td colspan="7"><div class="stacktrace">java.lang.AssertionError: expected [200] but found [401]
	at AddCase.SaveNewBank.PatchNewBank(SaveNewBank.java:51)
	at java.base/java.util.ArrayList.forEach(ArrayList.java:1511)
... Removed 31 stack frames</div></td></tr></table><p class="totop"><a href="#summary">back to summary</a></p>
<h3 id="m43">AddCase.SaveNewBank#PatchNewBank</h3><table class="result"><tr class="param"><th>Parameter #1</th><th>Parameter #2</th><th>Parameter #3</th><th>Parameter #4</th><th>Parameter #5</th><th>Parameter #6</th><th>Parameter #7</th></tr><tr class="param stripe"><td>4</td><td>ABHY0065024</td><td>Meera</td><td>266737808973</td><td>200</td><td>OK</td><td>{&quot;status&quot;:200,&quot;message&quot;:&quot;OK&quot;,&quot;data&quot;:{&quot;caseId&quot;:4,&quot;bankAccountId&quot;:2}}</td></tr><tr><th colspan="7">Exception</th></tr><tr><td colspan="7"><div class="stacktrace">java.lang.AssertionError: expected [200] but found [401]
	at AddCase.SaveNewBank.PatchNewBank(SaveNewBank.java:51)
	at java.base/java.util.ArrayList.forEach(ArrayList.java:1511)
... Removed 31 stack frames</div></td></tr></table><p class="totop"><a href="#summary">back to summary</a></p>
<h3 id="m44">AddCase.SaveNewBank#PatchNewBank</h3><table class="result"><tr class="param"><th>Parameter #1</th><th>Parameter #2</th><th>Parameter #3</th><th>Parameter #4</th><th>Parameter #5</th><th>Parameter #6</th><th>Parameter #7</th></tr><tr class="param stripe"><td>9</td><td>ABHY0065</td><td>Pradip</td><td>266765408973</td><td>1002</td><td>[ifsc:[Please Enter Correct IFSC Code]]</td><td>{&quot;status&quot;:1002,&quot;message&quot;:{&quot;ifsc&quot;:[&quot;Please Enter Correct IFSC Code&quot;]}}</td></tr><tr><th colspan="7">Exception</th></tr><tr><td colspan="7"><div class="stacktrace">java.lang.AssertionError: expected [1002] but found [401]
	at AddCase.SaveNewBank.PatchNewBank(SaveNewBank.java:51)
	at java.base/java.util.ArrayList.forEach(ArrayList.java:1511)
... Removed 31 stack frames</div></td></tr></table><p class="totop"><a href="#summary">back to summary</a></p>
<h3 id="m45">AddCase.SaveNewFarm#PatchSaveNewFarm</h3><table class="result"><tr class="param"><th>Parameter #1</th><th>Parameter #2</th><th>Parameter #3</th><th>Parameter #4</th><th>Parameter #5</th><th>Parameter #6</th><th>Parameter #7</th></tr><tr class="param stripe"><td>9</td><td>Farm Fresh Fun</td><td>OWNED</td><td>445001</td><td>200</td><td>OK</td><td>{&quot;status&quot;:200,&quot;message&quot;:&quot;OK&quot;,&quot;data&quot;:{&quot;caseId&quot;:9,&quot;farmId&quot;:3,&quot;farmPin&quot;:&quot;445001&quot;,&quot;stateId&quot;:20,&quot;regionId&quot;:7}}</td></tr><tr><th colspan="7">Exception</th></tr><tr><td colspan="7"><div class="stacktrace">java.lang.AssertionError: expected [200] but found [401]
	at AddCase.SaveNewFarm.PatchSaveNewFarm(SaveNewFarm.java:52)
	at java.base/java.util.ArrayList.forEach(ArrayList.java:1511)
... Removed 31 stack frames</div></td></tr></table><p class="totop"><a href="#summary">back to summary</a></p>
<h3 id="m46">AddCase.SaveNewFarm#PatchSaveNewFarm</h3><table class="result"><tr class="param"><th>Parameter #1</th><th>Parameter #2</th><th>Parameter #3</th><th>Parameter #4</th><th>Parameter #5</th><th>Parameter #6</th><th>Parameter #7</th></tr><tr class="param stripe"><td>10</td><td>Farm New Breka</td><td>OWNED</td><td>445001</td><td>200</td><td>OK</td><td>{&quot;status&quot;:200,&quot;message&quot;:&quot;OK&quot;,&quot;data&quot;:{&quot;caseId&quot;:10,&quot;farmId&quot;:4,&quot;farmPin&quot;:&quot;445001&quot;,&quot;stateId&quot;:20,&quot;regionId&quot;:7}}</td></tr><tr><th colspan="7">Exception</th></tr><tr><td colspan="7"><div class="stacktrace">java.lang.AssertionError: expected [200] but found [401]
	at AddCase.SaveNewFarm.PatchSaveNewFarm(SaveNewFarm.java:52)
	at java.base/java.util.ArrayList.forEach(ArrayList.java:1511)
... Removed 31 stack frames</div></td></tr></table><p class="totop"><a href="#summary">back to summary</a></p>
<h3 id="m47">AddCase.SaveNewFarm#PatchSaveNewFarm</h3><table class="result"><tr class="param"><th>Parameter #1</th><th>Parameter #2</th><th>Parameter #3</th><th>Parameter #4</th><th>Parameter #5</th><th>Parameter #6</th><th>Parameter #7</th></tr><tr class="param stripe"><td>3</td><td>Breka</td><td>OWNED</td><td>44110</td><td>1002</td><td>[farmPin:[Please Enter Correct Pin]]</td><td>{&quot;status&quot;:1002,&quot;message&quot;:{&quot;farmPin&quot;:[&quot;Please Enter Correct Pin&quot;]}}</td></tr><tr><th colspan="7">Exception</th></tr><tr><td colspan="7"><div class="stacktrace">java.lang.AssertionError: expected [1002] but found [401]
	at AddCase.SaveNewFarm.PatchSaveNewFarm(SaveNewFarm.java:52)
	at java.base/java.util.ArrayList.forEach(ArrayList.java:1511)
... Removed 31 stack frames</div></td></tr></table><p class="totop"><a href="#summary">back to summary</a></p>
<h3 id="m48">AddCase.SaveNewFarm#PatchSaveNewFarm</h3><table class="result"><tr class="param"><th>Parameter #1</th><th>Parameter #2</th><th>Parameter #3</th><th>Parameter #4</th><th>Parameter #5</th><th>Parameter #6</th><th>Parameter #7</th></tr><tr class="param stripe"><td>4</td><td>Sasegao</td><td>LEASED</td><td>400707</td><td>1007</td><td>This Crop Type Does Not Allowed To Save Or Add Farm.</td><td>{&quot;status&quot;:1007,&quot;message&quot;:&quot;This Crop Type Does Not Allowed To Save Or Add Farm.&quot;}</td></tr><tr><th colspan="7">Exception</th></tr><tr><td colspan="7"><div class="stacktrace">java.lang.AssertionError: expected [1007] but found [401]
	at AddCase.SaveNewFarm.PatchSaveNewFarm(SaveNewFarm.java:52)
	at java.base/java.util.ArrayList.forEach(ArrayList.java:1511)
... Removed 31 stack frames</div></td></tr></table><p class="totop"><a href="#summary">back to summary</a></p>
<h3 id="m49">AddCase.SaveNewFarm#PatchSaveNewFarm</h3><table class="result"><tr class="param"><th>Parameter #1</th><th>Parameter #2</th><th>Parameter #3</th><th>Parameter #4</th><th>Parameter #5</th><th>Parameter #6</th><th>Parameter #7</th></tr><tr class="param stripe"><td>4</td><td>Sasegao</td><td>LEASED</td><td>400707</td><td>1007</td><td>This Crop Type Does Not Allowed To Save Or Add Farm.</td><td>{&quot;status&quot;:1007,&quot;message&quot;:&quot;This Crop Type Does Not Allowed To Save Or Add Farm.&quot;}</td></tr><tr><th colspan="7">Exception</th></tr><tr><td colspan="7"><div class="stacktrace">java.lang.AssertionError: expected [1007] but found [401]
	at AddCase.SaveNewFarm.PatchSaveNewFarm(SaveNewFarm.java:52)
	at java.base/java.util.ArrayList.forEach(ArrayList.java:1511)
... Removed 31 stack frames</div></td></tr></table><p class="totop"><a href="#summary">back to summary</a></p>
<h3 id="m50">AddCase.SaveQuantity#PatchSaveQuantity</h3><table class="result"><tr class="param"><th>Parameter #1</th><th>Parameter #2</th><th>Parameter #3</th><th>Parameter #4</th><th>Parameter #5</th><th>Parameter #6</th><th>Parameter #7</th></tr><tr class="param stripe"><td>10</td><td>27000</td><td>1</td><td>null</td><td>1007</td><td>This CropType Is Not Valid For Save Quantity</td><td>{&quot;status&quot;:1007,&quot;message&quot;:&quot;This CropType Is Not Valid For Save Quantity&quot;}</td></tr><tr><th colspan="7">Exception</th></tr><tr><td colspan="7"><div class="stacktrace">java.lang.AssertionError: expected [1007] but found [401]
	at AddCase.SaveQuantity.PatchSaveQuantity(SaveQuantity.java:49)
	at java.base/java.util.ArrayList.forEach(ArrayList.java:1511)
... Removed 31 stack frames</div></td></tr></table><p class="totop"><a href="#summary">back to summary</a></p>
<h3 id="m51">AddCase.SaveQuantity#PatchSaveQuantity</h3><table class="result"><tr class="param"><th>Parameter #1</th><th>Parameter #2</th><th>Parameter #3</th><th>Parameter #4</th><th>Parameter #5</th><th>Parameter #6</th><th>Parameter #7</th></tr><tr class="param stripe"><td>12</td><td>25000</td><td>1</td><td>FALSE</td><td>200</td><td>OK</td><td>{&quot;status&quot;:200,&quot;message&quot;:&quot;OK&quot;,&quot;data&quot;:{&quot;caseId&quot;:12,&quot;quantityKg&quot;:25000,&quot;quantityUomId&quot;:1,&quot;isTrader&quot;:false,&quot;rightId&quot;:[2]}}</td></tr><tr><th colspan="7">Exception</th></tr><tr><td colspan="7"><div class="stacktrace">java.lang.AssertionError: expected [200] but found [401]
	at AddCase.SaveQuantity.PatchSaveQuantity(SaveQuantity.java:49)
	at java.base/java.util.ArrayList.forEach(ArrayList.java:1511)
... Removed 31 stack frames</div></td></tr></table><p class="totop"><a href="#summary">back to summary</a></p>
<h3 id="m52">AddCase.SaveQuantity#PatchSaveQuantity</h3><table class="result"><tr class="param"><th>Parameter #1</th><th>Parameter #2</th><th>Parameter #3</th><th>Parameter #4</th><th>Parameter #5</th><th>Parameter #6</th><th>Parameter #7</th></tr><tr class="param stripe"><td>4</td><td>280000</td><td>1</td><td>TRUE</td><td>200</td><td>OK</td><td>{&quot;status&quot;:200,&quot;message&quot;:&quot;OK&quot;,&quot;data&quot;:{&quot;caseId&quot;:4,&quot;quantityKg&quot;:280000,&quot;quantityUomId&quot;:1,&quot;isTrader&quot;:true,&quot;rightId&quot;:[1]}}</td></tr><tr><th colspan="7">Exception</th></tr><tr><td colspan="7"><div class="stacktrace">java.lang.AssertionError: expected [200] but found [401]
	at AddCase.SaveQuantity.PatchSaveQuantity(SaveQuantity.java:49)
	at java.base/java.util.ArrayList.forEach(ArrayList.java:1511)
... Removed 31 stack frames</div></td></tr></table><p class="totop"><a href="#summary">back to summary</a></p>
<h3 id="m53">AddCase.SaveQuantity#PatchSaveQuantity</h3><table class="result"><tr class="param"><th>Parameter #1</th><th>Parameter #2</th><th>Parameter #3</th><th>Parameter #4</th><th>Parameter #5</th><th>Parameter #6</th><th>Parameter #7</th></tr><tr class="param stripe"><td>9</td><td>25000</td><td>1</td><td>null</td><td>1007</td><td>This CropType Is Not Valid For Save Quantity</td><td>{&quot;status&quot;:1007,&quot;message&quot;:&quot;This CropType Is Not Valid For Save Quantity&quot;}</td></tr><tr><th colspan="7">Exception</th></tr><tr><td colspan="7"><div class="stacktrace">java.lang.AssertionError: expected [1007] but found [401]
	at AddCase.SaveQuantity.PatchSaveQuantity(SaveQuantity.java:49)
	at java.base/java.util.ArrayList.forEach(ArrayList.java:1511)
... Removed 31 stack frames</div></td></tr></table><p class="totop"><a href="#summary">back to summary</a></p>
<h3 id="m54">AddCase.SaveSchedule#PatchSaveSchedule</h3><table class="result"><tr class="param"><th>Parameter #1</th><th>Parameter #2</th><th>Parameter #3</th><th>Parameter #4</th><th>Parameter #5</th><th>Parameter #6</th></tr><tr class="param stripe"><td>4</td><td>[
    &quot;2023-12-14&quot;,
    &quot;2023-12-15&quot;,
    &quot;2023-12-16&quot;
  ]</td><td>1</td><td>1007</td><td>Payment Service TenderType Can Not Scheduled Visit</td><td>{&quot;status&quot;:1007,&quot;message&quot;:&quot;Payment Service TenderType Can Not Scheduled Visit&quot;}</td></tr><tr><th colspan="6">Exception</th></tr><tr><td colspan="6"><div class="stacktrace">java.lang.AssertionError: expected [1007] but found [401]
	at AddCase.SaveSchedule.PatchSaveSchedule(SaveSchedule.java:45)
	at java.base/java.util.ArrayList.forEach(ArrayList.java:1511)
... Removed 31 stack frames</div></td></tr></table><p class="totop"><a href="#summary">back to summary</a></p>
<h3 id="m55">AddCase.SaveSchedule#PatchSaveSchedule</h3><table class="result"><tr class="param"><th>Parameter #1</th><th>Parameter #2</th><th>Parameter #3</th><th>Parameter #4</th><th>Parameter #5</th><th>Parameter #6</th></tr><tr class="param stripe"><td>10</td><td>[
    &quot;2023-12-14&quot;,
    &quot;2023-12-15&quot;,
    &quot;2023-12-16&quot;
  ]</td><td>1</td><td>200</td><td>OK</td><td>{&quot;status&quot;:200,&quot;message&quot;:&quot;OK&quot;,&quot;data&quot;:{&quot;caseId&quot;:10}}</td></tr><tr><th colspan="6">Exception</th></tr><tr><td colspan="6"><div class="stacktrace">java.lang.AssertionError: expected [200] but found [401]
	at AddCase.SaveSchedule.PatchSaveSchedule(SaveSchedule.java:45)
	at java.base/java.util.ArrayList.forEach(ArrayList.java:1511)
... Removed 31 stack frames</div></td></tr></table><p class="totop"><a href="#summary">back to summary</a></p>
<h3 id="m56">AddCase.SaveSchedule#PatchSaveSchedule</h3><table class="result"><tr class="param"><th>Parameter #1</th><th>Parameter #2</th><th>Parameter #3</th><th>Parameter #4</th><th>Parameter #5</th><th>Parameter #6</th></tr><tr class="param stripe"><td>12</td><td>[
    &quot;2023-12-14&quot;,
    &quot;2023-12-15&quot;,
    &quot;2023-12-16&quot;
  ]</td><td>1</td><td>200</td><td>OK</td><td>{&quot;status&quot;:200,&quot;message&quot;:&quot;OK&quot;,&quot;data&quot;:{&quot;caseId&quot;:12}}</td></tr><tr><th colspan="6">Exception</th></tr><tr><td colspan="6"><div class="stacktrace">java.lang.AssertionError: expected [200] but found [401]
	at AddCase.SaveSchedule.PatchSaveSchedule(SaveSchedule.java:45)
	at java.base/java.util.ArrayList.forEach(ArrayList.java:1511)
... Removed 31 stack frames</div></td></tr></table><p class="totop"><a href="#summary">back to summary</a></p>
<h3 id="m57">AddCase.SaveSchedule#PatchSaveSchedule</h3><table class="result"><tr class="param"><th>Parameter #1</th><th>Parameter #2</th><th>Parameter #3</th><th>Parameter #4</th><th>Parameter #5</th><th>Parameter #6</th></tr><tr class="param stripe"><td>9</td><td>[
    &quot;2023-12-14&quot;,
    &quot;2023-12-15&quot;,
    &quot;2023-12-16&quot;
  ]</td><td>1</td><td>200</td><td>OK</td><td>{&quot;status&quot;:200,&quot;message&quot;:&quot;OK&quot;,&quot;data&quot;:{&quot;caseId&quot;:9}}</td></tr><tr><th colspan="6">Exception</th></tr><tr><td colspan="6"><div class="stacktrace">java.lang.AssertionError: expected [200] but found [401]
	at AddCase.SaveSchedule.PatchSaveSchedule(SaveSchedule.java:45)
	at java.base/java.util.ArrayList.forEach(ArrayList.java:1511)
... Removed 31 stack frames</div></td></tr></table><p class="totop"><a href="#summary">back to summary</a></p>
<h3 id="m58">AddCase.SaveSowingDate#PatchSaveSowingDate</h3><table class="result"><tr class="param"><th>Parameter #1</th><th>Parameter #2</th><th>Parameter #3</th><th>Parameter #4</th><th>Parameter #5</th><th>Parameter #6</th><th>Parameter #7</th><th>Parameter #8</th><th>Parameter #9</th><th>Parameter #10</th><th>Parameter #11</th></tr><tr class="param stripe"><td>10</td><td>2023-23-09</td><td>12340</td><td>1</td><td>TRUE</td><td>2023-23-11</td><td>I</td><td>2023-30-11</td><td>200</td><td>OK</td><td>{&quot;status&quot;:200,&quot;message&quot;:&quot;OK&quot;,&quot;data&quot;:{&quot;caseId&quot;:10,&quot;sowingDate&quot;:&quot;2024-11-09T00:00:00.000+00:00&quot;,&quot;sowingAreaSqm&quot;:12340,&quot;areaUomId&quot;:1,&quot;fruitingStartDate&quot;:&quot;2024-11-11T00:00:00.000+00:00&quot;,&quot;harvestNumber&quot;:&quot;I&quot;,&quot;harvestDate&quot;:&quot;2025-06-11T00:00:00.000+00:00&quot;,&quot;fruitingStarted&quot;:true}}</td></tr><tr><th colspan="11">Exception</th></tr><tr><td colspan="11"><div class="stacktrace">java.lang.AssertionError: expected [200] but found [401]
	at AddCase.SaveSowingDate.PatchSaveSowingDate(SaveSowingDate.java:47)
	at java.base/java.util.ArrayList.forEach(ArrayList.java:1511)
... Removed 31 stack frames</div></td></tr></table><p class="totop"><a href="#summary">back to summary</a></p>
<h3 id="m59">AddCase.SaveSowingDate#PatchSaveSowingDate</h3><table class="result"><tr class="param"><th>Parameter #1</th><th>Parameter #2</th><th>Parameter #3</th><th>Parameter #4</th><th>Parameter #5</th><th>Parameter #6</th><th>Parameter #7</th><th>Parameter #8</th><th>Parameter #9</th><th>Parameter #10</th><th>Parameter #11</th></tr><tr class="param stripe"><td>9</td><td>2023-07-01</td><td>13000</td><td>1</td><td>TRUE</td><td>2023-23-11</td><td>I</td><td>2023-30-11</td><td>200</td><td>OK</td><td>{&quot;status&quot;:200,&quot;message&quot;:&quot;OK&quot;,&quot;data&quot;:{&quot;caseId&quot;:9,&quot;sowingDate&quot;:&quot;2023-07-01T00:00:00.000+00:00&quot;,&quot;sowingAreaSqm&quot;:13000,&quot;areaUomId&quot;:1,&quot;fruitingStartDate&quot;:&quot;2024-11-11T00:00:00.000+00:00&quot;,&quot;harvestNumber&quot;:&quot;I&quot;,&quot;harvestDate&quot;:&quot;2025-06-11T00:00:00.000+00:00&quot;,&quot;fruitingStarted&quot;:true}}</td></tr><tr><th colspan="11">Exception</th></tr><tr><td colspan="11"><div class="stacktrace">java.lang.AssertionError: expected [200] but found [401]
	at AddCase.SaveSowingDate.PatchSaveSowingDate(SaveSowingDate.java:47)
	at java.base/java.util.ArrayList.forEach(ArrayList.java:1511)
... Removed 31 stack frames</div></td></tr></table><p class="totop"><a href="#summary">back to summary</a></p>
<h3 id="m60">AddCase.SaveSowingDate#PatchSaveSowingDate</h3><table class="result"><tr class="param"><th>Parameter #1</th><th>Parameter #2</th><th>Parameter #3</th><th>Parameter #4</th><th>Parameter #5</th><th>Parameter #6</th><th>Parameter #7</th><th>Parameter #8</th><th>Parameter #9</th><th>Parameter #10</th><th>Parameter #11</th></tr><tr class="param stripe"><td>4</td><td>2023-23-09</td><td>13600</td><td>1</td><td>TRUE</td><td>2023-23-11</td><td>I</td><td>2023-30-11</td><td>1007</td><td>This CropType Is Not Valid For Save SowingDate</td><td>{&quot;status&quot;:1007,&quot;message&quot;:&quot;This CropType Is Not Valid For Save SowingDate&quot;}</td></tr><tr><th colspan="11">Exception</th></tr><tr><td colspan="11"><div class="stacktrace">java.lang.AssertionError: expected [1007] but found [401]
	at AddCase.SaveSowingDate.PatchSaveSowingDate(SaveSowingDate.java:47)
	at java.base/java.util.ArrayList.forEach(ArrayList.java:1511)
... Removed 31 stack frames</div></td></tr></table><p class="totop"><a href="#summary">back to summary</a></p>
<h3 id="m61">AddCase.SaveSowingDate#PatchSaveSowingDate</h3><table class="result"><tr class="param"><th>Parameter #1</th><th>Parameter #2</th><th>Parameter #3</th><th>Parameter #4</th><th>Parameter #5</th><th>Parameter #6</th><th>Parameter #7</th><th>Parameter #8</th><th>Parameter #9</th><th>Parameter #10</th><th>Parameter #11</th></tr><tr class="param stripe"><td>12</td><td>2023-23-09</td><td>14350</td><td>1</td><td>TRUE</td><td>2023-23-11</td><td>I</td><td>2023-30-11</td><td>1007</td><td>This CropType Is Not Valid For Save SowingDate</td><td>{&quot;status&quot;:1007,&quot;message&quot;:&quot;This CropType Is Not Valid For Save SowingDate&quot;}</td></tr><tr><th colspan="11">Exception</th></tr><tr><td colspan="11"><div class="stacktrace">java.lang.AssertionError: expected [1007] but found [401]
	at AddCase.SaveSowingDate.PatchSaveSowingDate(SaveSowingDate.java:47)
	at java.base/java.util.ArrayList.forEach(ArrayList.java:1511)
... Removed 31 stack frames</div></td></tr></table><p class="totop"><a href="#summary">back to summary</a></p>
<h3 id="m62">AddCase.SaveVariety#PatchSaveVariety</h3><table class="result"><tr class="param"><th>Parameter #1</th><th>Parameter #2</th><th>Parameter #3</th><th>Parameter #4</th><th>Parameter #5</th></tr><tr class="param stripe"><td>12</td><td>51</td><td>200</td><td>OK</td><td>{&quot;status&quot;:200,&quot;message&quot;:&quot;OK&quot;,&quot;data&quot;:{&quot;caseId&quot;:12,&quot;varietyId&quot;:51}}</td></tr><tr><th colspan="5">Exception</th></tr><tr><td colspan="5"><div class="stacktrace">java.lang.AssertionError: expected [200] but found [401]
	at AddCase.SaveVariety.PatchSaveVariety(SaveVariety.java:48)
	at java.base/java.util.ArrayList.forEach(ArrayList.java:1511)
... Removed 31 stack frames</div></td></tr></table><p class="totop"><a href="#summary">back to summary</a></p>
<h3 id="m63">AddCase.SaveVariety#PatchSaveVariety</h3><table class="result"><tr class="param"><th>Parameter #1</th><th>Parameter #2</th><th>Parameter #3</th><th>Parameter #4</th><th>Parameter #5</th></tr><tr class="param stripe"><td>10</td><td>5</td><td>200</td><td>OK</td><td>{&quot;status&quot;:200,&quot;message&quot;:&quot;OK&quot;,&quot;data&quot;:{&quot;caseId&quot;:10,&quot;varietyId&quot;:5}}</td></tr><tr><th colspan="5">Exception</th></tr><tr><td colspan="5"><div class="stacktrace">java.lang.AssertionError: expected [200] but found [401]
	at AddCase.SaveVariety.PatchSaveVariety(SaveVariety.java:48)
	at java.base/java.util.ArrayList.forEach(ArrayList.java:1511)
... Removed 31 stack frames</div></td></tr></table><p class="totop"><a href="#summary">back to summary</a></p>
<h3 id="m64">AddCase.SaveVariety#PatchSaveVariety</h3><table class="result"><tr class="param"><th>Parameter #1</th><th>Parameter #2</th><th>Parameter #3</th><th>Parameter #4</th><th>Parameter #5</th></tr><tr class="param stripe"><td>9</td><td>8</td><td>1007</td><td>Variety Does Not Belong To The Commodity In The Case.</td><td>{&quot;status&quot;:1007,&quot;message&quot;:&quot;Variety Does Not Belong To The Commodity In The Case.&quot;}</td></tr><tr><th colspan="5">Exception</th></tr><tr><td colspan="5"><div class="stacktrace">java.lang.AssertionError: expected [1007] but found [401]
	at AddCase.SaveVariety.PatchSaveVariety(SaveVariety.java:48)
	at java.base/java.util.ArrayList.forEach(ArrayList.java:1511)
... Removed 31 stack frames</div></td></tr></table><p class="totop"><a href="#summary">back to summary</a></p>
<h3 id="m65">AddCase.SaveVariety#PatchSaveVariety</h3><table class="result"><tr class="param"><th>Parameter #1</th><th>Parameter #2</th><th>Parameter #3</th><th>Parameter #4</th><th>Parameter #5</th></tr><tr class="param stripe"><td>9</td><td>1</td><td>200</td><td>OK</td><td>{&quot;status&quot;:200,&quot;message&quot;:&quot;OK&quot;,&quot;data&quot;:{&quot;caseId&quot;:9,&quot;varietyId&quot;:1}}</td></tr><tr><th colspan="5">Exception</th></tr><tr><td colspan="5"><div class="stacktrace">java.lang.AssertionError: expected [200] but found [401]
	at AddCase.SaveVariety.PatchSaveVariety(SaveVariety.java:48)
	at java.base/java.util.ArrayList.forEach(ArrayList.java:1511)
... Removed 31 stack frames</div></td></tr></table><p class="totop"><a href="#summary">back to summary</a></p>
<h3 id="m66">AddCase.SaveVariety#PatchSaveVariety</h3><table class="result"><tr class="param"><th>Parameter #1</th><th>Parameter #2</th><th>Parameter #3</th><th>Parameter #4</th><th>Parameter #5</th></tr><tr class="param stripe"><td>4</td><td>14</td><td>200</td><td>OK</td><td>{&quot;status&quot;:200,&quot;message&quot;:&quot;OK&quot;,&quot;data&quot;:{&quot;caseId&quot;:4,&quot;varietyId&quot;:14}}</td></tr><tr><th colspan="5">Exception</th></tr><tr><td colspan="5"><div class="stacktrace">java.lang.AssertionError: expected [200] but found [401]
	at AddCase.SaveVariety.PatchSaveVariety(SaveVariety.java:48)
	at java.base/java.util.ArrayList.forEach(ArrayList.java:1511)
... Removed 31 stack frames</div></td></tr></table><p class="totop"><a href="#summary">back to summary</a></p>
<h3 id="m67">AddCase.SaveWarehouse#PatchSaveWarehouse</h3><table class="result"><tr class="param"><th>Parameter #1</th><th>Parameter #2</th><th>Parameter #3</th><th>Parameter #4</th><th>Parameter #5</th></tr><tr class="param stripe"><td>4</td><td>25</td><td>200</td><td>OK</td><td>{&quot;status&quot;:200,&quot;message&quot;:&quot;OK&quot;,&quot;data&quot;:{&quot;caseId&quot;:4,&quot;warehouseId&quot;:25,&quot;warehousePin&quot;:&quot;414607&quot;,&quot;stateId&quot;:20,&quot;regionId&quot;:null}}</td></tr><tr><th colspan="5">Exception</th></tr><tr><td colspan="5"><div class="stacktrace">java.lang.AssertionError: expected [200] but found [401]
	at AddCase.SaveWarehouse.PatchSaveWarehouse(SaveWarehouse.java:51)
	at java.base/java.util.ArrayList.forEach(ArrayList.java:1511)
... Removed 31 stack frames</div></td></tr></table><p class="totop"><a href="#summary">back to summary</a></p>
<h3 id="m68">AddCase.SaveWarehouse#PatchSaveWarehouse</h3><table class="result"><tr class="param"><th>Parameter #1</th><th>Parameter #2</th><th>Parameter #3</th><th>Parameter #4</th><th>Parameter #5</th></tr><tr class="param stripe"><td>9</td><td>25</td><td>1007</td><td>This Crop Type Is Not Allowed To Save Or Add Warehouse.</td><td>{&quot;status&quot;:1007,&quot;message&quot;:&quot;This Crop Type Is Not Allowed To Save Or Add Warehouse.&quot;}</td></tr><tr><th colspan="5">Exception</th></tr><tr><td colspan="5"><div class="stacktrace">java.lang.AssertionError: expected [1007] but found [401]
	at AddCase.SaveWarehouse.PatchSaveWarehouse(SaveWarehouse.java:51)
	at java.base/java.util.ArrayList.forEach(ArrayList.java:1511)
... Removed 31 stack frames</div></td></tr></table><p class="totop"><a href="#summary">back to summary</a></p>
<h3 id="m69">Master.CaseDetails#getCaseDetails</h3><table class="result"><tr class="param"><th>Parameter #1</th></tr><tr class="param stripe"><td>10</td></tr><tr><th>Exception</th></tr><tr><td><div class="stacktrace">java.lang.AssertionError: 1 expectation failed.
Response body doesn&apos;t match expectation.
Expected: The content to match the given JSON schema.
error: object has missing required properties ([&quot;data&quot;])
    level: &quot;error&quot;
    schema: {&quot;loadingURI&quot;:&quot;file:/C:/Users/Kiran/Unified/UnifiedAPI/target/test-classes/MasterJsonSchema%5Ccase_details.json#&quot;,&quot;pointer&quot;:&quot;&quot;}
    instance: {&quot;pointer&quot;:&quot;&quot;}
    domain: &quot;validation&quot;
    keyword: &quot;required&quot;
    required: [&quot;data&quot;,&quot;message&quot;,&quot;status&quot;]
    missing: [&quot;data&quot;]

  Actual: {&quot;path&quot;:&quot;/api/v1/cases/10/details&quot;,&quot;error&quot;:&quot;Unauthorized&quot;,&quot;message&quot;:&quot;Full authentication is required to access this resource&quot;,&quot;status&quot;:401}

	at org.codehaus.groovy.runtime.callsite.ConstructorSite$ConstructorSiteNoUnwrapNoCoerce.callConstructor(ConstructorSite.java:108)
	at org.codehaus.groovy.runtime.callsite.AbstractCallSite.callConstructor(AbstractCallSite.java:277)
	at io.restassured.internal.ResponseSpecificationImpl$HamcrestAssertionClosure.validate(ResponseSpecificationImpl.groovy:512)
	at io.restassured.internal.ResponseSpecificationImpl$HamcrestAssertionClosure$validate$1.call(Unknown Source)
	at io.restassured.internal.ResponseSpecificationImpl.validateResponseIfRequired(ResponseSpecificationImpl.groovy:696)
	at io.restassured.internal.ResponseSpecificationImpl.this$2$validateResponseIfRequired(ResponseSpecificationImpl.groovy)
	at org.codehaus.groovy.runtime.callsite.PlainObjectMetaMethodSite.doInvoke(PlainObjectMetaMethodSite.java:43)
	at org.codehaus.groovy.runtime.callsite.PogoMetaMethodSite$PogoCachedMethodSiteNoUnwrapNoCoerce.invoke(PogoMetaMethodSite.java:198)
	at org.codehaus.groovy.runtime.callsite.PogoMetaMethodSite.callCurrent(PogoMetaMethodSite.java:62)
	at org.codehaus.groovy.runtime.callsite.AbstractCallSite.callCurrent(AbstractCallSite.java:185)
	at io.restassured.internal.ResponseSpecificationImpl.body(ResponseSpecificationImpl.groovy:107)
	at io.restassured.internal.ValidatableResponseOptionsImpl.body(ValidatableResponseOptionsImpl.java:238)
	at Master.CaseDetails.getCaseDetails(CaseDetails.java:37)
	at java.base/java.util.ArrayList.forEach(ArrayList.java:1511)
... Removed 31 stack frames</div></td></tr></table><p class="totop"><a href="#summary">back to summary</a></p>
<h3 id="m70">Master.DraftCase#getDraftCase</h3><table class="result"><tr><th>Exception</th></tr><tr><td><div class="stacktrace">java.lang.AssertionError: 1 expectation failed.
Response body doesn&apos;t match expectation.
Expected: The content to match the given JSON schema.
error: object has missing required properties ([&quot;data&quot;])
    level: &quot;error&quot;
    schema: {&quot;loadingURI&quot;:&quot;file:/C:/Users/Kiran/Unified/UnifiedAPI/target/test-classes/MasterJsonSchema%5Cdraft.json#&quot;,&quot;pointer&quot;:&quot;&quot;}
    instance: {&quot;pointer&quot;:&quot;&quot;}
    domain: &quot;validation&quot;
    keyword: &quot;required&quot;
    required: [&quot;data&quot;,&quot;message&quot;,&quot;status&quot;]
    missing: [&quot;data&quot;]

  Actual: {&quot;path&quot;:&quot;/api/v1/cases/draft&quot;,&quot;error&quot;:&quot;Unauthorized&quot;,&quot;message&quot;:&quot;Full authentication is required to access this resource&quot;,&quot;status&quot;:401}

	at org.codehaus.groovy.runtime.callsite.ConstructorSite$ConstructorSiteNoUnwrapNoCoerce.callConstructor(ConstructorSite.java:108)
	at org.codehaus.groovy.runtime.callsite.CallSiteArray.defaultCallConstructor(CallSiteArray.java:57)
	at org.codehaus.groovy.runtime.callsite.AbstractCallSite.callConstructor(AbstractCallSite.java:263)
	at org.codehaus.groovy.runtime.callsite.AbstractCallSite.callConstructor(AbstractCallSite.java:277)
	at io.restassured.internal.ResponseSpecificationImpl$HamcrestAssertionClosure.validate(ResponseSpecificationImpl.groovy:512)
	at io.restassured.internal.ResponseSpecificationImpl$HamcrestAssertionClosure$validate$1.call(Unknown Source)
	at org.codehaus.groovy.runtime.callsite.CallSiteArray.defaultCall(CallSiteArray.java:45)
	at org.codehaus.groovy.runtime.callsite.AbstractCallSite.call(AbstractCallSite.java:125)
	at org.codehaus.groovy.runtime.callsite.AbstractCallSite.call(AbstractCallSite.java:139)
	at io.restassured.internal.ResponseSpecificationImpl.validateResponseIfRequired(ResponseSpecificationImpl.groovy:696)
	at io.restassured.internal.ResponseSpecificationImpl.this$2$validateResponseIfRequired(ResponseSpecificationImpl.groovy)
	at org.codehaus.groovy.runtime.callsite.PlainObjectMetaMethodSite.doInvoke(PlainObjectMetaMethodSite.java:43)
	at org.codehaus.groovy.runtime.callsite.PogoMetaMethodSite$PogoCachedMethodSiteNoUnwrapNoCoerce.invoke(PogoMetaMethodSite.java:198)
	at org.codehaus.groovy.runtime.callsite.PogoMetaMethodSite.callCurrent(PogoMetaMethodSite.java:62)
	at org.codehaus.groovy.runtime.callsite.CallSiteArray.defaultCallCurrent(CallSiteArray.java:49)
	at org.codehaus.groovy.runtime.callsite.AbstractCallSite.callCurrent(AbstractCallSite.java:171)
	at org.codehaus.groovy.runtime.callsite.AbstractCallSite.callCurrent(AbstractCallSite.java:185)
	at io.restassured.internal.ResponseSpecificationImpl.body(ResponseSpecificationImpl.groovy:107)
	at io.restassured.internal.ValidatableResponseOptionsImpl.body(ValidatableResponseOptionsImpl.java:238)
	at Master.DraftCase.getDraftCase(DraftCase.java:27)
	at java.base/java.util.ArrayList.forEach(ArrayList.java:1511)
... Removed 31 stack frames</div></td></tr></table><p class="totop"><a href="#summary">back to summary</a></p>
<h3 id="m71">Master.POM#getPom</h3><table class="result"><tr class="param"><th>Parameter #1</th></tr><tr class="param stripe"><td>10</td></tr><tr><th>Exception</th></tr><tr><td><div class="stacktrace">java.lang.AssertionError: 1 expectation failed.
Response body doesn&apos;t match expectation.
Expected: The content to match the given JSON schema.
error: object has missing required properties ([&quot;data&quot;])
    level: &quot;error&quot;
    schema: {&quot;loadingURI&quot;:&quot;file:/C:/Users/Kiran/Unified/UnifiedAPI/target/test-classes/MasterJsonSchema%5CPOM.json#&quot;,&quot;pointer&quot;:&quot;&quot;}
    instance: {&quot;pointer&quot;:&quot;&quot;}
    domain: &quot;validation&quot;
    keyword: &quot;required&quot;
    required: [&quot;data&quot;,&quot;message&quot;,&quot;status&quot;]
    missing: [&quot;data&quot;]

  Actual: {&quot;path&quot;:&quot;/api/v1/cases/10/poms&quot;,&quot;error&quot;:&quot;Unauthorized&quot;,&quot;message&quot;:&quot;Full authentication is required to access this resource&quot;,&quot;status&quot;:401}

	at org.codehaus.groovy.runtime.callsite.ConstructorSite$ConstructorSiteNoUnwrapNoCoerce.callConstructor(ConstructorSite.java:108)
	at org.codehaus.groovy.runtime.callsite.AbstractCallSite.callConstructor(AbstractCallSite.java:277)
	at io.restassured.internal.ResponseSpecificationImpl$HamcrestAssertionClosure.validate(ResponseSpecificationImpl.groovy:512)
	at io.restassured.internal.ResponseSpecificationImpl$HamcrestAssertionClosure$validate$1.call(Unknown Source)
	at io.restassured.internal.ResponseSpecificationImpl.validateResponseIfRequired(ResponseSpecificationImpl.groovy:696)
	at io.restassured.internal.ResponseSpecificationImpl.this$2$validateResponseIfRequired(ResponseSpecificationImpl.groovy)
	at org.codehaus.groovy.runtime.callsite.PlainObjectMetaMethodSite.doInvoke(PlainObjectMetaMethodSite.java:43)
	at org.codehaus.groovy.runtime.callsite.PogoMetaMethodSite$PogoCachedMethodSiteNoUnwrapNoCoerce.invoke(PogoMetaMethodSite.java:198)
	at org.codehaus.groovy.runtime.callsite.PogoMetaMethodSite.callCurrent(PogoMetaMethodSite.java:62)
	at org.codehaus.groovy.runtime.callsite.AbstractCallSite.callCurrent(AbstractCallSite.java:185)
	at io.restassured.internal.ResponseSpecificationImpl.body(ResponseSpecificationImpl.groovy:107)
	at io.restassured.internal.ValidatableResponseOptionsImpl.body(ValidatableResponseOptionsImpl.java:238)
	at Master.POM.getPom(POM.java:35)
	at java.base/java.util.ArrayList.forEach(ArrayList.java:1511)
... Removed 31 stack frames</div></td></tr></table><p class="totop"><a href="#summary">back to summary</a></p>
<h3 id="m72">Master.PaymentInfo#getPaymentInfo</h3><table class="result"><tr class="param"><th>Parameter #1</th></tr><tr class="param stripe"><td>10</td></tr><tr><th>Exception</th></tr><tr><td><div class="stacktrace">java.lang.AssertionError: 1 expectation failed.
Response body doesn&apos;t match expectation.
Expected: The content to match the given JSON schema.
error: object has missing required properties ([&quot;data&quot;])
    level: &quot;error&quot;
    schema: {&quot;loadingURI&quot;:&quot;file:/C:/Users/Kiran/Unified/UnifiedAPI/target/test-classes/MasterJsonSchema%5CPayment_info.json#&quot;,&quot;pointer&quot;:&quot;&quot;}
    instance: {&quot;pointer&quot;:&quot;&quot;}
    domain: &quot;validation&quot;
    keyword: &quot;required&quot;
    required: [&quot;data&quot;,&quot;message&quot;,&quot;status&quot;]
    missing: [&quot;data&quot;]

  Actual: {&quot;path&quot;:&quot;/api/v1/cases/10/payment-details&quot;,&quot;error&quot;:&quot;Unauthorized&quot;,&quot;message&quot;:&quot;Full authentication is required to access this resource&quot;,&quot;status&quot;:401}

	at org.codehaus.groovy.runtime.callsite.ConstructorSite$ConstructorSiteNoUnwrapNoCoerce.callConstructor(ConstructorSite.java:108)
	at org.codehaus.groovy.runtime.callsite.AbstractCallSite.callConstructor(AbstractCallSite.java:277)
	at io.restassured.internal.ResponseSpecificationImpl$HamcrestAssertionClosure.validate(ResponseSpecificationImpl.groovy:512)
	at io.restassured.internal.ResponseSpecificationImpl$HamcrestAssertionClosure$validate$1.call(Unknown Source)
	at io.restassured.internal.ResponseSpecificationImpl.validateResponseIfRequired(ResponseSpecificationImpl.groovy:696)
	at io.restassured.internal.ResponseSpecificationImpl.this$2$validateResponseIfRequired(ResponseSpecificationImpl.groovy)
	at org.codehaus.groovy.runtime.callsite.PlainObjectMetaMethodSite.doInvoke(PlainObjectMetaMethodSite.java:43)
	at org.codehaus.groovy.runtime.callsite.PogoMetaMethodSite$PogoCachedMethodSiteNoUnwrapNoCoerce.invoke(PogoMetaMethodSite.java:198)
	at org.codehaus.groovy.runtime.callsite.PogoMetaMethodSite.callCurrent(PogoMetaMethodSite.java:62)
	at org.codehaus.groovy.runtime.callsite.AbstractCallSite.callCurrent(AbstractCallSite.java:185)
	at io.restassured.internal.ResponseSpecificationImpl.body(ResponseSpecificationImpl.groovy:107)
	at io.restassured.internal.ValidatableResponseOptionsImpl.body(ValidatableResponseOptionsImpl.java:238)
	at Master.PaymentInfo.getPaymentInfo(PaymentInfo.java:36)
	at java.base/java.util.ArrayList.forEach(ArrayList.java:1511)
... Removed 31 stack frames</div></td></tr></table><p class="totop"><a href="#summary">back to summary</a></p>
<h3 id="m73">Master.Prices#getPrices</h3><table class="result"><tr class="param"><th>Parameter #1</th></tr><tr class="param stripe"><td>org.testng.TestRunner@17003497</td></tr><tr><th>Exception</th></tr><tr><td><div class="stacktrace">java.lang.AssertionError: 1 expectation failed.
Response body doesn&apos;t match expectation.
Expected: The content to match the given JSON schema.
error: object has missing required properties ([&quot;data&quot;])
    level: &quot;error&quot;
    schema: {&quot;loadingURI&quot;:&quot;file:/C:/Users/Kiran/Unified/UnifiedAPI/target/test-classes/MasterJsonSchema%5Cprices.json#&quot;,&quot;pointer&quot;:&quot;&quot;}
    instance: {&quot;pointer&quot;:&quot;&quot;}
    domain: &quot;validation&quot;
    keyword: &quot;required&quot;
    required: [&quot;data&quot;,&quot;message&quot;,&quot;status&quot;]
    missing: [&quot;data&quot;]

  Actual: {&quot;path&quot;:&quot;/api/v1/price&quot;,&quot;error&quot;:&quot;Unauthorized&quot;,&quot;message&quot;:&quot;Full authentication is required to access this resource&quot;,&quot;status&quot;:401}

	at org.codehaus.groovy.runtime.callsite.ConstructorSite$ConstructorSiteNoUnwrapNoCoerce.callConstructor(ConstructorSite.java:108)
	at org.codehaus.groovy.runtime.callsite.AbstractCallSite.callConstructor(AbstractCallSite.java:277)
	at io.restassured.internal.ResponseSpecificationImpl$HamcrestAssertionClosure.validate(ResponseSpecificationImpl.groovy:512)
	at io.restassured.internal.ResponseSpecificationImpl$HamcrestAssertionClosure$validate$1.call(Unknown Source)
	at io.restassured.internal.ResponseSpecificationImpl.validateResponseIfRequired(ResponseSpecificationImpl.groovy:696)
	at io.restassured.internal.ResponseSpecificationImpl.this$2$validateResponseIfRequired(ResponseSpecificationImpl.groovy)
	at org.codehaus.groovy.runtime.callsite.PlainObjectMetaMethodSite.doInvoke(PlainObjectMetaMethodSite.java:43)
	at org.codehaus.groovy.runtime.callsite.PogoMetaMethodSite$PogoCachedMethodSiteNoUnwrapNoCoerce.invoke(PogoMetaMethodSite.java:198)
	at org.codehaus.groovy.runtime.callsite.PogoMetaMethodSite.callCurrent(PogoMetaMethodSite.java:62)
	at org.codehaus.groovy.runtime.callsite.AbstractCallSite.callCurrent(AbstractCallSite.java:185)
	at io.restassured.internal.ResponseSpecificationImpl.body(ResponseSpecificationImpl.groovy:107)
	at io.restassured.internal.ValidatableResponseOptionsImpl.body(ValidatableResponseOptionsImpl.java:238)
	at Master.Prices.getPrices(Prices.java:28)
	at java.base/java.util.ArrayList.forEach(ArrayList.java:1511)
... Removed 31 stack frames</div></td></tr></table><p class="totop"><a href="#summary">back to summary</a></p>
<h3 id="m74">Master.SearchBuyer#getSearchBuyer</h3><table class="result"><tr><th>Exception</th></tr><tr><td><div class="stacktrace">java.lang.AssertionError: 1 expectation failed.
Response body doesn&apos;t match expectation.
Expected: The content to match the given JSON schema.
error: object has missing required properties ([&quot;data&quot;])
    level: &quot;error&quot;
    schema: {&quot;loadingURI&quot;:&quot;file:/C:/Users/Kiran/Unified/UnifiedAPI/target/test-classes/MasterJsonSchema%5CSearch_buyer.json#&quot;,&quot;pointer&quot;:&quot;&quot;}
    instance: {&quot;pointer&quot;:&quot;&quot;}
    domain: &quot;validation&quot;
    keyword: &quot;required&quot;
    required: [&quot;data&quot;,&quot;message&quot;,&quot;status&quot;]
    missing: [&quot;data&quot;]

  Actual: {&quot;path&quot;:&quot;/api/v1/users/autocomplete-buyers&quot;,&quot;error&quot;:&quot;Unauthorized&quot;,&quot;message&quot;:&quot;Full authentication is required to access this resource&quot;,&quot;status&quot;:401}

	at org.codehaus.groovy.runtime.callsite.ConstructorSite$ConstructorSiteNoUnwrapNoCoerce.callConstructor(ConstructorSite.java:108)
	at org.codehaus.groovy.runtime.callsite.AbstractCallSite.callConstructor(AbstractCallSite.java:277)
	at io.restassured.internal.ResponseSpecificationImpl$HamcrestAssertionClosure.validate(ResponseSpecificationImpl.groovy:512)
	at io.restassured.internal.ResponseSpecificationImpl$HamcrestAssertionClosure$validate$1.call(Unknown Source)
	at io.restassured.internal.ResponseSpecificationImpl.validateResponseIfRequired(ResponseSpecificationImpl.groovy:696)
	at io.restassured.internal.ResponseSpecificationImpl.this$2$validateResponseIfRequired(ResponseSpecificationImpl.groovy)
	at org.codehaus.groovy.runtime.callsite.PlainObjectMetaMethodSite.doInvoke(PlainObjectMetaMethodSite.java:43)
	at org.codehaus.groovy.runtime.callsite.PogoMetaMethodSite$PogoCachedMethodSiteNoUnwrapNoCoerce.invoke(PogoMetaMethodSite.java:198)
	at org.codehaus.groovy.runtime.callsite.PogoMetaMethodSite.callCurrent(PogoMetaMethodSite.java:62)
	at org.codehaus.groovy.runtime.callsite.AbstractCallSite.callCurrent(AbstractCallSite.java:185)
	at io.restassured.internal.ResponseSpecificationImpl.body(ResponseSpecificationImpl.groovy:107)
	at io.restassured.internal.ValidatableResponseOptionsImpl.body(ValidatableResponseOptionsImpl.java:238)
	at Master.SearchBuyer.getSearchBuyer(SearchBuyer.java:28)
	at java.base/java.util.ArrayList.forEach(ArrayList.java:1511)
... Removed 31 stack frames</div></td></tr></table><p class="totop"><a href="#summary">back to summary</a></p>
<h3 id="m75">Master.SearchCommodity#getSearch_commodity</h3><table class="result"><tr class="param"><th>Parameter #1</th></tr><tr class="param stripe"><td>org.testng.TestRunner@17003497</td></tr><tr><th>Exception</th></tr><tr><td><div class="stacktrace">java.lang.AssertionError: 1 expectation failed.
Response body doesn&apos;t match expectation.
Expected: The content to match the given JSON schema.
error: object has missing required properties ([&quot;data&quot;,&quot;pagination&quot;])
    level: &quot;error&quot;
    schema: {&quot;loadingURI&quot;:&quot;file:/C:/Users/Kiran/Unified/UnifiedAPI/target/test-classes/MasterJsonSchema%5CSearch_commodity.json#&quot;,&quot;pointer&quot;:&quot;&quot;}
    instance: {&quot;pointer&quot;:&quot;&quot;}
    domain: &quot;validation&quot;
    keyword: &quot;required&quot;
    required: [&quot;data&quot;,&quot;message&quot;,&quot;pagination&quot;,&quot;status&quot;]
    missing: [&quot;data&quot;,&quot;pagination&quot;]

  Actual: {&quot;path&quot;:&quot;/api/v1/commodities/autocomplete&quot;,&quot;error&quot;:&quot;Unauthorized&quot;,&quot;message&quot;:&quot;Full authentication is required to access this resource&quot;,&quot;status&quot;:401}

	at org.codehaus.groovy.runtime.callsite.ConstructorSite$ConstructorSiteNoUnwrapNoCoerce.callConstructor(ConstructorSite.java:108)
	at org.codehaus.groovy.runtime.callsite.AbstractCallSite.callConstructor(AbstractCallSite.java:277)
	at io.restassured.internal.ResponseSpecificationImpl$HamcrestAssertionClosure.validate(ResponseSpecificationImpl.groovy:512)
	at io.restassured.internal.ResponseSpecificationImpl$HamcrestAssertionClosure$validate$1.call(Unknown Source)
	at io.restassured.internal.ResponseSpecificationImpl.validateResponseIfRequired(ResponseSpecificationImpl.groovy:696)
	at io.restassured.internal.ResponseSpecificationImpl.this$2$validateResponseIfRequired(ResponseSpecificationImpl.groovy)
	at org.codehaus.groovy.runtime.callsite.PlainObjectMetaMethodSite.doInvoke(PlainObjectMetaMethodSite.java:43)
	at org.codehaus.groovy.runtime.callsite.PogoMetaMethodSite$PogoCachedMethodSiteNoUnwrapNoCoerce.invoke(PogoMetaMethodSite.java:198)
	at org.codehaus.groovy.runtime.callsite.PogoMetaMethodSite.callCurrent(PogoMetaMethodSite.java:62)
	at org.codehaus.groovy.runtime.callsite.AbstractCallSite.callCurrent(AbstractCallSite.java:185)
	at io.restassured.internal.ResponseSpecificationImpl.body(ResponseSpecificationImpl.groovy:107)
	at io.restassured.internal.ValidatableResponseOptionsImpl.body(ValidatableResponseOptionsImpl.java:238)
	at Master.SearchCommodity.getSearch_commodity(SearchCommodity.java:29)
	at java.base/java.util.ArrayList.forEach(ArrayList.java:1511)
... Removed 31 stack frames</div></td></tr></table><p class="totop"><a href="#summary">back to summary</a></p>
<h3 id="m76">Master.SearchIFSC#getSearchIFSC</h3><table class="result"><tr><th>Exception</th></tr><tr><td><div class="stacktrace">java.lang.AssertionError: 1 expectation failed.
Response body doesn&apos;t match expectation.
Expected: The content to match the given JSON schema.
error: object has missing required properties ([&quot;data&quot;])
    level: &quot;error&quot;
    schema: {&quot;loadingURI&quot;:&quot;file:/C:/Users/Kiran/Unified/UnifiedAPI/target/test-classes/MasterJsonSchema%5CSearch_IFSC.json#&quot;,&quot;pointer&quot;:&quot;&quot;}
    instance: {&quot;pointer&quot;:&quot;&quot;}
    domain: &quot;validation&quot;
    keyword: &quot;required&quot;
    required: [&quot;data&quot;,&quot;message&quot;,&quot;status&quot;]
    missing: [&quot;data&quot;]

  Actual: {&quot;path&quot;:&quot;/api/v1/branch&quot;,&quot;error&quot;:&quot;Unauthorized&quot;,&quot;message&quot;:&quot;Full authentication is required to access this resource&quot;,&quot;status&quot;:401}

	at org.codehaus.groovy.runtime.callsite.ConstructorSite$ConstructorSiteNoUnwrapNoCoerce.callConstructor(ConstructorSite.java:108)
	at org.codehaus.groovy.runtime.callsite.AbstractCallSite.callConstructor(AbstractCallSite.java:277)
	at io.restassured.internal.ResponseSpecificationImpl$HamcrestAssertionClosure.validate(ResponseSpecificationImpl.groovy:512)
	at io.restassured.internal.ResponseSpecificationImpl$HamcrestAssertionClosure$validate$1.call(Unknown Source)
	at io.restassured.internal.ResponseSpecificationImpl.validateResponseIfRequired(ResponseSpecificationImpl.groovy:696)
	at io.restassured.internal.ResponseSpecificationImpl.this$2$validateResponseIfRequired(ResponseSpecificationImpl.groovy)
	at org.codehaus.groovy.runtime.callsite.PlainObjectMetaMethodSite.doInvoke(PlainObjectMetaMethodSite.java:43)
	at org.codehaus.groovy.runtime.callsite.PogoMetaMethodSite$PogoCachedMethodSiteNoUnwrapNoCoerce.invoke(PogoMetaMethodSite.java:198)
	at org.codehaus.groovy.runtime.callsite.PogoMetaMethodSite.callCurrent(PogoMetaMethodSite.java:62)
	at org.codehaus.groovy.runtime.callsite.AbstractCallSite.callCurrent(AbstractCallSite.java:185)
	at io.restassured.internal.ResponseSpecificationImpl.body(ResponseSpecificationImpl.groovy:107)
	at io.restassured.internal.ValidatableResponseOptionsImpl.body(ValidatableResponseOptionsImpl.java:238)
	at Master.SearchIFSC.getSearchIFSC(SearchIFSC.java:28)
	at java.base/java.util.ArrayList.forEach(ArrayList.java:1511)
... Removed 31 stack frames</div></td></tr></table><p class="totop"><a href="#summary">back to summary</a></p>
<h3 id="m77">Master.SearchVariety#getSearch_variety</h3><table class="result"><tr><th>Exception</th></tr><tr><td><div class="stacktrace">java.lang.AssertionError: 1 expectation failed.
Response body doesn&apos;t match expectation.
Expected: The content to match the given JSON schema.
error: object has missing required properties ([&quot;data&quot;,&quot;pagination&quot;])
    level: &quot;error&quot;
    schema: {&quot;loadingURI&quot;:&quot;file:/C:/Users/Kiran/Unified/UnifiedAPI/target/test-classes/MasterJsonSchema%5CSearch_variety.json#&quot;,&quot;pointer&quot;:&quot;&quot;}
    instance: {&quot;pointer&quot;:&quot;&quot;}
    domain: &quot;validation&quot;
    keyword: &quot;required&quot;
    required: [&quot;data&quot;,&quot;message&quot;,&quot;pagination&quot;,&quot;status&quot;]
    missing: [&quot;data&quot;,&quot;pagination&quot;]

  Actual: {&quot;path&quot;:&quot;/api/v1/varieties/autocomplete&quot;,&quot;error&quot;:&quot;Unauthorized&quot;,&quot;message&quot;:&quot;Full authentication is required to access this resource&quot;,&quot;status&quot;:401}

	at org.codehaus.groovy.runtime.callsite.ConstructorSite$ConstructorSiteNoUnwrapNoCoerce.callConstructor(ConstructorSite.java:108)
	at org.codehaus.groovy.runtime.callsite.AbstractCallSite.callConstructor(AbstractCallSite.java:277)
	at io.restassured.internal.ResponseSpecificationImpl$HamcrestAssertionClosure.validate(ResponseSpecificationImpl.groovy:512)
	at io.restassured.internal.ResponseSpecificationImpl$HamcrestAssertionClosure$validate$1.call(Unknown Source)
	at io.restassured.internal.ResponseSpecificationImpl.validateResponseIfRequired(ResponseSpecificationImpl.groovy:696)
	at io.restassured.internal.ResponseSpecificationImpl.this$2$validateResponseIfRequired(ResponseSpecificationImpl.groovy)
	at org.codehaus.groovy.runtime.callsite.PlainObjectMetaMethodSite.doInvoke(PlainObjectMetaMethodSite.java:43)
	at org.codehaus.groovy.runtime.callsite.PogoMetaMethodSite$PogoCachedMethodSiteNoUnwrapNoCoerce.invoke(PogoMetaMethodSite.java:198)
	at org.codehaus.groovy.runtime.callsite.PogoMetaMethodSite.callCurrent(PogoMetaMethodSite.java:62)
	at org.codehaus.groovy.runtime.callsite.AbstractCallSite.callCurrent(AbstractCallSite.java:185)
	at io.restassured.internal.ResponseSpecificationImpl.body(ResponseSpecificationImpl.groovy:107)
	at io.restassured.internal.ValidatableResponseOptionsImpl.body(ValidatableResponseOptionsImpl.java:238)
	at Master.SearchVariety.getSearch_variety(SearchVariety.java:28)
	at java.base/java.util.ArrayList.forEach(ArrayList.java:1511)
... Removed 31 stack frames</div></td></tr></table><p class="totop"><a href="#summary">back to summary</a></p>
<h3 id="m78">Master.States#getState</h3><table class="result"><tr><th>Exception</th></tr><tr><td><div class="stacktrace">java.lang.AssertionError: 1 expectation failed.
Response body doesn&apos;t match expectation.
Expected: The content to match the given JSON schema.
error: object has missing required properties ([&quot;data&quot;])
    level: &quot;error&quot;
    schema: {&quot;loadingURI&quot;:&quot;file:/C:/Users/Kiran/Unified/UnifiedAPI/target/test-classes/MasterJsonSchema%5Cstate.json#&quot;,&quot;pointer&quot;:&quot;&quot;}
    instance: {&quot;pointer&quot;:&quot;&quot;}
    domain: &quot;validation&quot;
    keyword: &quot;required&quot;
    required: [&quot;data&quot;,&quot;message&quot;,&quot;status&quot;]
    missing: [&quot;data&quot;]

  Actual: {&quot;path&quot;:&quot;/api/v1/states&quot;,&quot;error&quot;:&quot;Unauthorized&quot;,&quot;message&quot;:&quot;Full authentication is required to access this resource&quot;,&quot;status&quot;:401}

	at org.codehaus.groovy.runtime.callsite.ConstructorSite$ConstructorSiteNoUnwrapNoCoerce.callConstructor(ConstructorSite.java:108)
	at org.codehaus.groovy.runtime.callsite.AbstractCallSite.callConstructor(AbstractCallSite.java:277)
	at io.restassured.internal.ResponseSpecificationImpl$HamcrestAssertionClosure.validate(ResponseSpecificationImpl.groovy:512)
	at io.restassured.internal.ResponseSpecificationImpl$HamcrestAssertionClosure$validate$1.call(Unknown Source)
	at io.restassured.internal.ResponseSpecificationImpl.validateResponseIfRequired(ResponseSpecificationImpl.groovy:696)
	at io.restassured.internal.ResponseSpecificationImpl.this$2$validateResponseIfRequired(ResponseSpecificationImpl.groovy)
	at org.codehaus.groovy.runtime.callsite.PlainObjectMetaMethodSite.doInvoke(PlainObjectMetaMethodSite.java:43)
	at org.codehaus.groovy.runtime.callsite.PogoMetaMethodSite$PogoCachedMethodSiteNoUnwrapNoCoerce.invoke(PogoMetaMethodSite.java:198)
	at org.codehaus.groovy.runtime.callsite.PogoMetaMethodSite.callCurrent(PogoMetaMethodSite.java:62)
	at org.codehaus.groovy.runtime.callsite.AbstractCallSite.callCurrent(AbstractCallSite.java:185)
	at io.restassured.internal.ResponseSpecificationImpl.body(ResponseSpecificationImpl.groovy:107)
	at io.restassured.internal.ValidatableResponseOptionsImpl.body(ValidatableResponseOptionsImpl.java:238)
	at Master.States.getState(States.java:29)
	at java.base/java.util.ArrayList.forEach(ArrayList.java:1511)
... Removed 31 stack frames</div></td></tr></table><p class="totop"><a href="#summary">back to summary</a></p>
<h3 id="m79">Master.UOM#getUom</h3><table class="result"><tr><th>Exception</th></tr><tr><td><div class="stacktrace">java.lang.AssertionError: 1 expectation failed.
Response body doesn&apos;t match expectation.
Expected: The content to match the given JSON schema.
error: object has missing required properties ([&quot;data&quot;])
    level: &quot;error&quot;
    schema: {&quot;loadingURI&quot;:&quot;file:/C:/Users/Kiran/Unified/UnifiedAPI/target/test-classes/MasterJsonSchema%5CUOM.json#&quot;,&quot;pointer&quot;:&quot;&quot;}
    instance: {&quot;pointer&quot;:&quot;&quot;}
    domain: &quot;validation&quot;
    keyword: &quot;required&quot;
    required: [&quot;data&quot;,&quot;message&quot;,&quot;status&quot;]
    missing: [&quot;data&quot;]

  Actual: {&quot;path&quot;:&quot;/api/v1/uom/all&quot;,&quot;error&quot;:&quot;Unauthorized&quot;,&quot;message&quot;:&quot;Full authentication is required to access this resource&quot;,&quot;status&quot;:401}

	at org.codehaus.groovy.runtime.callsite.ConstructorSite$ConstructorSiteNoUnwrapNoCoerce.callConstructor(ConstructorSite.java:108)
	at org.codehaus.groovy.runtime.callsite.AbstractCallSite.callConstructor(AbstractCallSite.java:277)
	at io.restassured.internal.ResponseSpecificationImpl$HamcrestAssertionClosure.validate(ResponseSpecificationImpl.groovy:512)
	at io.restassured.internal.ResponseSpecificationImpl$HamcrestAssertionClosure$validate$1.call(Unknown Source)
	at io.restassured.internal.ResponseSpecificationImpl.validateResponseIfRequired(ResponseSpecificationImpl.groovy:696)
	at io.restassured.internal.ResponseSpecificationImpl.this$2$validateResponseIfRequired(ResponseSpecificationImpl.groovy)
	at org.codehaus.groovy.runtime.callsite.PlainObjectMetaMethodSite.doInvoke(PlainObjectMetaMethodSite.java:43)
	at org.codehaus.groovy.runtime.callsite.PogoMetaMethodSite$PogoCachedMethodSiteNoUnwrapNoCoerce.invoke(PogoMetaMethodSite.java:198)
	at org.codehaus.groovy.runtime.callsite.PogoMetaMethodSite.callCurrent(PogoMetaMethodSite.java:62)
	at org.codehaus.groovy.runtime.callsite.AbstractCallSite.callCurrent(AbstractCallSite.java:185)
	at io.restassured.internal.ResponseSpecificationImpl.body(ResponseSpecificationImpl.groovy:107)
	at io.restassured.internal.ValidatableResponseOptionsImpl.body(ValidatableResponseOptionsImpl.java:238)
	at Master.UOM.getUom(UOM.java:27)
	at java.base/java.util.ArrayList.forEach(ArrayList.java:1511)
... Removed 31 stack frames</div></td></tr></table><p class="totop"><a href="#summary">back to summary</a></p>
<h3 id="m80">Master.UserBankAccount#getUserBank</h3><table class="result"><tr><th>Exception</th></tr><tr><td><div class="stacktrace">java.lang.AssertionError: 1 expectation failed.
Response body doesn&apos;t match expectation.
Expected: The content to match the given JSON schema.
error: object has missing required properties ([&quot;data&quot;])
    level: &quot;error&quot;
    schema: {&quot;loadingURI&quot;:&quot;file:/C:/Users/Kiran/Unified/UnifiedAPI/target/test-classes/MasterJsonSchema%5CUser_bank.json#&quot;,&quot;pointer&quot;:&quot;&quot;}
    instance: {&quot;pointer&quot;:&quot;&quot;}
    domain: &quot;validation&quot;
    keyword: &quot;required&quot;
    required: [&quot;data&quot;,&quot;message&quot;,&quot;status&quot;]
    missing: [&quot;data&quot;]

  Actual: {&quot;path&quot;:&quot;/api/v1/users/bank-accounts&quot;,&quot;error&quot;:&quot;Unauthorized&quot;,&quot;message&quot;:&quot;Full authentication is required to access this resource&quot;,&quot;status&quot;:401}

	at org.codehaus.groovy.runtime.callsite.ConstructorSite$ConstructorSiteNoUnwrapNoCoerce.callConstructor(ConstructorSite.java:108)
	at org.codehaus.groovy.runtime.callsite.AbstractCallSite.callConstructor(AbstractCallSite.java:277)
	at io.restassured.internal.ResponseSpecificationImpl$HamcrestAssertionClosure.validate(ResponseSpecificationImpl.groovy:512)
	at io.restassured.internal.ResponseSpecificationImpl$HamcrestAssertionClosure$validate$1.call(Unknown Source)
	at io.restassured.internal.ResponseSpecificationImpl.validateResponseIfRequired(ResponseSpecificationImpl.groovy:696)
	at io.restassured.internal.ResponseSpecificationImpl.this$2$validateResponseIfRequired(ResponseSpecificationImpl.groovy)
	at org.codehaus.groovy.runtime.callsite.PlainObjectMetaMethodSite.doInvoke(PlainObjectMetaMethodSite.java:43)
	at org.codehaus.groovy.runtime.callsite.PogoMetaMethodSite$PogoCachedMethodSiteNoUnwrapNoCoerce.invoke(PogoMetaMethodSite.java:198)
	at org.codehaus.groovy.runtime.callsite.PogoMetaMethodSite.callCurrent(PogoMetaMethodSite.java:62)
	at org.codehaus.groovy.runtime.callsite.AbstractCallSite.callCurrent(AbstractCallSite.java:185)
	at io.restassured.internal.ResponseSpecificationImpl.body(ResponseSpecificationImpl.groovy:107)
	at io.restassured.internal.ValidatableResponseOptionsImpl.body(ValidatableResponseOptionsImpl.java:238)
	at Master.UserBankAccount.getUserBank(UserBankAccount.java:28)
	at java.base/java.util.ArrayList.forEach(ArrayList.java:1511)
... Removed 31 stack frames</div></td></tr></table><p class="totop"><a href="#summary">back to summary</a></p>
<h3 id="m81">Master.UserCompany#getUserCompany</h3><table class="result"><tr><th>Exception</th></tr><tr><td><div class="stacktrace">java.lang.AssertionError: 1 expectation failed.
Response body doesn&apos;t match expectation.
Expected: The content to match the given JSON schema.
error: object has missing required properties ([&quot;data&quot;])
    level: &quot;error&quot;
    schema: {&quot;loadingURI&quot;:&quot;file:/C:/Users/Kiran/Unified/UnifiedAPI/target/test-classes/MasterJsonSchema%5CUser_company.json#&quot;,&quot;pointer&quot;:&quot;&quot;}
    instance: {&quot;pointer&quot;:&quot;&quot;}
    domain: &quot;validation&quot;
    keyword: &quot;required&quot;
    required: [&quot;data&quot;,&quot;message&quot;,&quot;status&quot;]
    missing: [&quot;data&quot;]

  Actual: {&quot;path&quot;:&quot;/api/v1/users/company&quot;,&quot;error&quot;:&quot;Unauthorized&quot;,&quot;message&quot;:&quot;Full authentication is required to access this resource&quot;,&quot;status&quot;:401}

	at org.codehaus.groovy.runtime.callsite.ConstructorSite$ConstructorSiteNoUnwrapNoCoerce.callConstructor(ConstructorSite.java:108)
	at org.codehaus.groovy.runtime.callsite.AbstractCallSite.callConstructor(AbstractCallSite.java:277)
	at io.restassured.internal.ResponseSpecificationImpl$HamcrestAssertionClosure.validate(ResponseSpecificationImpl.groovy:512)
	at io.restassured.internal.ResponseSpecificationImpl$HamcrestAssertionClosure$validate$1.call(Unknown Source)
	at io.restassured.internal.ResponseSpecificationImpl.validateResponseIfRequired(ResponseSpecificationImpl.groovy:696)
	at io.restassured.internal.ResponseSpecificationImpl.this$2$validateResponseIfRequired(ResponseSpecificationImpl.groovy)
	at org.codehaus.groovy.runtime.callsite.PlainObjectMetaMethodSite.doInvoke(PlainObjectMetaMethodSite.java:43)
	at org.codehaus.groovy.runtime.callsite.PogoMetaMethodSite$PogoCachedMethodSiteNoUnwrapNoCoerce.invoke(PogoMetaMethodSite.java:198)
	at org.codehaus.groovy.runtime.callsite.PogoMetaMethodSite.callCurrent(PogoMetaMethodSite.java:62)
	at org.codehaus.groovy.runtime.callsite.AbstractCallSite.callCurrent(AbstractCallSite.java:185)
	at io.restassured.internal.ResponseSpecificationImpl.body(ResponseSpecificationImpl.groovy:107)
	at io.restassured.internal.ValidatableResponseOptionsImpl.body(ValidatableResponseOptionsImpl.java:238)
	at Master.UserCompany.getUserCompany(UserCompany.java:28)
	at java.base/java.util.ArrayList.forEach(ArrayList.java:1511)
... Removed 31 stack frames</div></td></tr></table><p class="totop"><a href="#summary">back to summary</a></p>
<h3 id="m82">Master.UserFarm#getUser_farm</h3><table class="result"><tr><th>Exception</th></tr><tr><td><div class="stacktrace">java.lang.AssertionError: 1 expectation failed.
Response body doesn&apos;t match expectation.
Expected: The content to match the given JSON schema.
error: object has missing required properties ([&quot;data&quot;])
    level: &quot;error&quot;
    schema: {&quot;loadingURI&quot;:&quot;file:/C:/Users/Kiran/Unified/UnifiedAPI/target/test-classes/MasterJsonSchema%5CUser_farm.json#&quot;,&quot;pointer&quot;:&quot;&quot;}
    instance: {&quot;pointer&quot;:&quot;&quot;}
    domain: &quot;validation&quot;
    keyword: &quot;required&quot;
    required: [&quot;data&quot;,&quot;message&quot;,&quot;status&quot;]
    missing: [&quot;data&quot;]

  Actual: {&quot;path&quot;:&quot;/api/v1/users/farms&quot;,&quot;error&quot;:&quot;Unauthorized&quot;,&quot;message&quot;:&quot;Full authentication is required to access this resource&quot;,&quot;status&quot;:401}

	at org.codehaus.groovy.runtime.callsite.ConstructorSite$ConstructorSiteNoUnwrapNoCoerce.callConstructor(ConstructorSite.java:108)
	at org.codehaus.groovy.runtime.callsite.AbstractCallSite.callConstructor(AbstractCallSite.java:277)
	at io.restassured.internal.ResponseSpecificationImpl$HamcrestAssertionClosure.validate(ResponseSpecificationImpl.groovy:512)
	at io.restassured.internal.ResponseSpecificationImpl$HamcrestAssertionClosure$validate$1.call(Unknown Source)
	at io.restassured.internal.ResponseSpecificationImpl.validateResponseIfRequired(ResponseSpecificationImpl.groovy:696)
	at io.restassured.internal.ResponseSpecificationImpl.this$2$validateResponseIfRequired(ResponseSpecificationImpl.groovy)
	at org.codehaus.groovy.runtime.callsite.PlainObjectMetaMethodSite.doInvoke(PlainObjectMetaMethodSite.java:43)
	at org.codehaus.groovy.runtime.callsite.PogoMetaMethodSite$PogoCachedMethodSiteNoUnwrapNoCoerce.invoke(PogoMetaMethodSite.java:198)
	at org.codehaus.groovy.runtime.callsite.PogoMetaMethodSite.callCurrent(PogoMetaMethodSite.java:62)
	at org.codehaus.groovy.runtime.callsite.AbstractCallSite.callCurrent(AbstractCallSite.java:185)
	at io.restassured.internal.ResponseSpecificationImpl.body(ResponseSpecificationImpl.groovy:107)
	at io.restassured.internal.ValidatableResponseOptionsImpl.body(ValidatableResponseOptionsImpl.java:238)
	at Master.UserFarm.getUser_farm(UserFarm.java:28)
	at java.base/java.util.ArrayList.forEach(ArrayList.java:1511)
... Removed 31 stack frames</div></td></tr></table><p class="totop"><a href="#summary">back to summary</a></p>
<h3 id="m83">Master.Warehouses#getWarehouse</h3><table class="result"><tr><th>Exception</th></tr><tr><td><div class="stacktrace">java.lang.AssertionError: 1 expectation failed.
Response body doesn&apos;t match expectation.
Expected: The content to match the given JSON schema.
error: object has missing required properties ([&quot;data&quot;])
    level: &quot;error&quot;
    schema: {&quot;loadingURI&quot;:&quot;file:/C:/Users/Kiran/Unified/UnifiedAPI/target/test-classes/MasterJsonSchema%5CWarehouse.json#&quot;,&quot;pointer&quot;:&quot;&quot;}
    instance: {&quot;pointer&quot;:&quot;&quot;}
    domain: &quot;validation&quot;
    keyword: &quot;required&quot;
    required: [&quot;data&quot;,&quot;message&quot;,&quot;status&quot;]
    missing: [&quot;data&quot;]

  Actual: {&quot;path&quot;:&quot;/api/v1/warehouses/autocomplete&quot;,&quot;error&quot;:&quot;Unauthorized&quot;,&quot;message&quot;:&quot;Full authentication is required to access this resource&quot;,&quot;status&quot;:401}

	at org.codehaus.groovy.runtime.callsite.ConstructorSite$ConstructorSiteNoUnwrapNoCoerce.callConstructor(ConstructorSite.java:108)
	at org.codehaus.groovy.runtime.callsite.AbstractCallSite.callConstructor(AbstractCallSite.java:277)
	at io.restassured.internal.ResponseSpecificationImpl$HamcrestAssertionClosure.validate(ResponseSpecificationImpl.groovy:512)
	at io.restassured.internal.ResponseSpecificationImpl$HamcrestAssertionClosure$validate$1.call(Unknown Source)
	at io.restassured.internal.ResponseSpecificationImpl.validateResponseIfRequired(ResponseSpecificationImpl.groovy:696)
	at io.restassured.internal.ResponseSpecificationImpl.this$2$validateResponseIfRequired(ResponseSpecificationImpl.groovy)
	at org.codehaus.groovy.runtime.callsite.PlainObjectMetaMethodSite.doInvoke(PlainObjectMetaMethodSite.java:43)
	at org.codehaus.groovy.runtime.callsite.PogoMetaMethodSite$PogoCachedMethodSiteNoUnwrapNoCoerce.invoke(PogoMetaMethodSite.java:198)
	at org.codehaus.groovy.runtime.callsite.PogoMetaMethodSite.callCurrent(PogoMetaMethodSite.java:62)
	at org.codehaus.groovy.runtime.callsite.AbstractCallSite.callCurrent(AbstractCallSite.java:185)
	at io.restassured.internal.ResponseSpecificationImpl.body(ResponseSpecificationImpl.groovy:107)
	at io.restassured.internal.ValidatableResponseOptionsImpl.body(ValidatableResponseOptionsImpl.java:238)
	at Master.Warehouses.getWarehouse(Warehouses.java:28)
	at java.base/java.util.ArrayList.forEach(ArrayList.java:1511)
... Removed 31 stack frames</div></td></tr></table><p class="totop"><a href="#summary">back to summary</a></p>
<h3 id="m84">Auth.ValidateOtp#postValOtp</h3><table class="result"><tr class="param"><th>Parameter #1</th><th>Parameter #2</th></tr><tr class="param stripe"><td>9765628901</td><td>455689</td></tr></table><p class="totop"><a href="#summary">back to summary</a></p>
</body>
</html>
